Log file open, 04/25/16 18:46:47
LogInit:Display: Running engine for game: TwinStickShooter
LogPlatformFile: Not using cached read wrapper
LogInit:Display: RandInit(1634424000) SRandInit(1634424004).
LogTaskGraph: Started task graph with 4 named threads and 5 total threads.
LogStats: Stats thread started at 0.292760
LogInit:Warning: Incompatible or missing module: UE4Editor-TwinStickShooter.dll
Running D:/Program Files/Epic Games/4.11/Engine/Binaries/DotNET/UnrealBuildTool.exe TwinStickShooter Development Win64 -project="D:/Unreal Project/TwinStickShooter 4.11/TwinStickShooter.uproject" -editorrecompile -progress -noubtmakefiles -NoHotReloadFromIDE -2015
@progress push 5%
Parsing headers for TwinStickShooterEditor
  Running UnrealHeaderTool "D:\Unreal Project\TwinStickShooter 4.11\TwinStickShooter.uproject" "D:\Unreal Project\TwinStickShooter 4.11\Intermediate\Build\Win64\TwinStickShooterEditor\Development\UnrealHeaderTool.manifest" -LogCmds="loginit warning, logexit warning, logdatabase error" -Unattended -WarningsAsErrors -installed
Reflection code generated for TwinStickShooterEditor in 5.5401822 seconds
@progress pop
Performing 8 actions (2 in parallel)
[2/8] Resource PCLaunch.rc
PCH.TwinStickShooter.h.cpp
[3/8] Resource ModuleVersionResource.rc.inl
BaseCharacter.cpp
TwinStickShooter.generated.cpp
TwinStickMode.cpp
TwinStickShooter.cpp
[8/8] Link UE4Editor-TwinStickShooter.dll
   Creating library D:\Unreal Project\TwinStickShooter 4.11\Intermediate\Build\Win64\UE4Editor\Development\UE4Editor-TwinStickShooter.lib and object D:\Unreal Project\TwinStickShooter 4.11\Intermediate\Build\Win64\UE4Editor\Development\UE4Editor-TwinStickShooter.exp
-------- End Detailed Actions Stats -----------------------------------------------------------
Total build time: 54.91 seconds
LogInit: Version: 4.11.2-2946394+++UE4+Release-4.11
LogInit: API Version: 2927265
LogInit: Compiled (64-bit): Apr 18 2016 02:18:46
LogInit: Compiled with Visual C++: 19.00.23026.00
LogInit: Build Configuration: Development
LogInit: Branch Name: ++UE4+Release-4.11
LogInit: Command line:  
LogInit: Base directory: D:/Program Files/Epic Games/4.11/Engine/Binaries/Win64/
LogInit: Installed Engine Build: 1
LogInit: Using libcurl 7.41.0
LogInit:  - built for x86_64-pc-win32
LogInit:  - supports SSL with WinSSL
LogInit:  - other features:
LogInit:      CURL_VERSION_SSL
LogInit:      CURL_VERSION_IPV6
LogInit:      CURL_VERSION_ASYNCHDNS
LogInit:      CURL_VERSION_LARGEFILE
LogInit:      CURL_VERSION_IDN
LogInit:  CurlRequestOptions (configurable via config and command line):
LogInit:  - bVerifyPeer = true  - Libcurl will verify peer certificate
LogInit:  - bUseHttpProxy = false  - Libcurl will NOT use HTTP proxy
LogInit:  - bDontReuseConnections = false  - Libcurl will reuse connections
LogInit:  - CertBundlePath = nullptr  - Libcurl will use whatever was configured at build time.
LogInit: Presizing for max 16777216 objects, including 0 objects not considered by GC, pre-allocating 0 bytes for permanent pool.
LogInit: Object subsystem initialized
[2016.04.25-10.47.49:870][  0]LogInit: Selected Device Profile: [Windows]
[2016.04.25-10.47.49:881][  0]LogInit: Applying CVar settings loaded from the selected device profile: [Windows]
[2016.04.25-10.47.50:144][  0]LogInit: Computer: WANGBIN4
[2016.04.25-10.47.50:144][  0]LogInit: User: wangbin4
[2016.04.25-10.47.50:144][  0]LogInit: CPU Page size=65536, Cores=2
[2016.04.25-10.47.50:144][  0]LogInit: High frequency timer resolution =3.215354 MHz
[2016.04.25-10.47.50:160][  0]LogMemory: Memory total: Physical=16.0GB (16GB approx)
[2016.04.25-10.47.50:160][  0]LogMemory: Platform Memory Stats for Windows
[2016.04.25-10.47.50:160][  0]LogMemory: Process Physical Memory: 325.66 MB used, 325.66 MB peak
[2016.04.25-10.47.50:160][  0]LogMemory: Process Virtual Memory: 319.98 MB used, 319.98 MB peak
[2016.04.25-10.47.50:160][  0]LogMemory: Physical Memory: 7131.52 MB used, 16341.05 MB total
[2016.04.25-10.47.50:160][  0]LogMemory: Virtual Memory: 773.04 MB used, 134217728.00 MB total
[2016.04.25-10.47.51:630][  0]LogD3D11RHI: D3D11 adapters:
[2016.04.25-10.47.51:664][  0]LogD3D11RHI:    0. 'NVIDIA GeForce GT 630' (Feature Level 11_0)
[2016.04.25-10.47.51:665][  0]LogD3D11RHI:       462MB of dedicated video memory, 0MB of dedicated system memory, and 3583MB of shared system memory, 2 output[s]
[2016.04.25-10.47.51:667][  0]LogD3D11RHI:    1. 'Microsoft Basic Render Driver' (Feature Level 11_0)
[2016.04.25-10.47.51:667][  0]LogD3D11RHI:       0MB of dedicated video memory, 0MB of dedicated system memory, and 8170MB of shared system memory, 0 output[s]
[2016.04.25-10.47.51:667][  0]LogD3D11RHI: Chosen D3D11 Adapter: 0
[2016.04.25-10.47.51:728][  0]LogD3D11RHI: Creating new Direct3DDevice
[2016.04.25-10.47.51:734][  0]LogD3D11RHI:     Adapter Name: NVIDIA GeForce GT 630
[2016.04.25-10.47.51:734][  0]LogD3D11RHI:   Driver Version: 10.18.13.5382 (internal 10.18.13.5382)
[2016.04.25-10.47.51:734][  0]LogD3D11RHI:      Driver Date: 8-7-2015
[2016.04.25-10.47.51:735][  0]LogRHI: Texture pool is 323 MB (70% of 462 MB)
[2016.04.25-10.47.51:750][  0]LogD3D11RHI: Async texture creation enabled
[2016.04.25-10.47.52:163][  0]LogShaderCompilers: Guid format shader working directory is -7 characters bigger than the processId version (../../../../../../Unreal Project/TwinStickShooter 4.11/Intermediate/Shaders/WorkingDirectory/178788/).
[2016.04.25-10.47.52:163][  0]LogShaderCompilers: Cleaned the shader compiler working directory 'C:/Users/wangbin4/AppData/Local/Temp/UnrealShaderWorkingDir/3F4C99C143C5B64DF6CAFC9B0EFBFA77/'.
[2016.04.25-10.47.52:163][  0]LogShaderCompilers:Display: Using Local Shader Compiler.
[2016.04.25-10.47.54:788][  0]LogTemp:Display: Loaded TP AllDesktopTargetPlatform
[2016.04.25-10.47.54:794][  0]LogTemp:Display: Loaded TP WindowsClientTargetPlatform
[2016.04.25-10.47.54:800][  0]LogTemp:Display: Loaded TP WindowsNoEditorTargetPlatform
[2016.04.25-10.47.54:808][  0]LogTemp:Display: Loaded TP WindowsServerTargetPlatform
[2016.04.25-10.47.54:815][  0]LogTemp:Display: Loaded TP WindowsTargetPlatform
[2016.04.25-10.47.54:820][  0]LogTemp:Display: Loaded TP AndroidTargetPlatform
[2016.04.25-10.47.54:826][  0]LogTemp:Display: Loaded TP Android_ASTCTargetPlatform
[2016.04.25-10.47.54:831][  0]LogTemp:Display: Loaded TP Android_ATCTargetPlatform
[2016.04.25-10.47.54:835][  0]LogTemp:Display: Loaded TP Android_DXTTargetPlatform
[2016.04.25-10.47.54:842][  0]LogTemp:Display: Loaded TP Android_ETC1TargetPlatform
[2016.04.25-10.47.54:847][  0]LogTemp:Display: Loaded TP Android_ETC2TargetPlatform
[2016.04.25-10.47.54:857][  0]LogTemp:Display: Loaded TP Android_MultiTargetPlatform
[2016.04.25-10.47.54:857][  0]LogTemp:Display: Loaded TP Android_PVRTCTargetPlatform
[2016.04.25-10.47.54:859][  0]LogTemp:Display: Loaded TP HTML5TargetPlatform
[2016.04.25-10.47.54:928][  0]LogTemp:Display: Loaded TP IOSTargetPlatform
[2016.04.25-10.47.54:931][  0]LogTemp:Display: Loaded TP TVOSTargetPlatform
[2016.04.25-10.47.54:936][  0]LogTemp:Display: Loaded TP LinuxNoEditorTargetPlatform
[2016.04.25-10.47.54:940][  0]LogTemp:Display: Loaded TP LinuxServerTargetPlatform
[2016.04.25-10.47.54:953][  0]LogTemp:Display: Loaded TP LinuxTargetPlatform
[2016.04.25-10.47.54:953][  0]LogTargetPlatformManager:Display: Building Assets For Windows
[2016.04.25-10.47.55:510][  0]LogDerivedDataCache:Display: Max Cache Size: 512 MB
[2016.04.25-10.47.55:863][  0]LogDerivedDataCache: Loaded boot cache 0.35s 48MB C:/Users/wangbin4/AppData/Local/UnrealEngine/4.11/DerivedDataCache/Boot.ddc.
[2016.04.25-10.47.55:863][  0]LogDerivedDataCache:Display: Loaded Boot cache: C:/Users/wangbin4/AppData/Local/UnrealEngine/4.11/DerivedDataCache/Boot.ddc
[2016.04.25-10.47.55:863][  0]LogDerivedDataCache: FDerivedDataBackendGraph:  Pak pak cache file ../../../../../../Unreal Project/TwinStickShooter 4.11/DerivedDataCache/DDC.ddp not found, will not use a pak cache.
[2016.04.25-10.47.55:863][  0]LogDerivedDataCache: Unable to find inner node Pak for hierarchical cache Hierarchy.
[2016.04.25-10.47.55:863][  0]LogDerivedDataCache: FDerivedDataBackendGraph:  CompressedPak pak cache file ../../../../../../Unreal Project/TwinStickShooter 4.11/DerivedDataCache/Compressed.ddp not found, will not use a pak cache.
[2016.04.25-10.47.55:863][  0]LogDerivedDataCache: Unable to find inner node CompressedPak for hierarchical cache Hierarchy.
[2016.04.25-10.47.55:951][  0]LogDerivedDataCache:Display: Pak cache opened for reading ../../../Engine/DerivedDataCache/Compressed.ddp.
[2016.04.25-10.47.55:964][  0]LogDerivedDataCache: Using Local data cache path C:/Users/wangbin4/AppData/Local/UnrealEngine/Common/DerivedDataCache: Writable
[2016.04.25-10.48.00:936][  0]LogInit: Selected Device Profile: [Windows]
[2016.04.25-10.48.00:989][  0]LogContentStreaming: Texture pool size is 0.00 MB
[2016.04.25-10.48.01:886][  0]LogMaterial: Uniform references updated for custom material expression Custom.
[2016.04.25-10.48.02:865][  0]LogMeshUtilities: No automatic mesh reduction module available
[2016.04.25-10.48.02:865][  0]LogMeshUtilities: No automatic mesh merging module available
[2016.04.25-10.48.02:865][  0]LogMeshUtilities: No distributed automatic mesh merging module available
[2016.04.25-10.48.05:636][  0]LogUObjectArray: 27679 objects as part of root set at end of initial load.
[2016.04.25-10.48.05:636][  0]LogUObjectAllocator: 5591592 out of 0 bytes used by permanent object pool.
[2016.04.25-10.48.05:636][  0]LogUObjectArray: CloseDisregardForGC: 0/0 objects in disregard for GC pool
[2016.04.25-10.48.05:664][  0]LogInit: WinSock: version 1.1 (2.2), MaxSocks=32767, MaxUdp=65467
[2016.04.25-10.48.07:740][  0]LogSlate: SlateFontCache - WITH_FREETYPE: 1, WITH_HARFBUZZ: 1
[2016.04.25-10.48.07:742][  0]LogSlate: SlateFontCache - WITH_FREETYPE: 1, WITH_HARFBUZZ: 1
[2016.04.25-10.48.10:810][  0]LogStreaming:Warning: Failed to read file '../../../Engine/Content/Editor/Slate/Common/Selection_16x.png' error.
[2016.04.25-10.48.10:810][  0]LogSlate: Could not find file for Slate resource: ../../../Engine/Content/Editor/Slate/Common/Selection_16x.png
[2016.04.25-10.48.10:810][  0]LogStreaming:Warning: Failed to read file '../../../Engine/Content/Editor/Slate/Common/Selection_16x.png' error.
[2016.04.25-10.48.10:810][  0]LogSlate: Could not find file for Slate resource: ../../../Engine/Content/Editor/Slate/Common/Selection_16x.png
[2016.04.25-10.48.10:810][  0]LogStreaming:Warning: Failed to read file '../../../Engine/Content/Editor/Slate/Common/Selection_16x.png' error.
[2016.04.25-10.48.10:810][  0]LogSlate: Could not find file for Slate resource: ../../../Engine/Content/Editor/Slate/Common/Selection_16x.png
[2016.04.25-10.48.24:628][  0]LogUdpMessaging: Initializing bridge on interface 0.0.0.0:0 to multicast group 230.0.0.1:6666.
[2016.04.25-10.48.24:642][  0]FUdpSocketBuilder: Failed to bind UdpMessageMulticastSocket to 0.0.0.0:6666
[2016.04.25-10.48.24:642][  0]FUdpSocketBuilder: Failed to configure multicast for UdpMessageMulticastSocket (loopback: 1, ttl: 1)
[2016.04.25-10.48.24:642][  0]FUdpSocketBuilder: Failed to create and initialize socket UdpMessageMulticastSocket (last error: 0)
[2016.04.25-10.48.24:642][  0]LogUdpMessaging:Warning: StartTransport failed to create multicast socket on 0.0.0.0:0, joined to 230.0.0.1:6666 with TTL 1
[2016.04.25-10.48.25:163][  0]LogAssetRegistry: FAssetRegistry took 0.0240 seconds to start up
[2016.04.25-10.48.29:849][  0]SourceControl: Info Source control is disabled
[2016.04.25-10.48.29:872][  0]SourceControl: Info Source control is disabled
[2016.04.25-10.48.29:926][  0]SourceControl: Info Source control is disabled
[2016.04.25-10.48.29:995][  0]SourceControl: Info Source control is disabled
[2016.04.25-10.48.30:790][  0]LogHMD: Failed to initialize OpenVR with code 110
[2016.04.25-10.48.31:545][  0]LogEngine: Initializing Engine...
[2016.04.25-10.48.32:662][  0]LogAIModule: Creating AISystem for world NewWorld
[2016.04.25-10.48.32:916][  0]LogInit: XAudio2 using 'Speakers / Headphones (Realtek High Definition Audio)' : 2 channels at 48 kHz using 32 bits per sample (channel mask 0x3)
[2016.04.25-10.48.33:038][  0]LogInit: FAudioDevice initialized.
[2016.04.25-10.48.33:066][  0]LogDerivedDataCache: Saved boot cache 0.03s 48MB C:/Users/wangbin4/AppData/Local/UnrealEngine/4.11/DerivedDataCache/Boot.ddc.
[2016.04.25-10.48.33:074][  0]LogInit: Texture streaming: Enabled
[2016.04.25-10.48.33:509][  0]LogInit: Transaction tracking system initialized
[2016.04.25-10.48.33:961][  0]BlueprintLog: New page: Editor Load
[2016.04.25-10.48.35:363][  0]LocalizationService: Info Localization service is disabled
[2016.04.25-10.48.36:056][  0]LogLinker:Warning: Can't find file '/Game/ThirdPersonBP/ThirdPersonOverview'
[2016.04.25-10.48.36:067][  0]LogLinker:Warning: Can't find file '/Game/ThirdPersonBP/ThirdPersonOverview'
[2016.04.25-10.48.36:067][  0]LogUObjectGlobals:Warning: Failed to find object 'Class /Game/ThirdPersonBP/ThirdPersonOverview.ThirdPersonOverview_C'
[2016.04.25-10.48.36:336][  0]LogConsoleResponse:Display: 
[2016.04.25-10.48.38:127][  0]LogFileCache: Scanning file cache for directory 'D:/Unreal Project/TwinStickShooter 4.11/Content/' took 0.04s
[2016.04.25-10.48.38:127][  0]LogCook:Display: Max memory allowance for cook 8192mb
[2016.04.25-10.48.38:135][  0]LogCook:Display: Mobile HDR setting 1
[2016.04.25-10.48.38:135][  0]LogCook:Display: Done creating registry. It took  0.00s.
[2016.04.25-10.48.38:687][  0]SourceControl: Info Source control is disabled
[2016.04.25-10.48.38:726][  0]Cmd: MAP LOAD FILE="../../../../../../Unreal Project/TwinStickShooter 4.11/Content/NewMap.umap" TEMPLATE=0 SHOWPROGRESS=1 FEATURELEVEL=3
[2016.04.25-10.48.38:793][  0]LightingResults: New page: Lighting Build
[2016.04.25-10.48.39:089][  0]MapCheck: New page: Map Check
[2016.04.25-10.48.39:089][  0]LightingResults: New page: Lighting Build
[2016.04.25-10.48.41:174][  0]LogAIModule: Creating AISystem for world NewMap
[2016.04.25-10.48.41:864][  0]LogEditorServer: Finished looking for orphan Actors (0.006 secs)
[2016.04.25-10.48.41:971][  0]Cmd: MAP CHECKDEP NOCLEARLOG
[2016.04.25-10.48.42:079][  0]MapCheck:Warning: Warning MaterialInstanceDynamic_54 MaterialInstanceDynamic /Game/NewMap.NewMap:PersistentLevel.EnemyCharacter_C_0.CharacterMesh0.MaterialInstanceDynamic_54 : Externally referenced 
[2016.04.25-10.48.42:079][  0]MapCheck:Warning: Warning CharacterMesh0 SkeletalMeshComponent /Game/NewMap.NewMap:PersistentLevel.EnemyCharacter_C_0.CharacterMesh0 : Externally referenced 
[2016.04.25-10.48.42:079][  0]MapCheck:Warning: Warning ModelComponent_4 ModelComponent /Game/NewMap.NewMap:PersistentLevel.ModelComponent_4 : Externally referenced 
[2016.04.25-10.48.42:079][  0]MapCheck:Warning: Warning ModelComponent_5 ModelComponent /Game/NewMap.NewMap:PersistentLevel.ModelComponent_5 : Externally referenced 
[2016.04.25-10.48.42:079][  0]MapCheck:Warning: Warning ModelComponent_6 ModelComponent /Game/NewMap.NewMap:PersistentLevel.ModelComponent_6 : Externally referenced 
[2016.04.25-10.48.42:079][  0]MapCheck:Warning: Warning ModelComponent_7 ModelComponent /Game/NewMap.NewMap:PersistentLevel.ModelComponent_7 : Externally referenced 
[2016.04.25-10.48.42:079][  0]MapCheck:Warning: Warning Model_14 Model /Game/NewMap.NewMap:PersistentLevel.Model_14 : Externally referenced 
[2016.04.25-10.48.42:079][  0]MapCheck:Warning: Warning Polys_42 Polys /Game/NewMap.NewMap:PersistentLevel.Box画刷2.Model_16.Polys_42 : Externally referenced 
[2016.04.25-10.48.42:079][  0]MapCheck:Warning: Warning Polys_122 Polys /Game/NewMap.NewMap:PersistentLevel.Box画刷3.Model_16.Polys_122 : Externally referenced 
[2016.04.25-10.48.42:079][  0]MapCheck:Warning: Warning Polys_195 Polys /Game/NewMap.NewMap:PersistentLevel.Box画刷4.Model_16.Polys_195 : Externally referenced 
[2016.04.25-10.48.42:080][  0]MapCheck:Warning: Warning Polys_261 Polys /Game/NewMap.NewMap:PersistentLevel.Box画刷5.Model_16.Polys_261 : Externally referenced 
[2016.04.25-10.48.42:080][  0]MapCheck:Warning: Warning ModelComponent_5 ModelComponent /Game/NewMap.NewMap:PersistentLevel.ModelComponent_5 : Externally referenced 
[2016.04.25-10.48.42:080][  0]MapCheck:Warning: Warning ModelComponent_6 ModelComponent /Game/NewMap.NewMap:PersistentLevel.ModelComponent_6 : Externally referenced 
[2016.04.25-10.48.42:080][  0]MapCheck:Warning: Warning Model_14 Model /Game/NewMap.NewMap:PersistentLevel.Model_14 : Externally referenced 
[2016.04.25-10.48.42:080][  0]MapCheck:Warning: Warning Polys_29 Polys /Game/NewMap.NewMap:PersistentLevel.Box画刷.Model_15.Polys_29 : Externally referenced 
[2016.04.25-10.48.42:080][  0]MapCheck: Info Map check complete: 0 Error(s), 15 Warning(s), took 108.889ms to complete.
[2016.04.25-10.48.42:289][  0]LogFileHelpers: Loading map 'NewMap' took 3.571
[2016.04.25-10.48.43:998][  0]LogCollectionManager: Loaded 0 collections in 0.004655 seconds
[2016.04.25-10.48.44:137][  0]LogFileCache: Scanning file cache for directory 'D:/Unreal Project/TwinStickShooter 4.11/Saved/Collections/' took 0.01s
[2016.04.25-10.48.44:137][  0]LogFileCache: Scanning file cache for directory 'D:/Unreal Project/TwinStickShooter 4.11/Content/Developers/wangbin4/Collections/' took 0.01s
[2016.04.25-10.48.44:137][  0]LogFileCache: Scanning file cache for directory 'D:/Unreal Project/TwinStickShooter 4.11/Content/Collections/' took 0.01s
[2016.04.25-10.48.44:137][  0]LogCollectionManager: Rebuilt the GUID cache for 0 collections in 0.000007 seconds
[2016.04.25-10.48.44:183][  0]LogContentBrowser: Native class hierarchy populated in 0.0451 seconds. Added 1981 classes and 345 folders.
[2016.04.25-10.48.44:309][  0]LogStats: UGameplayTagsManager::ConstructGameplayTagTree: Construct from data asset -  0.009 s
[2016.04.25-10.48.44:309][  0]LogStats: UGameplayTagsManager::ConstructGameplayTagTree: GameplayTagTreeChangedEvent.Broadcast -  0.000 s
[2016.04.25-10.48.44:316][  0]LogContentBrowser: Native class hierarchy updated for 'GameplayTags' in 0.0064 seconds. Added 12 classes and 0 folders.
[2016.04.25-10.48.44:344][  0]LogContentBrowser: Native class hierarchy updated for 'WidgetCarousel' in 0.0075 seconds. Added 0 classes and 0 folders.
[2016.04.25-10.48.44:518][  0]LogContentBrowser: Native class hierarchy updated for 'SuperSearch' in 0.0071 seconds. Added 1 classes and 2 folders.
[2016.04.25-10.48.45:820][  0]LogContentBrowser: Native class hierarchy updated for 'AddContentDialog' in 0.0064 seconds. Added 0 classes and 0 folders.
[2016.04.25-10.48.45:876][  0]LogContentBrowser: Native class hierarchy updated for 'SceneOutliner' in 0.0055 seconds. Added 1 classes and 2 folders.
[2016.04.25-10.48.46:920][  0]LogCrashTracker: Crashtracker disabled due to settings.
[2016.04.25-10.48.47:225][  0]LogUObjectGlobals:Warning: Failed to find object 'Class None.'
[2016.04.25-10.48.47:342][  0]LogContentBrowser: Native class hierarchy updated for 'HierarchicalLODOutliner' in 0.0031 seconds. Added 1 classes and 2 folders.
[2016.04.25-10.48.47:350][  0]LogLoad: Full Startup: 120.91 seconds (BP compile: 0.58 seconds)
[2016.04.25-10.48.47:357][  0]LogExternalProfiler: Found external profiler: VSPerf
[2016.04.25-10.48.47:357][  0]LogExternalProfiler: Using external profiler: VSPerf
[2016.04.25-10.48.47:790][  0]LogWindowsTextInputMethodSystem:Display: IME system now activated using TSF (搜狗拼音输入法).
[2016.04.25-10.48.47:824][  0]LogOcInput: OculusInput pre-init called
[2016.04.25-10.48.48:536][  0]LogContentStreaming: Texture pool size now 1000 MB
[2016.04.25-10.48.50:029][  0]LogRenderer: Reallocating scene render targets to support 1348x676 (Frame:2).
[2016.04.25-10.48.52:007][  4]LogAssetRegistry: Asset discovery search completed in 26.8672 seconds
[2016.04.25-10.48.52:007][  4]LogCollectionManager: Rebuilt the object cache for 0 collections in 0.000001 seconds (found 0 objects)
[2016.04.25-10.48.52:014][  4]LogCollectionManager: Fixed up redirectors for 0 collections in 0.007090 seconds (updated 0 objects)
[2016.04.25-10.50.13:314][242]LogContentBrowser: Native class hierarchy updated for 'BlueprintGraph' in 0.0087 seconds. Added 108 classes and 0 folders.
[2016.04.25-10.53.50:465][280]LogWindows:Error: Windows GetLastError: 操作成功完成。 (0)
[2016.04.25-10.53.54:091][280]LogCrashTracker: 


[2016.04.25-10.53.54:233][280]LogCrashTracker: 


[2016.04.25-10.53.54:233][280]LogWindows:Error: === Critical error: ===
Assertion failed: !bIsChangingText [File:D:\BuildFarm\buildmachine_++UE4+Release-4.11\Engine\Source\Runtime\Slate\Private\Widgets\Input\SEditableText.cpp] [Line: 504] 





[2016.04.25-10.53.54:299][280]LogExit: Executing StaticShutdownAfterError
[2016.04.25-10.53.54:861][280]LogPhysics:Warning: PHYSX: ..\..\PhysX\src\NpScene.cpp (2946) 8 : PxScene::unlockWrite() called without matching call to PxScene::lockWrite(), behaviour will be undefined.
[2016.04.25-10.53.54:861][280]LogPhysics:Warning: PHYSX: ..\..\PhysX\src\NpScene.cpp (2946) 8 : PxScene::unlockWrite() called without matching call to PxScene::lockWrite(), behaviour will be undefined.
[2016.04.25-10.53.54:861][280]LogPhysics:Warning: PHYSX: ..\..\PhysX\src\NpScene.cpp (2946) 8 : PxScene::unlockWrite() called without matching call to PxScene::lockWrite(), behaviour will be undefined.
[2016.04.25-10.53.54:861][280]LogPhysics:Warning: PHYSX: ..\..\PhysX\src\NpScene.cpp (2946) 8 : PxScene::unlockWrite() called without matching call to PxScene::lockWrite(), behaviour will be undefined.
[2016.04.25-10.53.54:870][280]LogWindows: FPlatformMisc::RequestExit(1)
[2016.04.25-10.53.54:881][280]Log file closed, 04/25/16 18:53:54
