Log file open, 04/14/16 12:45:29
LogInit:Display: Running engine for game: TwinStickShooter
LogPlatformFile: Not using cached read wrapper
LogInit:Display: RandInit(921558174) SRandInit(921558178).
LogTaskGraph: Started task graph with 4 named threads and 5 total threads.
LogStats: Stats thread started at 0.061119
LogInit: Version: 4.11.1-2934540+++UE4+Release-4.11
LogInit: API Version: 2927265
LogInit: Compiled (64-bit): Apr  6 2016 02:14:16
LogInit: Compiled with Visual C++: 19.00.23026.00
LogInit: Build Configuration: Development
LogInit: Branch Name: ++UE4+Release-4.11
LogInit: Command line: -EpicPortal 
LogInit: Base directory: D:/Program Files/Epic Games/4.11/Engine/Binaries/Win64/
LogInit: Installed Engine Build: 1
LogInit: Using libcurl 7.41.0
LogInit:  - built for x86_64-pc-win32
LogInit:  - supports SSL with WinSSL
LogInit:  - other features:
LogInit:      CURL_VERSION_SSL
LogInit:      CURL_VERSION_IPV6
LogInit:      CURL_VERSION_ASYNCHDNS
LogInit:      CURL_VERSION_LARGEFILE
LogInit:      CURL_VERSION_IDN
LogInit:  CurlRequestOptions (configurable via config and command line):
LogInit:  - bVerifyPeer = true  - Libcurl will verify peer certificate
LogInit:  - bUseHttpProxy = false  - Libcurl will NOT use HTTP proxy
LogInit:  - bDontReuseConnections = false  - Libcurl will reuse connections
LogInit:  - CertBundlePath = nullptr  - Libcurl will use whatever was configured at build time.
LogInit: Presizing for max 16777216 objects, including 0 objects not considered by GC, pre-allocating 0 bytes for permanent pool.
LogInit: Object subsystem initialized
[2016.04.14-04.45.29:714][  0]LogInit: Selected Device Profile: [Windows]
[2016.04.14-04.45.29:714][  0]LogInit: Applying CVar settings loaded from the selected device profile: [Windows]
[2016.04.14-04.45.29:726][  0]LogInit: Computer: WANGBIN4
[2016.04.14-04.45.29:726][  0]LogInit: User: wangbin4
[2016.04.14-04.45.29:726][  0]LogInit: CPU Page size=65536, Cores=2
[2016.04.14-04.45.29:726][  0]LogInit: High frequency timer resolution =3.215366 MHz
[2016.04.14-04.45.29:726][  0]LogMemory: Memory total: Physical=16.0GB (16GB approx)
[2016.04.14-04.45.29:726][  0]LogMemory: Platform Memory Stats for Windows
[2016.04.14-04.45.29:726][  0]LogMemory: Process Physical Memory: 312.46 MB used, 312.46 MB peak
[2016.04.14-04.45.29:726][  0]LogMemory: Process Virtual Memory: 315.59 MB used, 315.59 MB peak
[2016.04.14-04.45.29:726][  0]LogMemory: Physical Memory: 8145.59 MB used, 16341.05 MB total
[2016.04.14-04.45.29:726][  0]LogMemory: Virtual Memory: 647.37 MB used, 134217728.00 MB total
[2016.04.14-04.45.30:329][  0]LogD3D11RHI: D3D11 adapters:
[2016.04.14-04.45.30:375][  0]LogD3D11RHI:    0. 'NVIDIA GeForce GT 630' (Feature Level 11_0)
[2016.04.14-04.45.30:375][  0]LogD3D11RHI:       462MB of dedicated video memory, 0MB of dedicated system memory, and 3583MB of shared system memory, 2 output[s]
[2016.04.14-04.45.30:378][  0]LogD3D11RHI:    1. 'Microsoft Basic Render Driver' (Feature Level 11_0)
[2016.04.14-04.45.30:378][  0]LogD3D11RHI:       0MB of dedicated video memory, 0MB of dedicated system memory, and 8170MB of shared system memory, 0 output[s]
[2016.04.14-04.45.30:378][  0]LogD3D11RHI: Chosen D3D11 Adapter: 0
[2016.04.14-04.45.30:401][  0]LogD3D11RHI: Creating new Direct3DDevice
[2016.04.14-04.45.30:401][  0]LogD3D11RHI:     Adapter Name: NVIDIA GeForce GT 630
[2016.04.14-04.45.30:401][  0]LogD3D11RHI:   Driver Version: 10.18.13.5382 (internal 10.18.13.5382)
[2016.04.14-04.45.30:401][  0]LogD3D11RHI:      Driver Date: 8-7-2015
[2016.04.14-04.45.30:401][  0]LogRHI: Texture pool is 323 MB (70% of 462 MB)
[2016.04.14-04.45.30:418][  0]LogD3D11RHI: Async texture creation enabled
[2016.04.14-04.45.30:451][  0]LogShaderCompilers: Guid format shader working directory is -7 characters bigger than the processId version (../../../../../../Unreal Project/TwinStickShooter 4.11/Intermediate/Shaders/WorkingDirectory/141316/).
[2016.04.14-04.45.30:451][  0]LogShaderCompilers: Cleaned the shader compiler working directory 'C:/Users/wangbin4/AppData/Local/Temp/UnrealShaderWorkingDir/EDA91F0B4E8ADE945864FFBD36D930FC/'.
[2016.04.14-04.45.30:452][  0]LogShaderCompilers:Display: Using Local Shader Compiler.
[2016.04.14-04.45.31:937][  0]LogTemp:Display: Loaded TP AllDesktopTargetPlatform
[2016.04.14-04.45.31:942][  0]LogTemp:Display: Loaded TP WindowsClientTargetPlatform
[2016.04.14-04.45.31:948][  0]LogTemp:Display: Loaded TP WindowsNoEditorTargetPlatform
[2016.04.14-04.45.31:955][  0]LogTemp:Display: Loaded TP WindowsServerTargetPlatform
[2016.04.14-04.45.31:960][  0]LogTemp:Display: Loaded TP WindowsTargetPlatform
[2016.04.14-04.45.31:964][  0]LogTemp:Display: Loaded TP AndroidTargetPlatform
[2016.04.14-04.45.31:968][  0]LogTemp:Display: Loaded TP Android_ASTCTargetPlatform
[2016.04.14-04.45.31:972][  0]LogTemp:Display: Loaded TP Android_ATCTargetPlatform
[2016.04.14-04.45.31:975][  0]LogTemp:Display: Loaded TP Android_DXTTargetPlatform
[2016.04.14-04.45.31:979][  0]LogTemp:Display: Loaded TP Android_ETC1TargetPlatform
[2016.04.14-04.45.31:985][  0]LogTemp:Display: Loaded TP Android_ETC2TargetPlatform
[2016.04.14-04.45.31:993][  0]LogTemp:Display: Loaded TP Android_MultiTargetPlatform
[2016.04.14-04.45.31:993][  0]LogTemp:Display: Loaded TP Android_PVRTCTargetPlatform
[2016.04.14-04.45.31:994][  0]LogTemp:Display: Loaded TP HTML5TargetPlatform
[2016.04.14-04.45.32:011][  0]LogTemp:Display: Loaded TP IOSTargetPlatform
[2016.04.14-04.45.32:014][  0]LogTemp:Display: Loaded TP TVOSTargetPlatform
[2016.04.14-04.45.32:018][  0]LogTemp:Display: Loaded TP LinuxNoEditorTargetPlatform
[2016.04.14-04.45.32:021][  0]LogTemp:Display: Loaded TP LinuxServerTargetPlatform
[2016.04.14-04.45.32:025][  0]LogTemp:Display: Loaded TP LinuxTargetPlatform
[2016.04.14-04.45.32:025][  0]LogTargetPlatformManager:Display: Building Assets For Windows
[2016.04.14-04.45.32:130][  0]LogDerivedDataCache:Display: Max Cache Size: 512 MB
[2016.04.14-04.45.32:205][  0]LogDerivedDataCache: Loaded boot cache 0.07s 58MB C:/Users/wangbin4/AppData/Local/UnrealEngine/4.11/DerivedDataCache/Boot.ddc.
[2016.04.14-04.45.32:205][  0]LogDerivedDataCache:Display: Loaded Boot cache: C:/Users/wangbin4/AppData/Local/UnrealEngine/4.11/DerivedDataCache/Boot.ddc
[2016.04.14-04.45.32:205][  0]LogDerivedDataCache: FDerivedDataBackendGraph:  Pak pak cache file ../../../../../../Unreal Project/TwinStickShooter 4.11/DerivedDataCache/DDC.ddp not found, will not use a pak cache.
[2016.04.14-04.45.32:205][  0]LogDerivedDataCache: Unable to find inner node Pak for hierarchical cache Hierarchy.
[2016.04.14-04.45.32:205][  0]LogDerivedDataCache: FDerivedDataBackendGraph:  CompressedPak pak cache file ../../../../../../Unreal Project/TwinStickShooter 4.11/DerivedDataCache/Compressed.ddp not found, will not use a pak cache.
[2016.04.14-04.45.32:205][  0]LogDerivedDataCache: Unable to find inner node CompressedPak for hierarchical cache Hierarchy.
[2016.04.14-04.45.32:224][  0]LogDerivedDataCache:Display: Pak cache opened for reading ../../../Engine/DerivedDataCache/Compressed.ddp.
[2016.04.14-04.45.32:237][  0]LogDerivedDataCache: Using Local data cache path C:/Users/wangbin4/AppData/Local/UnrealEngine/Common/DerivedDataCache: Writable
[2016.04.14-04.45.32:495][  0]LogInit: Selected Device Profile: [Windows]
[2016.04.14-04.45.32:496][  0]LogContentStreaming: Texture pool size is 0.00 MB
[2016.04.14-04.45.32:542][  0]LogMaterial: Uniform references updated for custom material expression Custom.
[2016.04.14-04.45.32:738][  0]LogMeshUtilities: No automatic mesh reduction module available
[2016.04.14-04.45.32:738][  0]LogMeshUtilities: No automatic mesh merging module available
[2016.04.14-04.45.32:738][  0]LogMeshUtilities: No distributed automatic mesh merging module available
[2016.04.14-04.45.33:062][  0]LogUObjectArray: 27678 objects as part of root set at end of initial load.
[2016.04.14-04.45.33:062][  0]LogUObjectAllocator: 5591392 out of 0 bytes used by permanent object pool.
[2016.04.14-04.45.33:062][  0]LogUObjectArray: CloseDisregardForGC: 0/0 objects in disregard for GC pool
[2016.04.14-04.45.33:070][  0]LogInit: WinSock: version 1.1 (2.2), MaxSocks=32767, MaxUdp=65467
[2016.04.14-04.45.33:166][  0]LogSlate: SlateFontCache - WITH_FREETYPE: 1, WITH_HARFBUZZ: 1
[2016.04.14-04.45.33:167][  0]LogSlate: SlateFontCache - WITH_FREETYPE: 1, WITH_HARFBUZZ: 1
[2016.04.14-04.45.33:327][  0]LogStreaming:Warning: Failed to read file '../../../Engine/Content/Editor/Slate/Common/Selection_16x.png' error.
[2016.04.14-04.45.33:327][  0]LogSlate: Could not find file for Slate resource: ../../../Engine/Content/Editor/Slate/Common/Selection_16x.png
[2016.04.14-04.45.33:327][  0]LogStreaming:Warning: Failed to read file '../../../Engine/Content/Editor/Slate/Common/Selection_16x.png' error.
[2016.04.14-04.45.33:327][  0]LogSlate: Could not find file for Slate resource: ../../../Engine/Content/Editor/Slate/Common/Selection_16x.png
[2016.04.14-04.45.33:327][  0]LogStreaming:Warning: Failed to read file '../../../Engine/Content/Editor/Slate/Common/Selection_16x.png' error.
[2016.04.14-04.45.33:327][  0]LogSlate: Could not find file for Slate resource: ../../../Engine/Content/Editor/Slate/Common/Selection_16x.png
[2016.04.14-04.45.34:194][  0]LogUdpMessaging: Initializing bridge on interface 0.0.0.0:0 to multicast group 230.0.0.1:6666.
[2016.04.14-04.45.34:195][  0]FUdpSocketBuilder: Failed to bind UdpMessageMulticastSocket to 0.0.0.0:6666
[2016.04.14-04.45.34:195][  0]FUdpSocketBuilder: Failed to configure multicast for UdpMessageMulticastSocket (loopback: 1, ttl: 1)
[2016.04.14-04.45.34:195][  0]FUdpSocketBuilder: Failed to create and initialize socket UdpMessageMulticastSocket (last error: 0)
[2016.04.14-04.45.34:195][  0]LogUdpMessaging:Warning: StartTransport failed to create multicast socket on 0.0.0.0:0, joined to 230.0.0.1:6666 with TTL 1
[2016.04.14-04.45.34:316][  0]LogAssetRegistry: FAssetRegistry took 0.0217 seconds to start up
[2016.04.14-04.45.34:554][  0]SourceControl: Info Source control is disabled
[2016.04.14-04.45.34:576][  0]SourceControl: Info Source control is disabled
[2016.04.14-04.45.34:599][  0]SourceControl: Info Source control is disabled
[2016.04.14-04.45.34:616][  0]SourceControl: Info Source control is disabled
[2016.04.14-04.45.35:025][  0]LogEngine: Initializing Engine...
[2016.04.14-04.45.35:026][  0]LogHMD: SteamVR failed to initialize.  Err: 110
[2016.04.14-04.45.35:027][  0]LogHMD: SteamVR failed to initialize.  Err: 110
[2016.04.14-04.45.35:212][  0]LogAIModule: Creating AISystem for world NewWorld
[2016.04.14-04.45.35:218][  0]LogInit: XAudio2 using 'Speakers / Headphones (Realtek High Definition Audio)' : 2 channels at 48 kHz using 32 bits per sample (channel mask 0x3)
[2016.04.14-04.45.35:244][  0]LogInit: FAudioDevice initialized.
[2016.04.14-04.45.35:278][  0]LogDerivedDataCache: Saved boot cache 0.03s 58MB C:/Users/wangbin4/AppData/Local/UnrealEngine/4.11/DerivedDataCache/Boot.ddc.
[2016.04.14-04.45.35:291][  0]LogInit: Texture streaming: Enabled
[2016.04.14-04.45.35:359][  0]LogInit: Transaction tracking system initialized
[2016.04.14-04.45.35:392][  0]BlueprintLog: New page: Editor Load
[2016.04.14-04.45.35:480][  0]LocalizationService: Info Localization service is disabled
[2016.04.14-04.45.35:564][  0]LogLinker:Warning: Can't find file '/Game/ThirdPersonBP/ThirdPersonOverview'
[2016.04.14-04.45.35:564][  0]LogLinker:Warning: Can't find file '/Game/ThirdPersonBP/ThirdPersonOverview'
[2016.04.14-04.45.35:564][  0]LogUObjectGlobals:Warning: Failed to find object 'Class /Game/ThirdPersonBP/ThirdPersonOverview.ThirdPersonOverview_C'
[2016.04.14-04.45.35:583][  0]LogConsoleResponse:Display: 
[2016.04.14-04.45.35:765][  0]LogCook:Display: Max memory allowance for cook 8192mb
[2016.04.14-04.45.35:765][  0]LogCook:Display: Mobile HDR setting 1
[2016.04.14-04.45.35:765][  0]LogCook:Display: Done creating registry. It took  0.00s.
[2016.04.14-04.45.35:852][  0]LogFileCache: Scanning file cache for directory 'D:/Unreal Project/TwinStickShooter 4.11/Content/' took 0.02s
[2016.04.14-04.45.35:853][  0]SourceControl: Info Source control is disabled
[2016.04.14-04.45.35:853][  0]Cmd: MAP LOAD FILE="../../../../../../Unreal Project/TwinStickShooter 4.11/Content/NewMap.umap" TEMPLATE=0 SHOWPROGRESS=1 FEATURELEVEL=3
[2016.04.14-04.45.35:853][  0]LightingResults: New page: Lighting Build
[2016.04.14-04.45.35:858][  0]MapCheck: New page: Map Check
[2016.04.14-04.45.35:858][  0]LightingResults: New page: Lighting Build
[2016.04.14-04.45.36:434][  0]LogTexture:Display: Building textures: T_Perlin_Noise_M (AutoDXT)
[2016.04.14-04.45.44:987][  0]LogTexture:Display: Building textures: T_MacroVariation (AutoDXT)
[2016.04.14-04.45.54:464][  0]LogTexture:Display: Building textures: T_Ground_Gravel_N (BC5)
[2016.04.14-04.45.55:663][  0]LogTexture:Display: Building textures: T_Ground_Gravel_D (AutoDXT)
[2016.04.14-04.46.04:482][  0]LogTexture:Display: Building textures: T_Gradinet_01 (AutoDXT)
[2016.04.14-04.46.04:556][  0]LogTexture:Display: Building textures: T_CobbleStone_Rough_N (BC5)
[2016.04.14-04.46.04:874][  0]LogTexture:Display: Building textures: T_CobbleStone_Rough_D (AutoDXT)
[2016.04.14-04.46.07:500][  0]LogTexture:Display: Building textures: T_Rock_Smooth_Granite_D (AutoDXT)
[2016.04.14-04.46.16:785][  0]LogTexture:Display: Building textures: UE4_LOGO_CARD (AutoDXT)
[2016.04.14-04.46.16:880][  0]LogMaterial: Missing cached shader map for material M_UE4Man_Body, compiling. 
[2016.04.14-04.46.17:090][  0]LogMaterial: Missing cached shader map for material M_UE4Man_Body, compiling. 
[2016.04.14-04.46.17:155][  0]LogAIModule: Creating AISystem for world NewMap
[2016.04.14-04.46.17:334][  0]LogEditorServer: Finished looking for orphan Actors (0.000 secs)
[2016.04.14-04.46.17:425][  0]Cmd: MAP CHECKDEP NOCLEARLOG
[2016.04.14-04.46.17:525][  0]MapCheck:Warning: Warning MaterialInstanceDynamic_163 MaterialInstanceDynamic /Game/NewMap.NewMap:PersistentLevel.EnemyCharacter_C_0.CharacterMesh0.MaterialInstanceDynamic_163 : Externally referenced 
[2016.04.14-04.46.17:526][  0]MapCheck:Warning: Warning CharacterMesh0 SkeletalMeshComponent /Game/NewMap.NewMap:PersistentLevel.EnemyCharacter_C_0.CharacterMesh0 : Externally referenced 
[2016.04.14-04.46.17:526][  0]MapCheck:Warning: Warning ModelComponent_4 ModelComponent /Game/NewMap.NewMap:PersistentLevel.ModelComponent_4 : Externally referenced 
[2016.04.14-04.46.17:526][  0]MapCheck:Warning: Warning ModelComponent_5 ModelComponent /Game/NewMap.NewMap:PersistentLevel.ModelComponent_5 : Externally referenced 
[2016.04.14-04.46.17:526][  0]MapCheck:Warning: Warning ModelComponent_6 ModelComponent /Game/NewMap.NewMap:PersistentLevel.ModelComponent_6 : Externally referenced 
[2016.04.14-04.46.17:526][  0]MapCheck:Warning: Warning ModelComponent_7 ModelComponent /Game/NewMap.NewMap:PersistentLevel.ModelComponent_7 : Externally referenced 
[2016.04.14-04.46.17:526][  0]MapCheck:Warning: Warning Model_14 Model /Game/NewMap.NewMap:PersistentLevel.Model_14 : Externally referenced 
[2016.04.14-04.46.17:526][  0]MapCheck:Warning: Warning Polys_42 Polys /Game/NewMap.NewMap:PersistentLevel.Box画刷2.Model_16.Polys_42 : Externally referenced 
[2016.04.14-04.46.17:526][  0]MapCheck:Warning: Warning Polys_122 Polys /Game/NewMap.NewMap:PersistentLevel.Box画刷3.Model_16.Polys_122 : Externally referenced 
[2016.04.14-04.46.17:526][  0]MapCheck:Warning: Warning Polys_195 Polys /Game/NewMap.NewMap:PersistentLevel.Box画刷4.Model_16.Polys_195 : Externally referenced 
[2016.04.14-04.46.17:526][  0]MapCheck:Warning: Warning Polys_261 Polys /Game/NewMap.NewMap:PersistentLevel.Box画刷5.Model_16.Polys_261 : Externally referenced 
[2016.04.14-04.46.17:526][  0]MapCheck:Warning: Warning ModelComponent_5 ModelComponent /Game/NewMap.NewMap:PersistentLevel.ModelComponent_5 : Externally referenced 
[2016.04.14-04.46.17:526][  0]MapCheck:Warning: Warning ModelComponent_6 ModelComponent /Game/NewMap.NewMap:PersistentLevel.ModelComponent_6 : Externally referenced 
[2016.04.14-04.46.17:526][  0]MapCheck:Warning: Warning Model_14 Model /Game/NewMap.NewMap:PersistentLevel.Model_14 : Externally referenced 
[2016.04.14-04.46.17:526][  0]MapCheck:Warning: Warning Polys_29 Polys /Game/NewMap.NewMap:PersistentLevel.Box画刷.Model_15.Polys_29 : Externally referenced 
[2016.04.14-04.46.17:527][  0]MapCheck: Info Map check complete: 0 Error(s), 15 Warning(s), took 100.531ms to complete.
[2016.04.14-04.46.17:628][  0]LogFileHelpers: Loading map 'NewMap' took 41.767
[2016.04.14-04.46.18:186][  0]LogCollectionManager: Loaded 0 collections in 0.003004 seconds
[2016.04.14-04.46.18:391][  0]LogFileCache: Scanning file cache for directory 'D:/Unreal Project/TwinStickShooter 4.11/Saved/Collections/' took 0.01s
[2016.04.14-04.46.18:391][  0]LogFileCache: Scanning file cache for directory 'D:/Unreal Project/TwinStickShooter 4.11/Content/Developers/wangbin4/Collections/' took 0.01s
[2016.04.14-04.46.18:391][  0]LogFileCache: Scanning file cache for directory 'D:/Unreal Project/TwinStickShooter 4.11/Content/Collections/' took 0.01s
[2016.04.14-04.46.18:391][  0]LogCollectionManager: Rebuilt the GUID cache for 0 collections in 0.000004 seconds
[2016.04.14-04.46.18:420][  0]LogContentBrowser: Native class hierarchy populated in 0.0286 seconds. Added 1981 classes and 345 folders.
[2016.04.14-04.46.18:482][  0]LogStats: UGameplayTagsManager::ConstructGameplayTagTree: Construct from data asset -  0.000 s
[2016.04.14-04.46.18:483][  0]LogStats: UGameplayTagsManager::ConstructGameplayTagTree: GameplayTagTreeChangedEvent.Broadcast -  0.000 s
[2016.04.14-04.46.18:488][  0]LogContentBrowser: Native class hierarchy updated for 'GameplayTags' in 0.0047 seconds. Added 12 classes and 0 folders.
[2016.04.14-04.46.18:518][  0]LogContentBrowser: Native class hierarchy updated for 'WidgetCarousel' in 0.0053 seconds. Added 0 classes and 0 folders.
[2016.04.14-04.46.18:593][  0]LogContentBrowser: Native class hierarchy updated for 'SuperSearch' in 0.0047 seconds. Added 1 classes and 2 folders.
[2016.04.14-04.46.19:051][  0]LogContentBrowser: Native class hierarchy updated for 'AddContentDialog' in 0.0044 seconds. Added 0 classes and 0 folders.
[2016.04.14-04.46.19:089][  0]LogContentBrowser: Native class hierarchy updated for 'SceneOutliner' in 0.0043 seconds. Added 1 classes and 2 folders.
[2016.04.14-04.46.19:791][  0]LogCrashTracker: Crashtracker disabled due to settings.
[2016.04.14-04.46.19:898][  0]LogUObjectGlobals:Warning: Failed to find object 'Class None.'
[2016.04.14-04.46.19:947][  0]LogContentBrowser: Native class hierarchy updated for 'HierarchicalLODOutliner' in 0.0072 seconds. Added 1 classes and 2 folders.
[2016.04.14-04.46.19:947][  0]LogLoad: Full Startup: 51.35 seconds (BP compile: 0.09 seconds)
[2016.04.14-04.46.19:947][  0]LogExternalProfiler: Found external profiler: VSPerf
[2016.04.14-04.46.19:948][  0]LogExternalProfiler: Using external profiler: VSPerf
[2016.04.14-04.46.19:968][  0]LogWindowsTextInputMethodSystem:Display: IME system now activated using TSF (搜狗拼音输入法).
[2016.04.14-04.46.19:975][  0]LogOcInput: OculusInput pre-init called
[2016.04.14-04.46.20:317][  0]LogContentStreaming: Texture pool size now 1000 MB
[2016.04.14-04.46.20:607][  0]LogTexture:Display: Building textures: LevelGrid1DStripes (BGRA8)
[2016.04.14-04.46.20:782][  0]LogRenderer: Reallocating scene render targets to support 1008x548 (Frame:2).
[2016.04.14-04.46.21:590][  2]LogAssetRegistry: Asset discovery search completed in 47.2875 seconds
[2016.04.14-04.46.21:590][  2]LogCollectionManager: Rebuilt the object cache for 0 collections in 0.000001 seconds (found 0 objects)
[2016.04.14-04.46.21:590][  2]LogCollectionManager: Fixed up redirectors for 0 collections in 0.000040 seconds (updated 0 objects)
[2016.04.14-04.48.23:112][250]LogPlayLevel: PlayLevel: No blueprints needed recompiling
[2016.04.14-04.48.23:186][250]PIE: New page: PIE session: NewMap (Apr 14, 2016, 8:48:23 PM)
[2016.04.14-04.48.23:188][250]LogPlayLevel: Creating play world package: /Game/UEDPIE_0_NewMap
[2016.04.14-04.48.23:212][250]LogPlayLevel: PIE: StaticDuplicateObject took: (0.023474s)
[2016.04.14-04.48.23:212][250]LogAIModule: Creating AISystem for world NewMap
[2016.04.14-04.48.23:213][250]LogPlayLevel: PIE: World Init took: (0.000954s)
[2016.04.14-04.48.23:218][250]LogPlayLevel: PIE: Created PIE world by copying editor world from /Game/NewMap.NewMap to /Game/UEDPIE_0_NewMap.NewMap (0.029490s)
[2016.04.14-04.48.23:218][250]LogActorComponent: UnregisterComponent: (/Engine/Transient.CharMoveComp) Not registered. Aborting.
[2016.04.14-04.48.23:255][250]LogInit: XAudio2 using 'Speakers / Headphones (Realtek High Definition Audio)' : 2 channels at 48 kHz using 32 bits per sample (channel mask 0x3)
[2016.04.14-04.48.23:266][250]LogInit: FAudioDevice initialized.
[2016.04.14-04.48.23:433][250]LogWorld: Game class is 'TwinStickMode_C'
[2016.04.14-04.48.23:516][250]LogWorld: Bringing World /Game/UEDPIE_0_NewMap.NewMap up for play (max tick rate 0) at 2016.04.14-12.48.23
[2016.04.14-04.48.23:589][250]LogWorld: Bringing up level for play took: 0.075533
[2016.04.14-04.48.23:653][250]LogContentBrowser: Native class hierarchy updated for 'MovieSceneCapture' in 0.0032 seconds. Added 9 classes and 0 folders.
[2016.04.14-04.48.23:666][250]PIE: Info Play in editor start time for /Game/UEDPIE_0_NewMap -0.106
[2016.04.14-04.48.31:446][518]LogActorComponent: UnregisterComponent: (/Engine/Transient.CharMoveComp) Not registered. Aborting.
[2016.04.14-04.48.34:991][610]Cmd: OBJ SAVEPACKAGE PACKAGE="/Game/NewMap" FILE="../../../../../../Unreal Project/TwinStickShooter 4.11/Content/NewMap.umap" SILENT=true AUTOSAVING=false KEEPDIRTY=false
[2016.04.14-04.48.35:103][610]LogSavePackage: Save=74.64ms
[2016.04.14-04.48.35:104][610]LogSavePackage: Moving '../../../../../../Unreal Project/TwinStickShooter 4.11/Saved/NewMap9916323F43BBAAF544E4C3A061B7C975.tmp' to '../../../../../../Unreal Project/TwinStickShooter 4.11/Content/NewMap.umap'
[2016.04.14-04.48.35:105][610]LogSavePackage: Total save time: 82.39ms
[2016.04.14-04.48.35:105][610]LogSavePackage:Display: Finished SavePackage ../../../../../../Unreal Project/TwinStickShooter 4.11/Content/NewMap.umap
[2016.04.14-04.48.37:001][662]LogWindowsTextInputMethodSystem:Display: IME system now activated using TSF (搜狗拼音输入法).
[2016.04.14-04.48.37:428][663]Cmd: QUIT_EDITOR
[2016.04.14-04.48.37:624][663]LogExit: Preparing to exit.
[2016.04.14-04.48.38:449][663]LogExit: Editor shut down
[2016.04.14-04.48.38:450][663]LogExit: Transaction tracking system shut down
[2016.04.14-04.48.38:594][663]LogObj: Freed 0b from 0 cluster array pools.
[2016.04.14-04.48.38:594][663]LogExit: Object subsystem successfully closed.
[2016.04.14-04.48.38:608][663]LogD3D11RHI: Shutdown
[2016.04.14-04.48.38:608][663]LogD3D11RHI: CleanupD3DDevice
[2016.04.14-04.48.38:777][663]LogD3D11RHI: ~FD3D11DynamicRHI
[2016.04.14-04.48.38:834][663]LogDerivedDataCache: Shutdown
[2016.04.14-04.48.38:835][663]LogModuleManager: Shutting down and abandoning module MovieSceneCapture (205)
[2016.04.14-04.48.38:835][663]LogModuleManager: Shutting down and abandoning module HierarchicalLODOutliner (204)
[2016.04.14-04.48.38:835][663]LogModuleManager: Shutting down and abandoning module CrashTracker (203)
[2016.04.14-04.48.38:835][663]LogModuleManager: Shutting down and abandoning module SceneOutliner (202)
[2016.04.14-04.48.38:835][663]LogModuleManager: Shutting down and abandoning module SuperSearch (201)
[2016.04.14-04.48.38:835][663]LogModuleManager: Shutting down and abandoning module WidgetCarousel (200)
[2016.04.14-04.48.38:835][663]LogModuleManager: Shutting down and abandoning module AddContentDialog (199)
[2016.04.14-04.48.38:837][663]LogModuleManager: Shutting down and abandoning module GameplayTags (198)
[2016.04.14-04.48.38:837][663]LogModuleManager: Shutting down and abandoning module EditorWidgets (197)
[2016.04.14-04.48.38:837][663]LogModuleManager: Shutting down and abandoning module CollectionManager (196)
[2016.04.14-04.48.38:837][663]LogModuleManager: Shutting down and abandoning module StatsViewer (195)
[2016.04.14-04.48.38:837][663]LogModuleManager: Shutting down and abandoning module FoliageEdit (194)
[2016.04.14-04.48.38:838][663]LogModuleManager: Shutting down and abandoning module LandscapeEditor (193)
[2016.04.14-04.48.38:838][663]LogModuleManager: Shutting down and abandoning module ActorPickerMode (192)
[2016.04.14-04.48.38:838][663]LogModuleManager: Shutting down and abandoning module GeometryMode (191)
[2016.04.14-04.48.38:838][663]LogModuleManager: Shutting down and abandoning module TextureAlignMode (190)
[2016.04.14-04.48.38:838][663]LogModuleManager: Shutting down and abandoning module BspMode (189)
[2016.04.14-04.48.38:838][663]LogModuleManager: Shutting down and abandoning module PlacementMode (188)
[2016.04.14-04.48.38:838][663]LogModuleManager: Shutting down and abandoning module AutomationWorker (187)
[2016.04.14-04.48.38:838][663]LogModuleManager: Shutting down and abandoning module CharacterAI (186)
[2016.04.14-04.48.38:838][663]LogModuleManager: Shutting down and abandoning module SmartSnapping (185)
[2016.04.14-04.48.38:838][663]LogModuleManager: Shutting down and abandoning module ViewportSnapping (184)
[2016.04.14-04.48.38:838][663]LogModuleManager: Shutting down and abandoning module LogVisualizer (183)
[2016.04.14-04.48.38:838][663]LogModuleManager: Shutting down and abandoning module GameProjectGeneration (182)
[2016.04.14-04.48.38:838][663]LogModuleManager: Shutting down and abandoning module IntroTutorials (181)
[2016.04.14-04.48.38:838][663]LogModuleManager: Shutting down and abandoning module EditorLiveStreaming (180)
[2016.04.14-04.48.38:838][663]LogModuleManager: Shutting down and abandoning module IOSPlatformEditor (179)
[2016.04.14-04.48.38:838][663]LogModuleManager: Shutting down and abandoning module HTML5PlatformEditor (178)
[2016.04.14-04.48.38:838][663]LogModuleManager: Shutting down and abandoning module AndroidDeviceDetection (177)
[2016.04.14-04.48.39:675][663]LogModuleManager: Shutting down and abandoning module AndroidPlatformEditor (176)
[2016.04.14-04.48.39:675][663]LogModuleManager: Shutting down and abandoning module IOSRuntimeSettings (175)
[2016.04.14-04.48.39:675][663]LogModuleManager: Shutting down and abandoning module AndroidRuntimeSettings (174)
[2016.04.14-04.48.39:675][663]LogModuleManager: Shutting down and abandoning module MergeActors (173)
[2016.04.14-04.48.39:675][663]LogModuleManager: Shutting down and abandoning module SizeMap (172)
[2016.04.14-04.48.39:675][663]LogModuleManager: Shutting down and abandoning module TreeMap (171)
[2016.04.14-04.48.39:675][663]LogModuleManager: Shutting down and abandoning module ReferenceViewer (170)
[2016.04.14-04.48.39:675][663]LogModuleManager: Shutting down and abandoning module LocalizationService (169)
[2016.04.14-04.48.39:675][663]LogModuleManager: Shutting down and abandoning module LocalizationDashboard (168)
[2016.04.14-04.48.39:676][663]LogModuleManager: Shutting down and abandoning module HardwareTargeting (167)
[2016.04.14-04.48.39:676][663]LogModuleManager: Shutting down and abandoning module DeviceProfileEditor (166)
[2016.04.14-04.48.39:676][663]LogModuleManager: Shutting down and abandoning module UndoHistory (165)
[2016.04.14-04.48.39:676][663]LogModuleManager: Shutting down and abandoning module UserFeedback (164)
[2016.04.14-04.48.39:676][663]LogModuleManager: Shutting down and abandoning module XmlParser (163)
[2016.04.14-04.48.39:676][663]LogModuleManager: Shutting down and abandoning module Blutility (162)
[2016.04.14-04.48.39:676][663]LogModuleManager: Shutting down and abandoning module ProjectTargetPlatformEditor (161)
[2016.04.14-04.48.39:676][663]LogModuleManager: Shutting down and abandoning module ProjectSettingsViewer (160)
[2016.04.14-04.48.39:676][663]LogModuleManager: Shutting down and abandoning module InputBindingEditor (159)
[2016.04.14-04.48.39:676][663]LogModuleManager: Shutting down and abandoning module EditorSettingsViewer (158)
[2016.04.14-04.48.39:676][663]LogModuleManager: Shutting down and abandoning module SettingsEditor (157)
[2016.04.14-04.48.39:676][663]LogModuleManager: Shutting down and abandoning module ProjectLauncher (156)
[2016.04.14-04.48.39:676][663]LogModuleManager: Shutting down and abandoning module SessionFrontend (155)
[2016.04.14-04.48.39:676][663]LogModuleManager: Shutting down and abandoning module ProfilerClient (154)
[2016.04.14-04.48.39:676][663]LogModuleManager: Shutting down and abandoning module TargetDeviceServices (153)
[2016.04.14-04.48.39:676][663]LogModuleManager: Shutting down and abandoning module DeviceManager (152)
[2016.04.14-04.48.39:709][663]LogModuleManager: Shutting down and abandoning module AutomationController (151)
[2016.04.14-04.48.39:709][663]LogModuleManager: Shutting down and abandoning module AutomationWindow (150)
[2016.04.14-04.48.39:709][663]LogModuleManager: Shutting down and abandoning module Layers (149)
[2016.04.14-04.48.39:709][663]LogModuleManager: Shutting down and abandoning module ComponentVisualizers (148)
[2016.04.14-04.48.39:709][663]LogModuleManager: Shutting down and abandoning module DetailCustomizations (147)
[2016.04.14-04.48.39:709][663]LogModuleManager: Shutting down and abandoning module PackagesDialog (146)
[2016.04.14-04.48.39:709][663]LogModuleManager: Shutting down and abandoning module Persona (145)
[2016.04.14-04.48.39:709][663]LogModuleManager: Shutting down and abandoning module Kismet (144)
[2016.04.14-04.48.39:709][663]LogModuleManager: Shutting down and abandoning module GraphEditor (143)
[2016.04.14-04.48.39:709][663]LogModuleManager: Shutting down and abandoning module ClassViewer (142)
[2016.04.14-04.48.39:709][663]LogModuleManager: Shutting down and abandoning module Toolbox (141)
[2016.04.14-04.48.39:709][663]LogModuleManager: Shutting down and abandoning module ModuleUI (140)
[2016.04.14-04.48.39:709][663]LogModuleManager: Shutting down and abandoning module MovieSceneTools (139)
[2016.04.14-04.48.39:709][663]LogModuleManager: Shutting down and abandoning module OutputLog (138)
[2016.04.14-04.48.39:709][663]LogModuleManager: Shutting down and abandoning module GammaUI (137)
[2016.04.14-04.48.39:709][663]LogModuleManager: Shutting down and abandoning module Documentation (136)
[2016.04.14-04.48.39:709][663]LogModuleManager: Shutting down and abandoning module StreamingPauseRendering (135)
[2016.04.14-04.48.39:709][663]LogModuleManager: Shutting down and abandoning module AnalyticsET (134)
[2016.04.14-04.48.39:709][663]LogModuleManager: Shutting down and abandoning module Analytics (133)
[2016.04.14-04.48.39:709][663]LogModuleManager: Shutting down and abandoning module PortalServices (132)
[2016.04.14-04.48.39:709][663]LogModuleManager: Shutting down and abandoning module PortalRpc (131)
[2016.04.14-04.48.39:709][663]LogModuleManager: Shutting down and abandoning module MessagingRpc (130)
[2016.04.14-04.48.39:709][663]LogModuleManager: Shutting down and abandoning module AITestSuite (129)
[2016.04.14-04.48.39:709][663]LogModuleManager: Shutting down and abandoning module GameplayDebugger (128)
[2016.04.14-04.48.39:709][663]LogModuleManager: Shutting down and abandoning module AIModule (127)
[2016.04.14-04.48.39:709][663]LogModuleManager: Shutting down and abandoning module ProfilerService (126)
[2016.04.14-04.48.39:958][663]LogModuleManager: Shutting down and abandoning module TaskGraph (125)
[2016.04.14-04.48.39:958][663]LogModuleManager: Shutting down and abandoning module SlateRemote (124)
[2016.04.14-04.48.39:958][663]LogModuleManager: Shutting down and abandoning module SteamVRController (123)
[2016.04.14-04.48.39:958][663]LogModuleManager: Shutting down and abandoning module SteamVR (122)
[2016.04.14-04.48.39:958][663]LogModuleManager: Shutting down and abandoning module ProceduralMeshComponent (121)
[2016.04.14-04.48.39:958][663]LogModuleManager: Shutting down and abandoning module OculusLibrary (120)
[2016.04.14-04.48.39:958][663]LogModuleManager: Shutting down and abandoning module OculusInput (119)
[2016.04.14-04.48.39:958][663]LogModuleManager: Shutting down and abandoning module CustomMeshComponent (118)
[2016.04.14-04.48.39:958][663]LogModuleManager: Shutting down and abandoning module CableComponent (117)
[2016.04.14-04.48.39:958][663]LogModuleManager: Shutting down and abandoning module ArchVisCharacter (116)
[2016.04.14-04.48.39:958][663]LogModuleManager: Shutting down and abandoning module MediaPlayerEditor (115)
[2016.04.14-04.48.39:958][663]LogModuleManager: Shutting down and abandoning module HTML5Networking (114)
[2016.04.14-04.48.39:958][663]LogModuleManager: Shutting down and abandoning module SpeedTreeImporter (113)
[2016.04.14-04.48.39:958][663]LogModuleManager: Shutting down and abandoning module PluginBrowser (112)
[2016.04.14-04.48.39:958][663]LogModuleManager: Shutting down and abandoning module EpicSurvey (111)
[2016.04.14-04.48.39:963][663]LogModuleManager: Shutting down and abandoning module DesktopPlatform (110)
[2016.04.14-04.48.39:963][663]LogModuleManager: Shutting down and abandoning module VisualStudioSourceCodeAccess (109)
[2016.04.14-04.48.39:963][663]LogModuleManager: Shutting down and abandoning module UObjectPlugin (108)
[2016.04.14-04.48.39:963][663]LogModuleManager: Shutting down and abandoning module SubversionSourceControl (107)
[2016.04.14-04.48.39:963][663]LogModuleManager: Shutting down and abandoning module PerforceSourceControl (106)
[2016.04.14-04.48.39:963][663]LogModuleManager: Shutting down and abandoning module SourceControl (105)
[2016.04.14-04.48.39:963][663]LogModuleManager: Shutting down and abandoning module GitSourceControl (104)
[2016.04.14-04.48.39:963][663]LogModuleManager: Shutting down and abandoning module LightPropagationVolumeEditor (103)
[2016.04.14-04.48.39:963][663]LogModuleManager: Shutting down and abandoning module PaperTiledImporter (102)
[2016.04.14-04.48.39:963][663]LogModuleManager: Shutting down and abandoning module PaperSpriteSheetImporter (101)
[2016.04.14-04.48.39:963][663]LogModuleManager: Shutting down and abandoning module MeshPaint (100)
[2016.04.14-04.48.39:963][663]LogModuleManager: Shutting down and abandoning module HotReload (99)
[2016.04.14-04.48.39:963][663]LogModuleManager: Shutting down and abandoning module MainFrame (98)
[2016.04.14-04.48.39:963][663]LogModuleManager: Shutting down and abandoning module LevelEditor (97)
[2016.04.14-04.48.39:964][663]LogModuleManager: Shutting down and abandoning module DirectoryWatcher (96)
[2016.04.14-04.48.39:965][663]LogModuleManager: Shutting down and abandoning module AssetRegistry (95)
[2016.04.14-04.48.40:134][663]LogModuleManager: Shutting down and abandoning module ContentBrowser (94)
[2016.04.14-04.48.40:134][663]LogModuleManager: Shutting down and abandoning module Paper2DEditor (93)
[2016.04.14-04.48.40:134][663]LogModuleManager: Shutting down and abandoning module TwinStickShooter (92)
[2016.04.14-04.48.40:134][663]LogModuleManager: Shutting down and abandoning module UdpMessaging (91)
[2016.04.14-04.48.40:235][663]LogModuleManager: Shutting down and abandoning module LightPropagationVolumeRuntime (90)
[2016.04.14-04.48.40:235][663]LogModuleManager: Shutting down and abandoning module Paper2D (89)
[2016.04.14-04.48.40:235][663]LogModuleManager: Shutting down and abandoning module WindowsMoviePlayer (88)
[2016.04.14-04.48.40:235][663]LogModuleManager: Shutting down and abandoning module Media (87)
[2016.04.14-04.48.40:235][663]LogModuleManager: Shutting down and abandoning module WmfMedia (86)
[2016.04.14-04.48.40:235][663]LogModuleManager: Shutting down and abandoning module GameLiveStreaming (85)
[2016.04.14-04.48.40:235][663]LogModuleManager: Shutting down and abandoning module GameplayTagsEditor (84)
[2016.04.14-04.48.40:235][663]LogModuleManager: Shutting down and abandoning module OnlineBlueprintSupport (83)
[2016.04.14-04.48.40:235][663]LogModuleManager: Shutting down and abandoning module GameplayTasksEditor (82)
[2016.04.14-04.48.40:235][663]LogModuleManager: Shutting down and abandoning module PropertyEditor (81)
[2016.04.14-04.48.40:235][663]LogModuleManager: Shutting down and abandoning module BehaviorTreeEditor (80)
[2016.04.14-04.48.40:235][663]LogModuleManager: Shutting down and abandoning module FunctionalTesting (79)
[2016.04.14-04.48.40:235][663]LogModuleManager: Shutting down and abandoning module CollisionAnalyzer (78)
[2016.04.14-04.48.40:235][663]LogModuleManager: Shutting down and abandoning module WorkspaceMenuStructure (77)
[2016.04.14-04.48.40:235][663]LogModuleManager: Shutting down and abandoning module MessageLog (76)
[2016.04.14-04.48.40:235][663]LogModuleManager: Shutting down and abandoning module Sequencer (75)
[2016.04.14-04.48.40:236][663]LogModuleManager: Shutting down and abandoning module AssetTools (74)
[2016.04.14-04.48.40:237][663]LogModuleManager: Shutting down and abandoning module UMGEditor (73)
[2016.04.14-04.48.40:237][663]LogModuleManager: Shutting down and abandoning module UMG (72)
[2016.04.14-04.48.40:237][663]LogModuleManager: Shutting down and abandoning module SlateReflector (71)
[2016.04.14-04.48.40:237][663]LogModuleManager: Shutting down and abandoning module Slate (70)
[2016.04.14-04.48.40:237][663]LogModuleManager: Shutting down and abandoning module EditorStyle (69)
[2016.04.14-04.48.40:239][663]LogModuleManager: Shutting down and abandoning module SessionServices (68)
[2016.04.14-04.48.40:239][663]LogModuleManager: Shutting down and abandoning module SourceCodeAccess (67)
[2016.04.14-04.48.40:239][663]LogModuleManager: Shutting down and abandoning module HeadMountedDisplay (66)
[2016.04.14-04.48.40:239][663]LogModuleManager: Shutting down and abandoning module XAudio2 (65)
[2016.04.14-04.48.40:239][663]LogModuleManager: Shutting down and abandoning module Networking (63)
[2016.04.14-04.48.40:239][663]LogModuleManager: Shutting down and abandoning module Core (62)
[2016.04.14-04.48.40:239][663]LogModuleManager: Shutting down and abandoning module KismetCompiler (61)
[2016.04.14-04.48.40:239][663]LogModuleManager: Shutting down and abandoning module PhysXFormats (60)
[2016.04.14-04.48.40:239][663]LogModuleManager: Shutting down and abandoning module MeshUtilities (59)
[2016.04.14-04.48.40:239][663]LogModuleManager: Shutting down and abandoning module CookingStats (58)
[2016.04.14-04.48.40:239][663]LogModuleManager: Shutting down and abandoning module DerivedDataCache (57)
[2016.04.14-04.48.40:239][663]LogDerivedDataCache: Shutdown
[2016.04.14-04.48.40:239][663]LogModuleManager: Shutting down and abandoning module ShaderFormatOpenGL (56)
[2016.04.14-04.48.40:239][663]LogModuleManager: Shutting down and abandoning module ShaderFormatD3D (55)
[2016.04.14-04.48.40:239][663]LogModuleManager: Shutting down and abandoning module MetalShaderFormat (54)
[2016.04.14-04.48.40:239][663]LogModuleManager: Shutting down and abandoning module TextureFormatUncompressed (53)
[2016.04.14-04.48.40:239][663]LogModuleManager: Shutting down and abandoning module TextureFormatPVR (52)
[2016.04.14-04.48.40:239][663]LogModuleManager: Shutting down and abandoning module TextureFormatIntelISPCTexComp (51)
[2016.04.14-04.48.40:239][663]LogModuleManager: Shutting down and abandoning module TextureFormatDXT (50)
[2016.04.14-04.48.40:239][663]LogModuleManager: Shutting down and abandoning module ImageWrapper (49)
[2016.04.14-04.48.40:239][663]LogModuleManager: Shutting down and abandoning module TextureFormatASTC (48)
[2016.04.14-04.48.40:239][663]LogModuleManager: Shutting down and abandoning module TextureFormatAndroid (47)
[2016.04.14-04.48.40:239][663]LogModuleManager: Shutting down and abandoning module AudioFormatOpus (46)
[2016.04.14-04.48.40:239][663]LogModuleManager: Shutting down and abandoning module AudioFormatOgg (45)
[2016.04.14-04.48.40:239][663]LogModuleManager: Shutting down and abandoning module AudioFormatADPCM (44)
[2016.04.14-04.48.40:239][663]LogModuleManager: Shutting down and abandoning module LinuxTargetPlatform (43)
[2016.04.14-04.48.40:239][663]LogModuleManager: Shutting down and abandoning module LinuxServerTargetPlatform (42)
[2016.04.14-04.48.40:239][663]LogModuleManager: Shutting down and abandoning module LinuxNoEditorTargetPlatform (41)
[2016.04.14-04.48.40:239][663]LogModuleManager: Shutting down and abandoning module TVOSTargetPlatform (40)
[2016.04.14-04.48.40:239][663]LogModuleManager: Shutting down and abandoning module Messaging (39)
[2016.04.14-04.48.40:239][663]LogModuleManager: Shutting down and abandoning module IOSTargetPlatform (38)
[2016.04.14-04.48.40:239][663]LogModuleManager: Shutting down and abandoning module HTML5TargetPlatform (37)
[2016.04.14-04.48.40:239][663]LogModuleManager: Shutting down and abandoning module Android_PVRTCTargetPlatform (36)
[2016.04.14-04.48.40:239][663]LogModuleManager: Shutting down and abandoning module Android_MultiTargetPlatform (35)
[2016.04.14-04.48.40:239][663]LogModuleManager: Shutting down and abandoning module Android_ETC2TargetPlatform (34)
[2016.04.14-04.48.40:239][663]LogModuleManager: Shutting down and abandoning module Android_ETC1TargetPlatform (33)
[2016.04.14-04.48.40:239][663]LogModuleManager: Shutting down and abandoning module Android_DXTTargetPlatform (32)
[2016.04.14-04.48.40:239][663]LogModuleManager: Shutting down and abandoning module Android_ATCTargetPlatform (31)
[2016.04.14-04.48.40:239][663]LogModuleManager: Shutting down and abandoning module Android_ASTCTargetPlatform (30)
[2016.04.14-04.48.40:239][663]LogModuleManager: Shutting down and abandoning module AndroidTargetPlatform (29)
[2016.04.14-04.48.40:239][663]LogModuleManager: Shutting down and abandoning module WindowsTargetPlatform (28)
[2016.04.14-04.48.40:239][663]LogModuleManager: Shutting down and abandoning module WindowsServerTargetPlatform (27)
[2016.04.14-04.48.40:239][663]LogModuleManager: Shutting down and abandoning module WindowsNoEditorTargetPlatform (26)
[2016.04.14-04.48.40:239][663]LogModuleManager: Shutting down and abandoning module WindowsClientTargetPlatform (25)
[2016.04.14-04.48.40:239][663]LogModuleManager: Shutting down and abandoning module AllDesktopTargetPlatform (24)
[2016.04.14-04.48.40:239][663]LogModuleManager: Shutting down and abandoning module TargetPlatform (23)
[2016.04.14-04.48.40:239][663]LogModuleManager: Shutting down and abandoning module InputCore (22)
[2016.04.14-04.48.40:239][663]LogModuleManager: Shutting down and abandoning module Settings (21)
[2016.04.14-04.48.40:239][663]LogModuleManager: Shutting down and abandoning module OnlineSubsystem (19)
[2016.04.14-04.48.40:239][663]LogModuleManager: Shutting down and abandoning module HTTP (18)
[2016.04.14-04.48.46:246][663]LogModuleManager: Shutting down and abandoning module XMPP (17)
[2016.04.14-04.48.46:246][663]LogModuleManager: Shutting down and abandoning module OculusRift (16)
[2016.04.14-04.48.46:246][663]LogModuleManager: Shutting down and abandoning module ExampleDeviceProfileSelector (15)
[2016.04.14-04.48.46:246][663]LogModuleManager: Shutting down and abandoning module TextureCompressor (14)
[2016.04.14-04.48.46:246][663]LogModuleManager: Shutting down and abandoning module ShaderCore (13)
[2016.04.14-04.48.46:246][663]LogModuleManager: Shutting down and abandoning module Landscape (12)
[2016.04.14-04.48.46:246][663]LogModuleManager: Shutting down and abandoning module SlateRHIRenderer (11)
[2016.04.14-04.48.46:249][663]LogModuleManager: Shutting down and abandoning module OpenGLDrv (10)
[2016.04.14-04.48.46:249][663]LogModuleManager: Shutting down and abandoning module D3D11RHI (9)
[2016.04.14-04.48.46:249][663]LogModuleManager: Shutting down and abandoning module AnimGraphRuntime (8)
[2016.04.14-04.48.46:249][663]LogModuleManager: Shutting down and abandoning module Renderer (7)
[2016.04.14-04.48.46:249][663]LogModuleManager: Shutting down and abandoning module Engine (6)
[2016.04.14-04.48.46:249][663]LogModuleManager: Shutting down and abandoning module CoreUObject (5)
[2016.04.14-04.48.46:249][663]LogModuleManager: Shutting down and abandoning module NetworkFile (4)
[2016.04.14-04.48.46:249][663]LogModuleManager: Shutting down and abandoning module StreamingFile (3)
[2016.04.14-04.48.46:249][663]LogModuleManager: Shutting down and abandoning module SandboxFile (2)
[2016.04.14-04.48.46:249][663]LogModuleManager: Shutting down and abandoning module PakFile (1)
[2016.04.14-04.48.46:253][663]LogExit: Exiting.
[2016.04.14-04.48.46:273][663]Log file closed, 04/14/16 12:48:46
