Log file open, 04/20/16 20:36:10
LogInit:Display: Running engine for game: TwinStickShooter
LogPlatformFile: Not using cached read wrapper
LogInit:Display: RandInit(-502522048) SRandInit(-502522046).
LogTaskGraph: Started task graph with 4 named threads and 5 total threads.
LogStats: Stats thread started at 0.067541
LogInit: Version: 4.11.2-2946394+++UE4+Release-4.11
LogInit: API Version: 2927265
LogInit: Compiled (64-bit): Apr 18 2016 02:18:46
LogInit: Compiled with Visual C++: 19.00.23026.00
LogInit: Build Configuration: Development
LogInit: Branch Name: ++UE4+Release-4.11
LogInit: Command line:  
LogInit: Base directory: D:/Program Files/Epic Games/4.11/Engine/Binaries/Win64/
LogInit: Installed Engine Build: 1
LogInit: Using libcurl 7.41.0
LogInit:  - built for x86_64-pc-win32
LogInit:  - supports SSL with WinSSL
LogInit:  - other features:
LogInit:      CURL_VERSION_SSL
LogInit:      CURL_VERSION_IPV6
LogInit:      CURL_VERSION_ASYNCHDNS
LogInit:      CURL_VERSION_LARGEFILE
LogInit:      CURL_VERSION_IDN
LogInit:  CurlRequestOptions (configurable via config and command line):
LogInit:  - bVerifyPeer = true  - Libcurl will verify peer certificate
LogInit:  - bUseHttpProxy = false  - Libcurl will NOT use HTTP proxy
LogInit:  - bDontReuseConnections = false  - Libcurl will reuse connections
LogInit:  - CertBundlePath = nullptr  - Libcurl will use whatever was configured at build time.
LogInit: Presizing for max 16777216 objects, including 0 objects not considered by GC, pre-allocating 0 bytes for permanent pool.
LogInit: Object subsystem initialized
[2016.04.20-12.36.10:715][  0]LogInit: Selected Device Profile: [Windows]
[2016.04.20-12.36.10:715][  0]LogInit: Applying CVar settings loaded from the selected device profile: [Windows]
[2016.04.20-12.36.10:723][  0]LogInit: Computer: WANGBIN4
[2016.04.20-12.36.10:723][  0]LogInit: User: wangbin4
[2016.04.20-12.36.10:723][  0]LogInit: CPU Page size=65536, Cores=2
[2016.04.20-12.36.10:723][  0]LogInit: High frequency timer resolution =3.215354 MHz
[2016.04.20-12.36.10:724][  0]LogMemory: Memory total: Physical=16.0GB (16GB approx)
[2016.04.20-12.36.10:724][  0]LogMemory: Platform Memory Stats for Windows
[2016.04.20-12.36.10:724][  0]LogMemory: Process Physical Memory: 312.61 MB used, 312.61 MB peak
[2016.04.20-12.36.10:724][  0]LogMemory: Process Virtual Memory: 314.49 MB used, 314.49 MB peak
[2016.04.20-12.36.10:724][  0]LogMemory: Physical Memory: 6552.25 MB used, 16341.05 MB total
[2016.04.20-12.36.10:724][  0]LogMemory: Virtual Memory: 646.38 MB used, 134217728.00 MB total
[2016.04.20-12.36.11:386][  0]LogD3D11RHI: D3D11 adapters:
[2016.04.20-12.36.11:418][  0]LogD3D11RHI:    0. 'NVIDIA GeForce GT 630' (Feature Level 11_0)
[2016.04.20-12.36.11:418][  0]LogD3D11RHI:       462MB of dedicated video memory, 0MB of dedicated system memory, and 3583MB of shared system memory, 2 output[s]
[2016.04.20-12.36.11:421][  0]LogD3D11RHI:    1. 'Microsoft Basic Render Driver' (Feature Level 11_0)
[2016.04.20-12.36.11:421][  0]LogD3D11RHI:       0MB of dedicated video memory, 0MB of dedicated system memory, and 8170MB of shared system memory, 0 output[s]
[2016.04.20-12.36.11:421][  0]LogD3D11RHI: Chosen D3D11 Adapter: 0
[2016.04.20-12.36.11:437][  0]LogD3D11RHI: Creating new Direct3DDevice
[2016.04.20-12.36.11:437][  0]LogD3D11RHI:     Adapter Name: NVIDIA GeForce GT 630
[2016.04.20-12.36.11:437][  0]LogD3D11RHI:   Driver Version: 10.18.13.5382 (internal 10.18.13.5382)
[2016.04.20-12.36.11:437][  0]LogD3D11RHI:      Driver Date: 8-7-2015
[2016.04.20-12.36.11:437][  0]LogRHI: Texture pool is 323 MB (70% of 462 MB)
[2016.04.20-12.36.11:456][  0]LogD3D11RHI: Async texture creation enabled
[2016.04.20-12.36.11:475][  0]LogShaderCompilers: Guid format shader working directory is -6 characters bigger than the processId version (../../../../../../Unreal Project/TwinStickShooter 4.11/Intermediate/Shaders/WorkingDirectory/76336/).
[2016.04.20-12.36.11:475][  0]LogShaderCompilers: Cleaned the shader compiler working directory 'C:/Users/wangbin4/AppData/Local/Temp/UnrealShaderWorkingDir/27F945BF48103548414D9D833C65F168/'.
[2016.04.20-12.36.11:475][  0]LogShaderCompilers:Display: Using Local Shader Compiler.
[2016.04.20-12.36.13:319][  0]LogTemp:Display: Loaded TP AllDesktopTargetPlatform
[2016.04.20-12.36.13:324][  0]LogTemp:Display: Loaded TP WindowsClientTargetPlatform
[2016.04.20-12.36.13:329][  0]LogTemp:Display: Loaded TP WindowsNoEditorTargetPlatform
[2016.04.20-12.36.13:335][  0]LogTemp:Display: Loaded TP WindowsServerTargetPlatform
[2016.04.20-12.36.13:341][  0]LogTemp:Display: Loaded TP WindowsTargetPlatform
[2016.04.20-12.36.13:347][  0]LogTemp:Display: Loaded TP AndroidTargetPlatform
[2016.04.20-12.36.13:353][  0]LogTemp:Display: Loaded TP Android_ASTCTargetPlatform
[2016.04.20-12.36.13:357][  0]LogTemp:Display: Loaded TP Android_ATCTargetPlatform
[2016.04.20-12.36.13:361][  0]LogTemp:Display: Loaded TP Android_DXTTargetPlatform
[2016.04.20-12.36.13:366][  0]LogTemp:Display: Loaded TP Android_ETC1TargetPlatform
[2016.04.20-12.36.13:370][  0]LogTemp:Display: Loaded TP Android_ETC2TargetPlatform
[2016.04.20-12.36.13:381][  0]LogTemp:Display: Loaded TP Android_MultiTargetPlatform
[2016.04.20-12.36.13:382][  0]LogTemp:Display: Loaded TP Android_PVRTCTargetPlatform
[2016.04.20-12.36.13:383][  0]LogTemp:Display: Loaded TP HTML5TargetPlatform
[2016.04.20-12.36.13:405][  0]LogTemp:Display: Loaded TP IOSTargetPlatform
[2016.04.20-12.36.13:408][  0]LogTemp:Display: Loaded TP TVOSTargetPlatform
[2016.04.20-12.36.13:411][  0]LogTemp:Display: Loaded TP LinuxNoEditorTargetPlatform
[2016.04.20-12.36.13:416][  0]LogTemp:Display: Loaded TP LinuxServerTargetPlatform
[2016.04.20-12.36.13:420][  0]LogTemp:Display: Loaded TP LinuxTargetPlatform
[2016.04.20-12.36.13:420][  0]LogTargetPlatformManager:Display: Building Assets For Windows
[2016.04.20-12.36.13:556][  0]LogDerivedDataCache:Display: Max Cache Size: 512 MB
[2016.04.20-12.36.13:841][  0]LogDerivedDataCache: Loaded boot cache 0.28s 46MB C:/Users/wangbin4/AppData/Local/UnrealEngine/4.11/DerivedDataCache/Boot.ddc.
[2016.04.20-12.36.13:841][  0]LogDerivedDataCache:Display: Loaded Boot cache: C:/Users/wangbin4/AppData/Local/UnrealEngine/4.11/DerivedDataCache/Boot.ddc
[2016.04.20-12.36.13:841][  0]LogDerivedDataCache: FDerivedDataBackendGraph:  Pak pak cache file ../../../../../../Unreal Project/TwinStickShooter 4.11/DerivedDataCache/DDC.ddp not found, will not use a pak cache.
[2016.04.20-12.36.13:841][  0]LogDerivedDataCache: Unable to find inner node Pak for hierarchical cache Hierarchy.
[2016.04.20-12.36.13:841][  0]LogDerivedDataCache: FDerivedDataBackendGraph:  CompressedPak pak cache file ../../../../../../Unreal Project/TwinStickShooter 4.11/DerivedDataCache/Compressed.ddp not found, will not use a pak cache.
[2016.04.20-12.36.13:841][  0]LogDerivedDataCache: Unable to find inner node CompressedPak for hierarchical cache Hierarchy.
[2016.04.20-12.36.13:863][  0]LogDerivedDataCache:Display: Pak cache opened for reading ../../../Engine/DerivedDataCache/Compressed.ddp.
[2016.04.20-12.36.13:876][  0]LogDerivedDataCache: Using Local data cache path C:/Users/wangbin4/AppData/Local/UnrealEngine/Common/DerivedDataCache: Writable
[2016.04.20-12.36.14:251][  0]LogInit: Selected Device Profile: [Windows]
[2016.04.20-12.36.14:252][  0]LogContentStreaming: Texture pool size is 0.00 MB
[2016.04.20-12.36.14:319][  0]LogMaterial: Uniform references updated for custom material expression Custom.
[2016.04.20-12.36.14:519][  0]LogMeshUtilities: No automatic mesh reduction module available
[2016.04.20-12.36.14:519][  0]LogMeshUtilities: No automatic mesh merging module available
[2016.04.20-12.36.14:519][  0]LogMeshUtilities: No distributed automatic mesh merging module available
[2016.04.20-12.36.14:884][  0]LogUObjectArray: 27679 objects as part of root set at end of initial load.
[2016.04.20-12.36.14:884][  0]LogUObjectAllocator: 5591592 out of 0 bytes used by permanent object pool.
[2016.04.20-12.36.14:884][  0]LogUObjectArray: CloseDisregardForGC: 0/0 objects in disregard for GC pool
[2016.04.20-12.36.14:896][  0]LogInit: WinSock: version 1.1 (2.2), MaxSocks=32767, MaxUdp=65467
[2016.04.20-12.36.15:041][  0]LogSlate: SlateFontCache - WITH_FREETYPE: 1, WITH_HARFBUZZ: 1
[2016.04.20-12.36.15:041][  0]LogSlate: SlateFontCache - WITH_FREETYPE: 1, WITH_HARFBUZZ: 1
[2016.04.20-12.36.15:237][  0]LogStreaming:Warning: Failed to read file '../../../Engine/Content/Editor/Slate/Common/Selection_16x.png' error.
[2016.04.20-12.36.15:237][  0]LogSlate: Could not find file for Slate resource: ../../../Engine/Content/Editor/Slate/Common/Selection_16x.png
[2016.04.20-12.36.15:237][  0]LogStreaming:Warning: Failed to read file '../../../Engine/Content/Editor/Slate/Common/Selection_16x.png' error.
[2016.04.20-12.36.15:237][  0]LogSlate: Could not find file for Slate resource: ../../../Engine/Content/Editor/Slate/Common/Selection_16x.png
[2016.04.20-12.36.15:237][  0]LogStreaming:Warning: Failed to read file '../../../Engine/Content/Editor/Slate/Common/Selection_16x.png' error.
[2016.04.20-12.36.15:237][  0]LogSlate: Could not find file for Slate resource: ../../../Engine/Content/Editor/Slate/Common/Selection_16x.png
[2016.04.20-12.36.16:196][  0]LogUdpMessaging: Initializing bridge on interface 0.0.0.0:0 to multicast group 230.0.0.1:6666.
[2016.04.20-12.36.16:197][  0]FUdpSocketBuilder: Failed to bind UdpMessageMulticastSocket to 0.0.0.0:6666
[2016.04.20-12.36.16:197][  0]FUdpSocketBuilder: Failed to configure multicast for UdpMessageMulticastSocket (loopback: 1, ttl: 1)
[2016.04.20-12.36.16:197][  0]FUdpSocketBuilder: Failed to create and initialize socket UdpMessageMulticastSocket (last error: 0)
[2016.04.20-12.36.16:197][  0]LogUdpMessaging:Warning: StartTransport failed to create multicast socket on 0.0.0.0:0, joined to 230.0.0.1:6666 with TTL 1
[2016.04.20-12.36.16:387][  0]LogAssetRegistry: FAssetRegistry took 0.0235 seconds to start up
[2016.04.20-12.36.16:638][  0]SourceControl: Info Source control is disabled
[2016.04.20-12.36.16:658][  0]SourceControl: Info Source control is disabled
[2016.04.20-12.36.16:676][  0]SourceControl: Info Source control is disabled
[2016.04.20-12.36.16:694][  0]SourceControl: Info Source control is disabled
[2016.04.20-12.36.16:966][  0]LogHMD: Failed to initialize OpenVR with code 110
[2016.04.20-12.36.17:094][  0]LogEngine: Initializing Engine...
[2016.04.20-12.36.17:296][  0]LogAIModule: Creating AISystem for world NewWorld
[2016.04.20-12.36.17:306][  0]LogInit: XAudio2 using 'Speakers / Headphones (Realtek High Definition Audio)' : 2 channels at 48 kHz using 32 bits per sample (channel mask 0x3)
[2016.04.20-12.36.17:393][  0]LogInit: FAudioDevice initialized.
[2016.04.20-12.36.17:423][  0]LogDerivedDataCache: Saved boot cache 0.03s 48MB C:/Users/wangbin4/AppData/Local/UnrealEngine/4.11/DerivedDataCache/Boot.ddc.
[2016.04.20-12.36.17:431][  0]LogInit: Texture streaming: Enabled
[2016.04.20-12.36.17:469][  0]LogInit: Transaction tracking system initialized
[2016.04.20-12.36.17:501][  0]BlueprintLog: New page: Editor Load
[2016.04.20-12.36.17:624][  0]LocalizationService: Info Localization service is disabled
[2016.04.20-12.36.17:720][  0]LogLinker:Warning: Can't find file '/Game/ThirdPersonBP/ThirdPersonOverview'
[2016.04.20-12.36.17:720][  0]LogLinker:Warning: Can't find file '/Game/ThirdPersonBP/ThirdPersonOverview'
[2016.04.20-12.36.17:720][  0]LogUObjectGlobals:Warning: Failed to find object 'Class /Game/ThirdPersonBP/ThirdPersonOverview.ThirdPersonOverview_C'
[2016.04.20-12.36.17:736][  0]LogConsoleResponse:Display: 
[2016.04.20-12.36.17:919][  0]LogCook:Display: Max memory allowance for cook 8192mb
[2016.04.20-12.36.17:919][  0]LogCook:Display: Mobile HDR setting 1
[2016.04.20-12.36.17:919][  0]LogCook:Display: Done creating registry. It took  0.00s.
[2016.04.20-12.36.18:018][  0]LogFileCache: Scanning file cache for directory 'D:/Unreal Project/TwinStickShooter 4.11/Content/' took 0.02s
[2016.04.20-12.36.18:018][  0]SourceControl: Info Source control is disabled
[2016.04.20-12.36.18:018][  0]Cmd: MAP LOAD FILE="../../../../../../Unreal Project/TwinStickShooter 4.11/Content/NewMap.umap" TEMPLATE=0 SHOWPROGRESS=1 FEATURELEVEL=3
[2016.04.20-12.36.18:020][  0]LightingResults: New page: Lighting Build
[2016.04.20-12.36.18:025][  0]MapCheck: New page: Map Check
[2016.04.20-12.36.18:025][  0]LightingResults: New page: Lighting Build
[2016.04.20-12.36.18:735][  0]LogMaterial: Missing cached shader map for material M_UE4Man_Body, compiling. 
[2016.04.20-12.36.18:845][  0]LogMaterial: Missing cached shader map for material M_UE4Man_Body, compiling. 
[2016.04.20-12.36.19:045][  0]LogAIModule: Creating AISystem for world NewMap
[2016.04.20-12.36.19:073][  0]LogEditorServer: Finished looking for orphan Actors (0.000 secs)
[2016.04.20-12.36.19:075][  0]Cmd: MAP CHECKDEP NOCLEARLOG
[2016.04.20-12.36.19:204][  0]MapCheck:Warning: Warning MaterialInstanceDynamic_54 MaterialInstanceDynamic /Game/NewMap.NewMap:PersistentLevel.EnemyCharacter_C_0.CharacterMesh0.MaterialInstanceDynamic_54 : Externally referenced 
[2016.04.20-12.36.19:205][  0]MapCheck:Warning: Warning CharacterMesh0 SkeletalMeshComponent /Game/NewMap.NewMap:PersistentLevel.EnemyCharacter_C_0.CharacterMesh0 : Externally referenced 
[2016.04.20-12.36.19:205][  0]MapCheck:Warning: Warning LaserMesh StaticMeshComponent /Game/NewMap.NewMap:PersistentLevel.Projectile_182.LaserMesh : Externally referenced 
[2016.04.20-12.36.19:205][  0]MapCheck:Warning: Warning ModelComponent_4 ModelComponent /Game/NewMap.NewMap:PersistentLevel.ModelComponent_4 : Externally referenced 
[2016.04.20-12.36.19:205][  0]MapCheck:Warning: Warning ModelComponent_5 ModelComponent /Game/NewMap.NewMap:PersistentLevel.ModelComponent_5 : Externally referenced 
[2016.04.20-12.36.19:205][  0]MapCheck:Warning: Warning ModelComponent_6 ModelComponent /Game/NewMap.NewMap:PersistentLevel.ModelComponent_6 : Externally referenced 
[2016.04.20-12.36.19:205][  0]MapCheck:Warning: Warning ModelComponent_7 ModelComponent /Game/NewMap.NewMap:PersistentLevel.ModelComponent_7 : Externally referenced 
[2016.04.20-12.36.19:205][  0]MapCheck:Warning: Warning Model_14 Model /Game/NewMap.NewMap:PersistentLevel.Model_14 : Externally referenced 
[2016.04.20-12.36.19:205][  0]MapCheck:Warning: Warning Polys_42 Polys /Game/NewMap.NewMap:PersistentLevel.Box画刷2.Model_16.Polys_42 : Externally referenced 
[2016.04.20-12.36.19:205][  0]MapCheck:Warning: Warning Polys_122 Polys /Game/NewMap.NewMap:PersistentLevel.Box画刷3.Model_16.Polys_122 : Externally referenced 
[2016.04.20-12.36.19:205][  0]MapCheck:Warning: Warning Polys_195 Polys /Game/NewMap.NewMap:PersistentLevel.Box画刷4.Model_16.Polys_195 : Externally referenced 
[2016.04.20-12.36.19:205][  0]MapCheck:Warning: Warning Polys_261 Polys /Game/NewMap.NewMap:PersistentLevel.Box画刷5.Model_16.Polys_261 : Externally referenced 
[2016.04.20-12.36.19:205][  0]MapCheck:Warning: Warning ModelComponent_5 ModelComponent /Game/NewMap.NewMap:PersistentLevel.ModelComponent_5 : Externally referenced 
[2016.04.20-12.36.19:205][  0]MapCheck:Warning: Warning ModelComponent_6 ModelComponent /Game/NewMap.NewMap:PersistentLevel.ModelComponent_6 : Externally referenced 
[2016.04.20-12.36.19:205][  0]MapCheck:Warning: Warning Model_14 Model /Game/NewMap.NewMap:PersistentLevel.Model_14 : Externally referenced 
[2016.04.20-12.36.19:207][  0]MapCheck:Warning: Warning Polys_29 Polys /Game/NewMap.NewMap:PersistentLevel.Box画刷.Model_15.Polys_29 : Externally referenced 
[2016.04.20-12.36.19:207][  0]MapCheck: Info Map check complete: 0 Error(s), 16 Warning(s), took 132.67ms to complete.
[2016.04.20-12.36.19:219][  0]LogFileHelpers: Loading map 'NewMap' took 1.201
[2016.04.20-12.36.19:503][  0]LogCollectionManager: Loaded 0 collections in 0.003545 seconds
[2016.04.20-12.36.19:577][  0]LogFileCache: Scanning file cache for directory 'D:/Unreal Project/TwinStickShooter 4.11/Saved/Collections/' took 0.02s
[2016.04.20-12.36.19:577][  0]LogFileCache: Scanning file cache for directory 'D:/Unreal Project/TwinStickShooter 4.11/Content/Developers/wangbin4/Collections/' took 0.02s
[2016.04.20-12.36.19:577][  0]LogFileCache: Scanning file cache for directory 'D:/Unreal Project/TwinStickShooter 4.11/Content/Collections/' took 0.01s
[2016.04.20-12.36.19:577][  0]LogCollectionManager: Rebuilt the GUID cache for 0 collections in 0.000012 seconds
[2016.04.20-12.36.19:600][  0]LogContentBrowser: Native class hierarchy populated in 0.0222 seconds. Added 1981 classes and 345 folders.
[2016.04.20-12.36.19:615][  0]LogStats: UGameplayTagsManager::ConstructGameplayTagTree: Construct from data asset -  0.000 s
[2016.04.20-12.36.19:615][  0]LogStats: UGameplayTagsManager::ConstructGameplayTagTree: GameplayTagTreeChangedEvent.Broadcast -  0.000 s
[2016.04.20-12.36.19:622][  0]LogContentBrowser: Native class hierarchy updated for 'GameplayTags' in 0.0072 seconds. Added 12 classes and 0 folders.
[2016.04.20-12.36.19:638][  0]LogContentBrowser: Native class hierarchy updated for 'WidgetCarousel' in 0.0069 seconds. Added 0 classes and 0 folders.
[2016.04.20-12.36.19:658][  0]LogContentBrowser: Native class hierarchy updated for 'SuperSearch' in 0.0066 seconds. Added 1 classes and 2 folders.
[2016.04.20-12.36.19:845][  0]LogContentBrowser: Native class hierarchy updated for 'AddContentDialog' in 0.0051 seconds. Added 0 classes and 0 folders.
[2016.04.20-12.36.19:866][  0]LogContentBrowser: Native class hierarchy updated for 'SceneOutliner' in 0.0082 seconds. Added 1 classes and 2 folders.
[2016.04.20-12.36.20:039][  0]LogCrashTracker: Crashtracker disabled due to settings.
[2016.04.20-12.36.20:078][  0]LogUObjectGlobals:Warning: Failed to find object 'Class None.'
[2016.04.20-12.36.20:137][  0]LogContentBrowser: Native class hierarchy updated for 'HierarchicalLODOutliner' in 0.0096 seconds. Added 1 classes and 2 folders.
[2016.04.20-12.36.20:141][  0]LogLoad: Full Startup: 10.60 seconds (BP compile: 0.05 seconds)
[2016.04.20-12.36.20:141][  0]LogExternalProfiler: Found external profiler: VSPerf
[2016.04.20-12.36.20:141][  0]LogExternalProfiler: Using external profiler: VSPerf
[2016.04.20-12.36.20:486][  0]LogOcInput: OculusInput pre-init called
[2016.04.20-12.36.20:627][  0]LogContentStreaming: Texture pool size now 1000 MB
[2016.04.20-12.36.21:095][  0]LogRenderer: Reallocating scene render targets to support 1348x676 (Frame:2).
[2016.04.20-12.36.40:825][  3]LogAssetRegistry: Asset discovery search completed in 24.4614 seconds
[2016.04.20-12.36.40:825][  3]LogCollectionManager: Rebuilt the object cache for 0 collections in 0.000001 seconds (found 0 objects)
[2016.04.20-12.36.40:826][  3]LogCollectionManager: Fixed up redirectors for 0 collections in 0.000066 seconds (updated 0 objects)
[2016.04.20-12.39.28:261][626]LogContentBrowser: Native class hierarchy updated for 'BlueprintGraph' in 0.0037 seconds. Added 108 classes and 0 folders.
[2016.04.20-12.39.36:052][881]LogMaterial: Missing cached shader map for material M_FPGun, compiling. 
[2016.04.20-12.41.23:218][515]LogActorComponent: UnregisterComponent: (/Engine/Transient.ProjectileMovement_GEN_VARIABLE) Not registered. Aborting.
[2016.04.20-12.41.23:218][515]LogActorComponent: UnregisterComponent: (/Engine/Transient.CharMoveComp) Not registered. Aborting.
[2016.04.20-12.41.37:882][ 97]BlueprintLog: New page: Compile Weapon
[2016.04.20-12.41.38:040][ 97]BlueprintEditorCompileResults: Info [0328.49] Compile of Weapon successful! [in 156 ms]
[2016.04.20-12.41.38:487][139]Cmd: OBJ SAVEPACKAGE PACKAGE="/Game/Blueprints/Weapon" FILE="../../../../../../Unreal Project/TwinStickShooter 4.11/Content/Blueprints/Weapon.uasset" SILENT=true
[2016.04.20-12.41.38:547][139]LogSavePackage: Save=55.66ms
[2016.04.20-12.41.38:547][139]LogSavePackage: Moving '../../../../../../Unreal Project/TwinStickShooter 4.11/Saved/Weapon97B4D56A4B6F2DEFB01A5BA33B3FF9E9.tmp' to '../../../../../../Unreal Project/TwinStickShooter 4.11/Content/Blueprints/Weapon.uasset'
[2016.04.20-12.41.38:549][139]LogSavePackage: Total save time: 61.20ms
[2016.04.20-12.41.38:549][139]LogSavePackage:Display: Finished SavePackage ../../../../../../Unreal Project/TwinStickShooter 4.11/Content/Blueprints/Weapon.uasset
[2016.04.20-12.41.40:622][363]LogPlayLevel: PlayLevel: No blueprints needed recompiling
[2016.04.20-12.41.40:624][363]PIE: New page: PIE session: NewMap (Apr 21, 2016, 4:41:40 AM)
[2016.04.20-12.41.40:624][363]LogPlayLevel: Creating play world package: /Game/UEDPIE_0_NewMap
[2016.04.20-12.41.40:631][363]LogPlayLevel: PIE: StaticDuplicateObject took: (0.007348s)
[2016.04.20-12.41.40:632][363]LogAIModule: Creating AISystem for world NewMap
[2016.04.20-12.41.40:632][363]LogPlayLevel: PIE: World Init took: (0.000787s)
[2016.04.20-12.41.40:632][363]LogPlayLevel: PIE: Created PIE world by copying editor world from /Game/NewMap.NewMap to /Game/UEDPIE_0_NewMap.NewMap (0.008374s)
[2016.04.20-12.41.40:671][363]LogInit: XAudio2 using 'Speakers / Headphones (Realtek High Definition Audio)' : 2 channels at 48 kHz using 32 bits per sample (channel mask 0x3)
[2016.04.20-12.41.40:684][363]LogInit: FAudioDevice initialized.
[2016.04.20-12.41.40:812][363]LogWorld: Game class is 'TwinStickMode_C'
[2016.04.20-12.41.40:816][363]LogWorld: Bringing World /Game/UEDPIE_0_NewMap.NewMap up for play (max tick rate 0) at 2016.04.20-20.41.40
[2016.04.20-12.41.40:819][363]LogWorld: Bringing up level for play took: 0.004779
[2016.04.20-12.41.40:829][363]LogContentBrowser: Native class hierarchy updated for 'MovieSceneCapture' in 0.0053 seconds. Added 9 classes and 0 folders.
[2016.04.20-12.41.40:843][363]PIE: Info Play in editor start time for /Game/UEDPIE_0_NewMap -0.601
[2016.04.20-12.41.40:938][365]LogRenderer: Reallocating scene render targets to support 1348x720 (Frame:434).
[2016.04.20-12.41.45:524][507]LogActorComponent: UnregisterComponent: (/Engine/Transient.CharMoveComp) Not registered. Aborting.
[2016.04.20-12.41.56:711][287]BlueprintLog: New page: Compile Weapon
[2016.04.20-12.41.56:842][287]BlueprintEditorCompileResults: Info [0347.30] Compile of Weapon successful! [in 131 ms]
[2016.04.20-12.41.57:303][325]Cmd: OBJ SAVEPACKAGE PACKAGE="/Game/Blueprints/Weapon" FILE="../../../../../../Unreal Project/TwinStickShooter 4.11/Content/Blueprints/Weapon.uasset" SILENT=true
[2016.04.20-12.41.57:358][325]LogSavePackage: Save=52.54ms
[2016.04.20-12.41.57:358][325]LogSavePackage: Moving '../../../../../../Unreal Project/TwinStickShooter 4.11/Saved/Weapon7D1277894A07C80877DE95B0E85BBFEF.tmp' to '../../../../../../Unreal Project/TwinStickShooter 4.11/Content/Blueprints/Weapon.uasset'
[2016.04.20-12.41.57:359][325]LogSavePackage: Total save time: 55.52ms
[2016.04.20-12.41.57:359][325]LogSavePackage:Display: Finished SavePackage ../../../../../../Unreal Project/TwinStickShooter 4.11/Content/Blueprints/Weapon.uasset
[2016.04.20-12.42.00:503][652]LogRenderer: Reallocating scene render targets to support 1348x900 (Frame:612).
[2016.04.20-12.44.49:964][770]BlueprintLog: New page: Compile Weapon
[2016.04.20-12.44.49:986][770]LogActorComponent: UnregisterComponent: (/Engine/Transient.CharMoveComp) Not registered. Aborting.
[2016.04.20-12.44.50:104][770]BlueprintEditorCompileResults: Info [0520.56] Compile of Weapon successful! [in 139 ms]
[2016.04.20-12.44.50:482][804]Cmd: OBJ SAVEPACKAGE PACKAGE="/Game/Blueprints/Weapon" FILE="../../../../../../Unreal Project/TwinStickShooter 4.11/Content/Blueprints/Weapon.uasset" SILENT=true
[2016.04.20-12.44.50:538][804]LogSavePackage: Save=53.07ms
[2016.04.20-12.44.50:538][804]LogSavePackage: Moving '../../../../../../Unreal Project/TwinStickShooter 4.11/Saved/WeaponC09709304A4C4371C45B93AE00CBFC05.tmp' to '../../../../../../Unreal Project/TwinStickShooter 4.11/Content/Blueprints/Weapon.uasset'
[2016.04.20-12.44.50:541][804]LogSavePackage: Total save time: 57.87ms
[2016.04.20-12.44.50:541][804]LogSavePackage:Display: Finished SavePackage ../../../../../../Unreal Project/TwinStickShooter 4.11/Content/Blueprints/Weapon.uasset
[2016.04.20-12.44.51:452][894]LogPlayLevel: PlayLevel: No blueprints needed recompiling
[2016.04.20-12.44.51:452][894]PIE: New page: PIE session: NewMap (Apr 21, 2016, 4:44:51 AM)
[2016.04.20-12.44.51:452][894]LogPlayLevel: Creating play world package: /Game/UEDPIE_0_NewMap
[2016.04.20-12.44.51:463][894]LogPlayLevel: PIE: StaticDuplicateObject took: (0.010594s)
[2016.04.20-12.44.51:464][894]LogAIModule: Creating AISystem for world NewMap
[2016.04.20-12.44.51:464][894]LogPlayLevel: PIE: World Init took: (0.000903s)
[2016.04.20-12.44.51:464][894]LogPlayLevel: PIE: Created PIE world by copying editor world from /Game/NewMap.NewMap to /Game/UEDPIE_0_NewMap.NewMap (0.011786s)
[2016.04.20-12.44.51:464][894]LogActorComponent: UnregisterComponent: (/Engine/Transient.CharMoveComp) Not registered. Aborting.
[2016.04.20-12.44.51:511][894]LogInit: XAudio2 using 'Speakers / Headphones (Realtek High Definition Audio)' : 2 channels at 48 kHz using 32 bits per sample (channel mask 0x3)
[2016.04.20-12.44.51:524][894]LogInit: FAudioDevice initialized.
[2016.04.20-12.44.51:566][894]LogWorld: Game class is 'TwinStickMode_C'
[2016.04.20-12.44.51:569][894]LogWorld: Bringing World /Game/UEDPIE_0_NewMap.NewMap up for play (max tick rate 0) at 2016.04.20-20.44.51
[2016.04.20-12.44.51:570][894]LogWorld: Bringing up level for play took: 0.003640
[2016.04.20-12.44.51:582][894]PIE: Info Play in editor start time for /Game/UEDPIE_0_NewMap 0.139
[2016.04.20-12.45.52:551][465]BlueprintLog: New page: Compile Weapon
[2016.04.20-12.45.52:667][465]BlueprintEditorCompileResults: Info [0583.12] Compile of Weapon successful! [in 115 ms]
[2016.04.20-12.45.53:159][504]Cmd: OBJ SAVEPACKAGE PACKAGE="/Game/Blueprints/Weapon" FILE="../../../../../../Unreal Project/TwinStickShooter 4.11/Content/Blueprints/Weapon.uasset" SILENT=true
[2016.04.20-12.45.53:209][504]LogSavePackage: Save=46.96ms
[2016.04.20-12.45.53:209][504]LogSavePackage: Moving '../../../../../../Unreal Project/TwinStickShooter 4.11/Saved/Weapon4A1B7B464DE9D4C4E12956BD58C9F79F.tmp' to '../../../../../../Unreal Project/TwinStickShooter 4.11/Content/Blueprints/Weapon.uasset'
[2016.04.20-12.45.53:211][504]LogSavePackage: Total save time: 50.79ms
[2016.04.20-12.45.53:211][504]LogSavePackage:Display: Finished SavePackage ../../../../../../Unreal Project/TwinStickShooter 4.11/Content/Blueprints/Weapon.uasset
[2016.04.20-12.45.53:867][569]LogPlayLevel: PlayLevel: No blueprints needed recompiling
[2016.04.20-12.45.53:867][569]PIE: New page: PIE session: NewMap (Apr 21, 2016, 4:45:53 AM)
[2016.04.20-12.45.53:867][569]LogPlayLevel: Creating play world package: /Game/UEDPIE_0_NewMap
[2016.04.20-12.45.53:872][569]LogPlayLevel: PIE: StaticDuplicateObject took: (0.005181s)
[2016.04.20-12.45.53:873][569]LogAIModule: Creating AISystem for world NewMap
[2016.04.20-12.45.53:873][569]LogPlayLevel: PIE: World Init took: (0.000703s)
[2016.04.20-12.45.53:873][569]LogPlayLevel: PIE: Created PIE world by copying editor world from /Game/NewMap.NewMap to /Game/UEDPIE_0_NewMap.NewMap (0.006082s)
[2016.04.20-12.45.53:873][569]LogActorComponent: UnregisterComponent: (/Engine/Transient.CharMoveComp) Not registered. Aborting.
[2016.04.20-12.45.53:907][569]LogInit: XAudio2 using 'Speakers / Headphones (Realtek High Definition Audio)' : 2 channels at 48 kHz using 32 bits per sample (channel mask 0x3)
[2016.04.20-12.45.53:916][569]LogInit: FAudioDevice initialized.
[2016.04.20-12.45.53:958][569]LogWorld: Game class is 'TwinStickMode_C'
[2016.04.20-12.45.53:961][569]LogWorld: Bringing World /Game/UEDPIE_0_NewMap.NewMap up for play (max tick rate 0) at 2016.04.20-20.45.53
[2016.04.20-12.45.53:962][569]LogWorld: Bringing up level for play took: 0.003243
[2016.04.20-12.45.53:977][569]PIE: Info Play in editor start time for /Game/UEDPIE_0_NewMap 0.532
[2016.04.20-12.46.05:780][542]LogPlayLevel: PlayLevel: No blueprints needed recompiling
[2016.04.20-12.46.05:780][542]PIE: New page: PIE session: NewMap (Apr 21, 2016, 4:46:05 AM)
[2016.04.20-12.46.05:780][542]LogPlayLevel: Creating play world package: /Game/UEDPIE_0_NewMap
[2016.04.20-12.46.05:785][542]LogPlayLevel: PIE: StaticDuplicateObject took: (0.005520s)
[2016.04.20-12.46.05:786][542]LogAIModule: Creating AISystem for world NewMap
[2016.04.20-12.46.05:786][542]LogPlayLevel: PIE: World Init took: (0.000725s)
[2016.04.20-12.46.05:786][542]LogPlayLevel: PIE: Created PIE world by copying editor world from /Game/NewMap.NewMap to /Game/UEDPIE_0_NewMap.NewMap (0.006440s)
[2016.04.20-12.46.05:821][542]LogInit: XAudio2 using 'Speakers / Headphones (Realtek High Definition Audio)' : 2 channels at 48 kHz using 32 bits per sample (channel mask 0x3)
[2016.04.20-12.46.05:829][542]LogInit: FAudioDevice initialized.
[2016.04.20-12.46.05:873][542]LogWorld: Game class is 'TwinStickMode_C'
[2016.04.20-12.46.05:876][542]LogWorld: Bringing World /Game/UEDPIE_0_NewMap.NewMap up for play (max tick rate 0) at 2016.04.20-20.46.05
[2016.04.20-12.46.05:877][542]LogWorld: Bringing up level for play took: 0.002872
[2016.04.20-12.46.05:892][542]PIE: Info Play in editor start time for /Game/UEDPIE_0_NewMap 0.447
[2016.04.20-12.46.09:910][681]LogBlueprintUserMessages: [EnemyCharacter_C_0] 80.0
[2016.04.20-12.46.18:306][333]LogEditorViewport: Clicking on Actor (LMB): Projectile_C (Projectile)
[2016.04.20-12.46.19:595][371]Cmd: DELETE
[2016.04.20-12.46.19:595][371]Cmd: ACTOR DELETE
[2016.04.20-12.46.19:597][371]LogEditorActor: Deleted Actor: Projectile_C
[2016.04.20-12.46.19:632][371]LogEditorActor: Deleted 1 Actors (0.037 secs)
[2016.04.20-12.46.20:660][403]Cmd: OBJ SAVEPACKAGE PACKAGE="/Game/NewMap" FILE="../../../../../../Unreal Project/TwinStickShooter 4.11/Content/NewMap.umap" SILENT=true AUTOSAVING=false KEEPDIRTY=false
[2016.04.20-12.46.20:729][403]LogSavePackage: Save=32.47ms
[2016.04.20-12.46.20:729][403]LogSavePackage: Moving '../../../../../../Unreal Project/TwinStickShooter 4.11/Saved/NewMapB07142CE474B37DD19DD6A88C7F69AB0.tmp' to '../../../../../../Unreal Project/TwinStickShooter 4.11/Content/NewMap.umap'
[2016.04.20-12.46.20:731][403]LogSavePackage: Total save time: 37.15ms
[2016.04.20-12.46.20:731][403]LogSavePackage:Display: Finished SavePackage ../../../../../../Unreal Project/TwinStickShooter 4.11/Content/NewMap.umap
[2016.04.20-12.46.21:537][430]LogPlayLevel: PlayLevel: No blueprints needed recompiling
[2016.04.20-12.46.21:537][430]PIE: New page: PIE session: NewMap (Apr 21, 2016, 4:46:21 AM)
[2016.04.20-12.46.21:537][430]LogPlayLevel: Creating play world package: /Game/UEDPIE_0_NewMap
[2016.04.20-12.46.21:542][430]LogPlayLevel: PIE: StaticDuplicateObject took: (0.004958s)
[2016.04.20-12.46.21:543][430]LogAIModule: Creating AISystem for world NewMap
[2016.04.20-12.46.21:543][430]LogPlayLevel: PIE: World Init took: (0.000707s)
[2016.04.20-12.46.21:543][430]LogPlayLevel: PIE: Created PIE world by copying editor world from /Game/NewMap.NewMap to /Game/UEDPIE_0_NewMap.NewMap (0.005859s)
[2016.04.20-12.46.21:577][430]LogInit: XAudio2 using 'Speakers / Headphones (Realtek High Definition Audio)' : 2 channels at 48 kHz using 32 bits per sample (channel mask 0x3)
[2016.04.20-12.46.21:586][430]LogInit: FAudioDevice initialized.
[2016.04.20-12.46.21:621][430]LogWorld: Game class is 'TwinStickMode_C'
[2016.04.20-12.46.21:624][430]LogWorld: Bringing World /Game/UEDPIE_0_NewMap.NewMap up for play (max tick rate 0) at 2016.04.20-20.46.21
[2016.04.20-12.46.21:625][430]LogWorld: Bringing up level for play took: 0.002703
[2016.04.20-12.46.21:627][430]PIE: Info Play in editor start time for /Game/UEDPIE_0_NewMap 0.183
[2016.04.20-12.48.08:082][182]Cmd: OBJ SAVEPACKAGE PACKAGE="/Game/Blueprints/Weapon" FILE="../../../../../../Unreal Project/TwinStickShooter 4.11/Content/Blueprints/Weapon.uasset" SILENT=true
[2016.04.20-12.48.08:131][182]LogSavePackage: Save=44.04ms
[2016.04.20-12.48.08:131][182]LogSavePackage: Moving '../../../../../../Unreal Project/TwinStickShooter 4.11/Saved/Weapon43A94EBB4F273C3AE18A2783C469B4AD.tmp' to '../../../../../../Unreal Project/TwinStickShooter 4.11/Content/Blueprints/Weapon.uasset'
[2016.04.20-12.48.08:134][182]LogSavePackage: Total save time: 49.77ms
[2016.04.20-12.48.08:134][182]LogSavePackage:Display: Finished SavePackage ../../../../../../Unreal Project/TwinStickShooter 4.11/Content/Blueprints/Weapon.uasset
[2016.04.20-12.48.29:891][425]LogSlate:Warning: Prevented a slow task dialog from being summoned while a context menu was open
[2016.04.20-12.48.34:254][902]Cmd: OBJ SAVEPACKAGE PACKAGE="/Game/Blueprints/Weapon" FILE="../../../../../../Unreal Project/TwinStickShooter 4.11/Content/Blueprints/Weapon.uasset" SILENT=true
[2016.04.20-12.48.34:305][902]LogSavePackage: Save=47.78ms
[2016.04.20-12.48.34:305][902]LogSavePackage: Moving '../../../../../../Unreal Project/TwinStickShooter 4.11/Saved/Weapon6D35CBFB4E71753C64C9FC8397054DF5.tmp' to '../../../../../../Unreal Project/TwinStickShooter 4.11/Content/Blueprints/Weapon.uasset'
[2016.04.20-12.48.34:307][902]LogSavePackage: Total save time: 51.47ms
[2016.04.20-12.48.34:307][902]LogSavePackage:Display: Finished SavePackage ../../../../../../Unreal Project/TwinStickShooter 4.11/Content/Blueprints/Weapon.uasset
[2016.04.20-12.49.03:679][900]BlueprintLog: New page: Pre-Play auto-recompile
[2016.04.20-12.49.03:681][900]LogActorComponent: UnregisterComponent: (/Engine/Transient.ProjectileMovement_GEN_VARIABLE) Not registered. Aborting.
[2016.04.20-12.49.03:686][900]LogPlayLevel: [PlayLevel] Compiling Projectile before play...
[2016.04.20-12.49.03:773][900]LogPlayLevel: PlayLevel: Blueprint regeneration took 94 ms (2 blueprints)
[2016.04.20-12.49.03:778][900]LogPlayLevel: [PlayLevel] Compiling Weapon before play...
[2016.04.20-12.49.03:925][900]LogPlayLevel: PlayLevel: Blueprint regeneration took 246 ms (3 blueprints)
[2016.04.20-12.49.03:926][900]LogPlayLevel: [PlayLevel] Compiling HeroCharacter before play...
[2016.04.20-12.49.04:006][900]LogPlayLevel: PlayLevel: Blueprint regeneration took 327 ms (3 blueprints)
[2016.04.20-12.49.04:044][900]PIE: New page: PIE session: NewMap (Apr 21, 2016, 4:49:04 AM)
[2016.04.20-12.49.04:044][900]LogPlayLevel: Creating play world package: /Game/UEDPIE_0_NewMap
[2016.04.20-12.49.04:049][900]LogPlayLevel: PIE: StaticDuplicateObject took: (0.004889s)
[2016.04.20-12.49.04:050][900]LogAIModule: Creating AISystem for world NewMap
[2016.04.20-12.49.04:050][900]LogPlayLevel: PIE: World Init took: (0.000713s)
[2016.04.20-12.49.04:050][900]LogPlayLevel: PIE: Created PIE world by copying editor world from /Game/NewMap.NewMap to /Game/UEDPIE_0_NewMap.NewMap (0.005799s)
[2016.04.20-12.49.04:086][900]LogInit: XAudio2 using 'Speakers / Headphones (Realtek High Definition Audio)' : 2 channels at 48 kHz using 32 bits per sample (channel mask 0x3)
[2016.04.20-12.49.04:095][900]LogInit: FAudioDevice initialized.
[2016.04.20-12.49.04:138][900]LogWorld: Game class is 'TwinStickMode_C'
[2016.04.20-12.49.04:141][900]LogWorld: Bringing World /Game/UEDPIE_0_NewMap.NewMap up for play (max tick rate 0) at 2016.04.20-20.49.04
[2016.04.20-12.49.04:142][900]LogWorld: Bringing up level for play took: 0.002711
[2016.04.20-12.49.04:153][900]PIE: Info Play in editor start time for /Game/UEDPIE_0_NewMap 0.708
[2016.04.20-12.49.06:354][969]LogBlueprintUserMessages: [EnemyCharacter_C_0] 80.0
[2016.04.20-12.49.07:043][993]LogBlueprintUserMessages: [EnemyCharacter_C_0] 60.0
[2016.04.20-12.49.07:471][  8]LogBlueprintUserMessages: [EnemyCharacter_C_0] 40.0
[2016.04.20-12.49.08:070][ 29]LogBlueprintUserMessages: [EnemyCharacter_C_0] 20.0
[2016.04.20-12.49.08:155][ 32]LogBlueprintUserMessages: [EnemyCharacter_C_0] 0.0
[2016.04.20-12.49.15:730][304]LogActorComponent: UnregisterComponent: (/Engine/Transient.ProjectileMovement_GEN_VARIABLE) Not registered. Aborting.
[2016.04.20-12.49.15:730][304]LogActorComponent: UnregisterComponent: (/Engine/Transient.CharMoveComp) Not registered. Aborting.
[2016.04.20-12.49.22:853][ 61]LogMaterial: Missing cached shader map for material ProjectileMat, compiling. 
[2016.04.20-12.49.22:944][ 61]LogMaterial: Missing cached shader map for material ProjectileMat, compiling. 
[2016.04.20-12.49.22:951][ 61]LogMaterial: 0.00 seconds spent updating 1 materials, 1 interfaces, 0 instances, 0 with static permutations.
[2016.04.20-12.49.22:978][ 61]LogMaterial: Missing cached shader map for material FMatExpressionPreview MaterialExpressionVectorParameter_0, compiling. 
[2016.04.20-12.49.26:375][305]MaterialEditorStats: Info Base pass shader with only dynamic lighting: 23 instructions
[2016.04.20-12.49.26:375][305]MaterialEditorStats: Info Vertex shader: 29 instructions
[2016.04.20-12.49.26:375][305]MaterialEditorStats: Info Texture samplers: 0/16
[2016.04.20-12.49.36:791][  6]LogMaterial: Missing cached shader map for material ProjectileMat, compiling. 
[2016.04.20-12.49.36:798][  6]LogMaterial: 0.00 seconds spent updating 1 materials, 1 interfaces, 0 instances, 0 with static permutations.
[2016.04.20-12.49.36:828][  6]LogMaterial: Missing cached shader map for material FMatExpressionPreview MaterialExpressionVectorParameter_0, compiling. 
[2016.04.20-12.49.39:299][165]MaterialEditorStats: Info Base pass shader with only dynamic lighting: 23 instructions
[2016.04.20-12.49.39:299][165]MaterialEditorStats: Info Vertex shader: 29 instructions
[2016.04.20-12.49.39:299][165]MaterialEditorStats: Info Texture samplers: 0/16
[2016.04.20-12.49.45:204][576]LogMaterial: Missing cached shader map for material ProjectileMat, compiling. 
[2016.04.20-12.49.45:211][576]LogMaterial: 0.00 seconds spent updating 1 materials, 1 interfaces, 0 instances, 0 with static permutations.
[2016.04.20-12.49.47:687][765]MaterialEditorStats: Info Base pass shader with only dynamic lighting: 23 instructions
[2016.04.20-12.49.47:687][765]MaterialEditorStats: Info Vertex shader: 29 instructions
[2016.04.20-12.49.47:687][765]MaterialEditorStats: Info Texture samplers: 0/16
[2016.04.20-12.49.53:043][169]LogMaterialEditor: Saving and Compiling material ProjectileMat
[2016.04.20-12.49.53:529][169]LogMaterial: Missing cached shader map for material ProjectileMat, compiling. 
[2016.04.20-12.49.53:544][169]LogMaterial: 0.00 seconds spent updating 1 materials, 1 interfaces, 0 instances, 0 with static permutations.
[2016.04.20-12.49.53:584][169]LogMaterial: Missing cached shader map for material ProjectileMat, compiling. 
[2016.04.20-12.49.53:617][169]LogMaterial: Missing cached shader map for material ProjectileMat, compiling. 
[2016.04.20-12.49.53:633][169]LogMaterial: 0.00 seconds spent updating 1 materials, 1 interfaces, 0 instances, 0 with static permutations.
[2016.04.20-12.49.57:326][169]Cmd: OBJ SAVEPACKAGE PACKAGE="/Game/Materail/ProjectileMat" FILE="../../../../../../Unreal Project/TwinStickShooter 4.11/Content/Materail/ProjectileMat.uasset" SILENT=true
[2016.04.20-12.49.57:339][169]LogSavePackage: Save=9.05ms
[2016.04.20-12.49.57:339][169]LogSavePackage: Moving '../../../../../../Unreal Project/TwinStickShooter 4.11/Saved/ProjectileMat60DA4C0E40F7661D72CD7EB4F085FF3D.tmp' to '../../../../../../Unreal Project/TwinStickShooter 4.11/Content/Materail/ProjectileMat.uasset'
[2016.04.20-12.49.57:341][169]LogSavePackage: Total save time: 13.22ms
[2016.04.20-12.49.57:341][169]LogSavePackage:Display: Finished SavePackage ../../../../../../Unreal Project/TwinStickShooter 4.11/Content/Materail/ProjectileMat.uasset
[2016.04.20-12.49.57:344][169]MaterialEditorStats: Info Base pass shader with only dynamic lighting: 59 instructions
[2016.04.20-12.49.57:344][169]MaterialEditorStats: Info Vertex shader: 29 instructions
[2016.04.20-12.49.57:344][169]MaterialEditorStats: Info Texture samplers: 3/16
[2016.04.20-12.50.36:499][613]LogActorComponent: UnregisterComponent: (/Engine/Transient.CharMoveComp) Not registered. Aborting.
[2016.04.20-12.50.36:499][613]LogActorComponent: UnregisterComponent: (/Engine/Transient.ProjectileMovement_GEN_VARIABLE) Not registered. Aborting.
[2016.04.20-12.50.36:499][613]LogActorComponent: UnregisterComponent: (/Engine/Transient.CharacterMovementComponent_0) Not registered. Aborting.
[2016.04.20-12.50.36:606][613]Cmd: OBJ SAVEPACKAGE PACKAGE="/Game/Blueprints/Projectile" FILE="../../../../../../Unreal Project/TwinStickShooter 4.11/Content/Blueprints/Projectile.uasset" SILENT=true
[2016.04.20-12.50.36:650][613]LogSavePackage: Save=40.56ms
[2016.04.20-12.50.36:650][613]LogSavePackage: Moving '../../../../../../Unreal Project/TwinStickShooter 4.11/Saved/ProjectileEB65D970413BF9492B0203A6EA849E2D.tmp' to '../../../../../../Unreal Project/TwinStickShooter 4.11/Content/Blueprints/Projectile.uasset'
[2016.04.20-12.50.36:652][613]LogSavePackage: Total save time: 44.99ms
[2016.04.20-12.50.36:652][613]LogSavePackage:Display: Finished SavePackage ../../../../../../Unreal Project/TwinStickShooter 4.11/Content/Blueprints/Projectile.uasset
[2016.04.20-12.50.36:699][613]Cmd: OBJ SAVEPACKAGE PACKAGE="/Game/Blueprints/Weapon" FILE="../../../../../../Unreal Project/TwinStickShooter 4.11/Content/Blueprints/Weapon.uasset" SILENT=true
[2016.04.20-12.50.36:747][613]LogSavePackage: Save=45.98ms
[2016.04.20-12.50.36:747][613]LogSavePackage: Moving '../../../../../../Unreal Project/TwinStickShooter 4.11/Saved/WeaponA3060F884BFEE4A1383756A22BA2A74F.tmp' to '../../../../../../Unreal Project/TwinStickShooter 4.11/Content/Blueprints/Weapon.uasset'
[2016.04.20-12.50.36:749][613]LogSavePackage: Total save time: 49.56ms
[2016.04.20-12.50.36:749][613]LogSavePackage:Display: Finished SavePackage ../../../../../../Unreal Project/TwinStickShooter 4.11/Content/Blueprints/Weapon.uasset
[2016.04.20-12.51.05:152][741]LogSlate:Warning: Prevented a slow task dialog from being summoned while a context menu was open
[2016.04.20-12.51.24:075][812]LogActorComponent: UnregisterComponent: (/Engine/Transient.ProjectileMovement_GEN_VARIABLE) Not registered. Aborting.
[2016.04.20-12.51.40:508][588]LogActorComponent: UnregisterComponent: (/Engine/Transient.ProjectileMovement_GEN_VARIABLE) Not registered. Aborting.
[2016.04.20-12.51.40:584][588]Cmd: OBJ SAVEPACKAGE PACKAGE="/Game/Blueprints/Projectile" FILE="../../../../../../Unreal Project/TwinStickShooter 4.11/Content/Blueprints/Projectile.uasset" SILENT=true
[2016.04.20-12.51.40:624][588]LogSavePackage: Save=37.83ms
[2016.04.20-12.51.40:624][588]LogSavePackage: Moving '../../../../../../Unreal Project/TwinStickShooter 4.11/Saved/ProjectileBAB9EC4143D09500C4140680C0D8BD50.tmp' to '../../../../../../Unreal Project/TwinStickShooter 4.11/Content/Blueprints/Projectile.uasset'
[2016.04.20-12.51.40:626][588]LogSavePackage: Total save time: 41.40ms
[2016.04.20-12.51.40:626][588]LogSavePackage:Display: Finished SavePackage ../../../../../../Unreal Project/TwinStickShooter 4.11/Content/Blueprints/Projectile.uasset
[2016.04.20-12.51.41:063][638]BlueprintLog: New page: Compile Projectile
[2016.04.20-12.51.41:093][638]LogActorComponent: UnregisterComponent: (/Engine/Transient.ProjectileMovement_GEN_VARIABLE) Not registered. Aborting.
[2016.04.20-12.51.41:258][638]BlueprintEditorCompileResults: Info [0931.71] Compile of Projectile successful! [in 194 ms]
[2016.04.20-12.51.41:634][673]Cmd: OBJ SAVEPACKAGE PACKAGE="/Game/Blueprints/Projectile" FILE="../../../../../../Unreal Project/TwinStickShooter 4.11/Content/Blueprints/Projectile.uasset" SILENT=true
[2016.04.20-12.51.41:673][673]LogSavePackage: Save=37.23ms
[2016.04.20-12.51.41:673][673]LogSavePackage: Moving '../../../../../../Unreal Project/TwinStickShooter 4.11/Saved/ProjectileE2B0790645588169BAEAA9A2DF890EDF.tmp' to '../../../../../../Unreal Project/TwinStickShooter 4.11/Content/Blueprints/Projectile.uasset'
[2016.04.20-12.51.41:675][673]LogSavePackage: Total save time: 40.38ms
[2016.04.20-12.51.41:675][673]LogSavePackage:Display: Finished SavePackage ../../../../../../Unreal Project/TwinStickShooter 4.11/Content/Blueprints/Projectile.uasset
[2016.04.20-12.51.42:493][766]LogPlayLevel: PlayLevel: No blueprints needed recompiling
[2016.04.20-12.51.42:493][766]PIE: New page: PIE session: NewMap (Apr 21, 2016, 4:51:42 AM)
[2016.04.20-12.51.42:493][766]LogPlayLevel: Creating play world package: /Game/UEDPIE_0_NewMap
[2016.04.20-12.51.42:498][766]LogPlayLevel: PIE: StaticDuplicateObject took: (0.005053s)
[2016.04.20-12.51.42:499][766]LogAIModule: Creating AISystem for world NewMap
[2016.04.20-12.51.42:499][766]LogPlayLevel: PIE: World Init took: (0.000718s)
[2016.04.20-12.51.42:499][766]LogPlayLevel: PIE: Created PIE world by copying editor world from /Game/NewMap.NewMap to /Game/UEDPIE_0_NewMap.NewMap (0.005966s)
[2016.04.20-12.51.42:499][766]LogActorComponent: UnregisterComponent: (/Engine/Transient.ProjectileMovement_GEN_VARIABLE) Not registered. Aborting.
[2016.04.20-12.51.42:499][766]LogActorComponent: UnregisterComponent: (/Engine/Transient.CharMoveComp) Not registered. Aborting.
[2016.04.20-12.51.42:540][766]LogInit: XAudio2 using 'Speakers / Headphones (Realtek High Definition Audio)' : 2 channels at 48 kHz using 32 bits per sample (channel mask 0x3)
[2016.04.20-12.51.42:548][766]LogInit: FAudioDevice initialized.
[2016.04.20-12.51.42:589][766]LogWorld: Game class is 'TwinStickMode_C'
[2016.04.20-12.51.42:592][766]LogWorld: Bringing World /Game/UEDPIE_0_NewMap.NewMap up for play (max tick rate 0) at 2016.04.20-20.51.42
[2016.04.20-12.51.42:593][766]LogWorld: Bringing up level for play took: 0.002734
[2016.04.20-12.51.42:603][766]PIE: Info Play in editor start time for /Game/UEDPIE_0_NewMap -0.842
[2016.04.20-12.51.53:648][281]LogEditorTransaction: Undo Delete current selection
[2016.04.20-12.51.54:693][370]LogActorComponent: UnregisterComponent: (/Engine/Transient.ProjectileMovement_GEN_VARIABLE) Not registered. Aborting.
[2016.04.20-12.51.54:766][370]Cmd: OBJ SAVEPACKAGE PACKAGE="/Game/Blueprints/Projectile" FILE="../../../../../../Unreal Project/TwinStickShooter 4.11/Content/Blueprints/Projectile.uasset" SILENT=true
[2016.04.20-12.51.54:809][370]LogSavePackage: Save=39.70ms
[2016.04.20-12.51.54:809][370]LogSavePackage: Moving '../../../../../../Unreal Project/TwinStickShooter 4.11/Saved/ProjectileE1BA2B904A686AE7C9344DBE7D6EA84F.tmp' to '../../../../../../Unreal Project/TwinStickShooter 4.11/Content/Blueprints/Projectile.uasset'
[2016.04.20-12.51.54:812][370]LogSavePackage: Total save time: 44.12ms
[2016.04.20-12.51.54:812][370]LogSavePackage:Display: Finished SavePackage ../../../../../../Unreal Project/TwinStickShooter 4.11/Content/Blueprints/Projectile.uasset
[2016.04.20-12.52.16:833][636]LogActorComponent: UnregisterComponent: (/Engine/Transient.ProjectileMovement_GEN_VARIABLE) Not registered. Aborting.
[2016.04.20-12.52.16:834][636]LogActorComponent: UnregisterComponent: (/Engine/Transient.CharMoveComp) Not registered. Aborting.
[2016.04.20-12.52.16:834][636]LogActorComponent: UnregisterComponent: (/Engine/Transient.CharacterMovementComponent_1) Not registered. Aborting.
[2016.04.20-12.52.16:901][636]Cmd: OBJ SAVEPACKAGE PACKAGE="/Game/Blueprints/Projectile" FILE="../../../../../../Unreal Project/TwinStickShooter 4.11/Content/Blueprints/Projectile.uasset" SILENT=true
[2016.04.20-12.52.16:940][636]LogSavePackage: Save=36.75ms
[2016.04.20-12.52.16:940][636]LogSavePackage: Moving '../../../../../../Unreal Project/TwinStickShooter 4.11/Saved/Projectile295FC81A4A38944376F2E1A83A207730.tmp' to '../../../../../../Unreal Project/TwinStickShooter 4.11/Content/Blueprints/Projectile.uasset'
[2016.04.20-12.52.16:942][636]LogSavePackage: Total save time: 40.88ms
[2016.04.20-12.52.16:942][636]LogSavePackage:Display: Finished SavePackage ../../../../../../Unreal Project/TwinStickShooter 4.11/Content/Blueprints/Projectile.uasset
[2016.04.20-12.52.18:592][828]LogActorComponent: UnregisterComponent: (/Engine/Transient.CharMoveComp) Not registered. Aborting.
[2016.04.20-12.52.18:670][828]Cmd: OBJ SAVEPACKAGE PACKAGE="/Game/Blueprints/HeroCharacter" FILE="../../../../../../Unreal Project/TwinStickShooter 4.11/Content/Blueprints/HeroCharacter.uasset" SILENT=true
[2016.04.20-12.52.18:759][828]LogSavePackage: Save=86.02ms
[2016.04.20-12.52.18:759][828]LogSavePackage: Moving '../../../../../../Unreal Project/TwinStickShooter 4.11/Saved/HeroCharacter8AAABBD84E97F3D8C01B1DB6AECA9277.tmp' to '../../../../../../Unreal Project/TwinStickShooter 4.11/Content/Blueprints/HeroCharacter.uasset'
[2016.04.20-12.52.18:761][828]LogSavePackage: Total save time: 90.68ms
[2016.04.20-12.52.18:761][828]LogSavePackage:Display: Finished SavePackage ../../../../../../Unreal Project/TwinStickShooter 4.11/Content/Blueprints/HeroCharacter.uasset
[2016.04.20-12.52.20:368][985]BlueprintLog: New page: Pre-Play auto-recompile
[2016.04.20-12.52.20:370][985]LogActorComponent: UnregisterComponent: (/Engine/Transient.CharMoveComp) Not registered. Aborting.
[2016.04.20-12.52.20:375][985]LogPlayLevel: [PlayLevel] Compiling Projectile before play...
[2016.04.20-12.52.20:481][985]LogPlayLevel: PlayLevel: Blueprint regeneration took 113 ms (3 blueprints)
[2016.04.20-12.52.20:489][985]LogPlayLevel: [PlayLevel] Compiling HeroCharacter before play...
[2016.04.20-12.52.20:668][985]LogPlayLevel: PlayLevel: Blueprint regeneration took 300 ms (3 blueprints)
[2016.04.20-12.52.20:673][985]LogPlayLevel: [PlayLevel] Compiling Weapon before play...
[2016.04.20-12.52.20:765][985]LogPlayLevel: PlayLevel: Blueprint regeneration took 397 ms (3 blueprints)
[2016.04.20-12.52.20:804][985]PIE: New page: PIE session: NewMap (Apr 21, 2016, 4:52:20 AM)
[2016.04.20-12.52.20:804][985]LogPlayLevel: Creating play world package: /Game/UEDPIE_0_NewMap
[2016.04.20-12.52.20:809][985]LogPlayLevel: PIE: StaticDuplicateObject took: (0.005190s)
[2016.04.20-12.52.20:810][985]LogAIModule: Creating AISystem for world NewMap
[2016.04.20-12.52.20:810][985]LogPlayLevel: PIE: World Init took: (0.000920s)
[2016.04.20-12.52.20:811][985]LogPlayLevel: PIE: Created PIE world by copying editor world from /Game/NewMap.NewMap to /Game/UEDPIE_0_NewMap.NewMap (0.006349s)
[2016.04.20-12.52.20:846][985]LogInit: XAudio2 using 'Speakers / Headphones (Realtek High Definition Audio)' : 2 channels at 48 kHz using 32 bits per sample (channel mask 0x3)
[2016.04.20-12.52.20:855][985]LogInit: FAudioDevice initialized.
[2016.04.20-12.52.20:896][985]LogWorld: Game class is 'TwinStickMode_C'
[2016.04.20-12.52.20:899][985]LogWorld: Bringing World /Game/UEDPIE_0_NewMap.NewMap up for play (max tick rate 0) at 2016.04.20-20.52.20
[2016.04.20-12.52.20:900][985]LogWorld: Bringing up level for play took: 0.003303
[2016.04.20-12.52.20:911][985]PIE: Info Play in editor start time for /Game/UEDPIE_0_NewMap 1.467
[2016.04.20-12.52.24:315][ 95]LogActorComponent: UnregisterComponent: (/Engine/Transient.ProjectileMovement_GEN_VARIABLE) Not registered. Aborting.
[2016.04.20-12.52.24:315][ 95]LogActorComponent: UnregisterComponent: (/Engine/Transient.CharMoveComp) Not registered. Aborting.
[2016.04.20-12.52.27:331][407]BlueprintLog: New page: Compile HeroCharacter
[2016.04.20-12.52.27:475][407]BlueprintEditorCompileResults: Info [0977.93] Compile of HeroCharacter successful! [in 144 ms]
[2016.04.20-12.52.29:603][619]LogPlayLevel: PlayLevel: No blueprints needed recompiling
[2016.04.20-12.52.29:603][619]PIE: New page: PIE session: NewMap (Apr 21, 2016, 4:52:29 AM)
[2016.04.20-12.52.29:603][619]LogPlayLevel: Creating play world package: /Game/UEDPIE_0_NewMap
[2016.04.20-12.52.29:608][619]LogPlayLevel: PIE: StaticDuplicateObject took: (0.004775s)
[2016.04.20-12.52.29:609][619]LogAIModule: Creating AISystem for world NewMap
[2016.04.20-12.52.29:609][619]LogPlayLevel: PIE: World Init took: (0.000657s)
[2016.04.20-12.52.29:609][619]LogPlayLevel: PIE: Created PIE world by copying editor world from /Game/NewMap.NewMap to /Game/UEDPIE_0_NewMap.NewMap (0.005626s)
[2016.04.20-12.52.29:609][619]LogActorComponent: UnregisterComponent: (/Engine/Transient.CharMoveComp) Not registered. Aborting.
[2016.04.20-12.52.29:644][619]LogInit: XAudio2 using 'Speakers / Headphones (Realtek High Definition Audio)' : 2 channels at 48 kHz using 32 bits per sample (channel mask 0x3)
[2016.04.20-12.52.29:653][619]LogInit: FAudioDevice initialized.
[2016.04.20-12.52.29:698][619]LogWorld: Game class is 'TwinStickMode_C'
[2016.04.20-12.52.29:701][619]LogWorld: Bringing World /Game/UEDPIE_0_NewMap.NewMap up for play (max tick rate 0) at 2016.04.20-20.52.29
[2016.04.20-12.52.29:701][619]LogWorld: Bringing up level for play took: 0.002706
[2016.04.20-12.52.29:719][619]PIE: Info Play in editor start time for /Game/UEDPIE_0_NewMap 0.275
[2016.04.20-12.52.31:614][684]LogBlueprintUserMessages: [EnemyCharacter_C_0] 80.0
[2016.04.20-12.53.06:990][628]LogActorComponent: UnregisterComponent: (/Engine/Transient.CharMoveComp) Not registered. Aborting.
[2016.04.20-12.53.07:086][628]Cmd: OBJ SAVEPACKAGE PACKAGE="/Game/Blueprints/HeroCharacter" FILE="../../../../../../Unreal Project/TwinStickShooter 4.11/Content/Blueprints/HeroCharacter.uasset" SILENT=true
[2016.04.20-12.53.07:172][628]LogSavePackage: Save=83.57ms
[2016.04.20-12.53.07:172][628]LogSavePackage: Moving '../../../../../../Unreal Project/TwinStickShooter 4.11/Saved/HeroCharacter4EFEED0D4E0F4DB72071F08C91FEECD5.tmp' to '../../../../../../Unreal Project/TwinStickShooter 4.11/Content/Blueprints/HeroCharacter.uasset'
[2016.04.20-12.53.07:174][628]LogSavePackage: Total save time: 87.30ms
[2016.04.20-12.53.07:174][628]LogSavePackage:Display: Finished SavePackage ../../../../../../Unreal Project/TwinStickShooter 4.11/Content/Blueprints/HeroCharacter.uasset
[2016.04.20-12.53.13:266][287]LogActorComponent: UnregisterComponent: (/Engine/Transient.CharMoveComp) Not registered. Aborting.
[2016.04.20-12.53.22:442][320]BlueprintLog: New page: Compile Projectile
[2016.04.20-12.53.22:568][320]BlueprintEditorCompileResults: Info [1033.02] Compile of Projectile successful! [in 125 ms]
[2016.04.20-12.53.23:405][412]LogSlate:Warning: Prevented a slow task dialog from being summoned while a context menu was open
[2016.04.20-12.53.23:425][412]Cmd: OBJ SAVEPACKAGE PACKAGE="/Game/Blueprints/Projectile" FILE="../../../../../../Unreal Project/TwinStickShooter 4.11/Content/Blueprints/Projectile.uasset" SILENT=true
[2016.04.20-12.53.23:468][412]LogSavePackage: Save=39.78ms
[2016.04.20-12.53.23:468][412]LogSavePackage: Moving '../../../../../../Unreal Project/TwinStickShooter 4.11/Saved/Projectile632034F04551128FE48FA19C9EAEFB82.tmp' to '../../../../../../Unreal Project/TwinStickShooter 4.11/Content/Blueprints/Projectile.uasset'
[2016.04.20-12.53.23:469][412]LogSavePackage: Total save time: 42.67ms
[2016.04.20-12.53.23:469][412]LogSavePackage:Display: Finished SavePackage ../../../../../../Unreal Project/TwinStickShooter 4.11/Content/Blueprints/Projectile.uasset
[2016.04.20-12.56.52:161][536]LogActorComponent: UnregisterComponent: (/Engine/Transient.ProjectileMovement_GEN_VARIABLE) Not registered. Aborting.
[2016.04.20-12.56.52:202][536]LogFileHelpers: Editor autosave (incl. sublevels) for '/Game/NewMap' took 0.041
[2016.04.20-12.56.52:207][536]OBJ SavePackage: Generating thumbnails for [1] asset(s) in package [/Game/Blueprints/Projectile] ([1] browsable assets)...
[2016.04.20-12.56.52:283][536]OBJ SavePackage:     Rendered thumbnail for [Blueprint /Game/Blueprints/Projectile.Projectile]
[2016.04.20-12.56.52:283][536]OBJ SavePackage: Finished generating thumbnails for package [/Game/Blueprints/Projectile]
[2016.04.20-12.56.52:362][536]LogSavePackage: Save=70.69ms
[2016.04.20-12.56.52:362][536]LogSavePackage: Moving '../../../../../../Unreal Project/TwinStickShooter 4.11/Saved/Projectile_Auto18E826D1B4192C3A5C7A72A85BBED28CF.tmp' to '../../../../../../Unreal Project/TwinStickShooter 4.11/Saved/Autosaves/Game/Blueprints/Projectile_Auto1.uasset'
[2016.04.20-12.56.52:382][536]LogSavePackage: Total save time: 96.63ms
[2016.04.20-12.56.52:382][536]LogSavePackage:Display: Finished SavePackage ../../../../../../Unreal Project/TwinStickShooter 4.11/Saved/Autosaves/Game/Blueprints/Projectile_Auto1.uasset
[2016.04.20-12.56.52:382][536]LogFileHelpers: Auto-saving content packages took 0.179
[2016.04.20-13.01.16:696][211]LogActorComponent: UnregisterComponent: (/Engine/Transient.ProjectileMovement_GEN_VARIABLE) Not registered. Aborting.
[2016.04.20-13.01.16:767][211]Cmd: OBJ SAVEPACKAGE PACKAGE="/Game/Blueprints/Projectile" FILE="../../../../../../Unreal Project/TwinStickShooter 4.11/Content/Blueprints/Projectile.uasset" SILENT=true
[2016.04.20-13.01.16:809][211]LogSavePackage: Save=38.43ms
[2016.04.20-13.01.16:809][211]LogSavePackage: Moving '../../../../../../Unreal Project/TwinStickShooter 4.11/Saved/Projectile434A2A884CAC1601438C979309F9C091.tmp' to '../../../../../../Unreal Project/TwinStickShooter 4.11/Content/Blueprints/Projectile.uasset'
[2016.04.20-13.01.16:811][211]LogSavePackage: Total save time: 42.59ms
[2016.04.20-13.01.16:811][211]LogSavePackage:Display: Finished SavePackage ../../../../../../Unreal Project/TwinStickShooter 4.11/Content/Blueprints/Projectile.uasset
[2016.04.20-13.01.18:071][357]BlueprintLog: New page: Compile Projectile
[2016.04.20-13.01.18:091][357]LogActorComponent: UnregisterComponent: (/Engine/Transient.ProjectileMovement_GEN_VARIABLE) Not registered. Aborting.
[2016.04.20-13.01.18:196][357]BlueprintEditorCompileResults: Info [1508.65] Compile of Projectile successful! [in 124 ms]
[2016.04.20-13.01.18:699][408]Cmd: OBJ SAVEPACKAGE PACKAGE="/Game/Blueprints/Projectile" FILE="../../../../../../Unreal Project/TwinStickShooter 4.11/Content/Blueprints/Projectile.uasset" SILENT=true
[2016.04.20-13.01.18:741][408]LogSavePackage: Save=39.07ms
[2016.04.20-13.01.18:741][408]LogSavePackage: Moving '../../../../../../Unreal Project/TwinStickShooter 4.11/Saved/Projectile2E01CA234FD752AC7A5F16B9540D20E4.tmp' to '../../../../../../Unreal Project/TwinStickShooter 4.11/Content/Blueprints/Projectile.uasset'
[2016.04.20-13.01.18:742][408]LogSavePackage: Total save time: 42.00ms
[2016.04.20-13.01.18:742][408]LogSavePackage:Display: Finished SavePackage ../../../../../../Unreal Project/TwinStickShooter 4.11/Content/Blueprints/Projectile.uasset
[2016.04.20-13.01.19:644][509]BlueprintLog: New page: Pre-Play auto-recompile
[2016.04.20-13.01.19:647][509]LogActorComponent: UnregisterComponent: (/Engine/Transient.ProjectileMovement_GEN_VARIABLE) Not registered. Aborting.
[2016.04.20-13.01.19:657][509]LogPlayLevel: [PlayLevel] Compiling HeroCharacter before play...
[2016.04.20-13.01.19:760][509]LogPlayLevel: PlayLevel: Blueprint regeneration took 116 ms (1 blueprints)
[2016.04.20-13.01.19:796][509]PIE: New page: PIE session: NewMap (Apr 21, 2016, 5:01:19 AM)
[2016.04.20-13.01.19:797][509]LogPlayLevel: Creating play world package: /Game/UEDPIE_0_NewMap
[2016.04.20-13.01.19:802][509]LogPlayLevel: PIE: StaticDuplicateObject took: (0.004939s)
[2016.04.20-13.01.19:802][509]LogAIModule: Creating AISystem for world NewMap
[2016.04.20-13.01.19:802][509]LogPlayLevel: PIE: World Init took: (0.000730s)
[2016.04.20-13.01.19:802][509]LogPlayLevel: PIE: Created PIE world by copying editor world from /Game/NewMap.NewMap to /Game/UEDPIE_0_NewMap.NewMap (0.005874s)
[2016.04.20-13.01.19:838][509]LogInit: XAudio2 using 'Speakers / Headphones (Realtek High Definition Audio)' : 2 channels at 48 kHz using 32 bits per sample (channel mask 0x3)
[2016.04.20-13.01.19:846][509]LogInit: FAudioDevice initialized.
[2016.04.20-13.01.19:888][509]LogWorld: Game class is 'TwinStickMode_C'
[2016.04.20-13.01.19:890][509]LogWorld: Bringing World /Game/UEDPIE_0_NewMap.NewMap up for play (max tick rate 0) at 2016.04.20-21.01.19
[2016.04.20-13.01.19:891][509]LogWorld: Bringing up level for play took: 0.003057
[2016.04.20-13.01.19:901][509]PIE: Info Play in editor start time for /Game/UEDPIE_0_NewMap 0.456
[2016.04.20-13.01.24:011][652]LogBlueprintUserMessages: [EnemyCharacter_C_0] 80.0
[2016.04.20-13.01.24:152][657]LogBlueprintUserMessages: [EnemyCharacter_C_0] 60.0
[2016.04.20-13.01.24:181][658]LogBlueprintUserMessages: [EnemyCharacter_C_0] 40.0
[2016.04.20-13.01.25:430][703]LogBlueprintUserMessages: [EnemyCharacter_C_0] 20.0
[2016.04.20-13.01.26:925][757]LogBlueprintUserMessages: [EnemyCharacter_C_0] 0.0
[2016.04.20-13.01.28:412][810]LogActorComponent: UnregisterComponent: (/Engine/Transient.CharMoveComp) Not registered. Aborting.
[2016.04.20-13.01.46:682][913]LogPlayLevel: PlayLevel: No blueprints needed recompiling
[2016.04.20-13.01.46:682][913]PIE: New page: PIE session: NewMap (Apr 21, 2016, 5:01:46 AM)
[2016.04.20-13.01.46:682][913]LogPlayLevel: Creating play world package: /Game/UEDPIE_0_NewMap
[2016.04.20-13.01.46:687][913]LogPlayLevel: PIE: StaticDuplicateObject took: (0.004900s)
[2016.04.20-13.01.46:688][913]LogAIModule: Creating AISystem for world NewMap
[2016.04.20-13.01.46:688][913]LogPlayLevel: PIE: World Init took: (0.000672s)
[2016.04.20-13.01.46:688][913]LogPlayLevel: PIE: Created PIE world by copying editor world from /Game/NewMap.NewMap to /Game/UEDPIE_0_NewMap.NewMap (0.005770s)
[2016.04.20-13.01.46:723][913]LogInit: XAudio2 using 'Speakers / Headphones (Realtek High Definition Audio)' : 2 channels at 48 kHz using 32 bits per sample (channel mask 0x3)
[2016.04.20-13.01.46:731][913]LogInit: FAudioDevice initialized.
[2016.04.20-13.01.46:774][913]LogWorld: Game class is 'TwinStickMode_C'
[2016.04.20-13.01.46:777][913]LogWorld: Bringing World /Game/UEDPIE_0_NewMap.NewMap up for play (max tick rate 0) at 2016.04.20-21.01.46
[2016.04.20-13.01.46:778][913]LogWorld: Bringing up level for play took: 0.003094
[2016.04.20-13.01.46:787][913]PIE: Info Play in editor start time for /Game/UEDPIE_0_NewMap -0.657
[2016.04.20-13.01.50:039][ 30]LogBlueprintUserMessages: [EnemyCharacter_C_0] 80.0
[2016.04.20-13.01.50:780][ 57]LogBlueprintUserMessages: [EnemyCharacter_C_0] 60.0
[2016.04.20-13.01.52:320][114]LogBlueprintUserMessages: [EnemyCharacter_C_0] 40.0
[2016.04.20-13.01.52:508][121]LogBlueprintUserMessages: [EnemyCharacter_C_0] 20.0
[2016.04.20-13.01.52:701][128]LogBlueprintUserMessages: [EnemyCharacter_C_0] 0.0
[2016.04.21-00.59.32:710][786]LogActorComponent: UnregisterComponent: (/Engine/Transient.EditorFloorComp) Not registered. Aborting.
[2016.04.21-00.59.32:766][786]LogActorComponent: UnregisterComponent: (/Engine/Transient.EditorFloorComp) Not registered. Aborting.
[2016.04.21-00.59.33:071][787]Cmd: QUIT_EDITOR
[2016.04.21-00.59.33:790][787]LogWindowsTextInputMethodSystem:Display: IME system now activated using TSF (搜狗拼音输入法).
[2016.04.21-00.59.33:861][787]LogExit: Preparing to exit.
[2016.04.21-00.59.34:929][787]LogExit: Editor shut down
[2016.04.21-00.59.34:930][787]LogExit: Transaction tracking system shut down
[2016.04.21-00.59.35:123][787]LogObj: Freed 0b from 0 cluster array pools.
[2016.04.21-00.59.35:123][787]LogExit: Object subsystem successfully closed.
[2016.04.21-00.59.35:138][787]LogD3D11RHI: Shutdown
[2016.04.21-00.59.35:138][787]LogD3D11RHI: CleanupD3DDevice
[2016.04.21-00.59.35:232][787]LogD3D11RHI: ~FD3D11DynamicRHI
[2016.04.21-00.59.35:247][787]LogDerivedDataCache: Shutdown
[2016.04.21-00.59.35:248][787]LogModuleManager: Shutting down and abandoning module MaterialEditor (209)
[2016.04.21-00.59.35:248][787]LogModuleManager: Shutting down and abandoning module MovieSceneCapture (208)
[2016.04.21-00.59.35:248][787]LogModuleManager: Shutting down and abandoning module BlueprintGraph (207)
[2016.04.21-00.59.35:248][787]LogModuleManager: Shutting down and abandoning module HierarchicalLODOutliner (206)
[2016.04.21-00.59.35:248][787]LogModuleManager: Shutting down and abandoning module ExternalImagePicker (205)
[2016.04.21-00.59.35:248][787]LogModuleManager: Shutting down and abandoning module CrashTracker (204)
[2016.04.21-00.59.35:248][787]LogModuleManager: Shutting down and abandoning module SceneOutliner (203)
[2016.04.21-00.59.35:248][787]LogModuleManager: Shutting down and abandoning module SuperSearch (202)
[2016.04.21-00.59.35:248][787]LogModuleManager: Shutting down and abandoning module WidgetCarousel (201)
[2016.04.21-00.59.35:248][787]LogModuleManager: Shutting down and abandoning module AddContentDialog (200)
[2016.04.21-00.59.35:250][787]LogModuleManager: Shutting down and abandoning module GameplayTags (199)
[2016.04.21-00.59.35:250][787]LogModuleManager: Shutting down and abandoning module EditorWidgets (198)
[2016.04.21-00.59.35:250][787]LogModuleManager: Shutting down and abandoning module CollectionManager (197)
[2016.04.21-00.59.35:251][787]LogModuleManager: Shutting down and abandoning module StatsViewer (196)
[2016.04.21-00.59.35:251][787]LogModuleManager: Shutting down and abandoning module FoliageEdit (195)
[2016.04.21-00.59.35:251][787]LogModuleManager: Shutting down and abandoning module LandscapeEditor (194)
[2016.04.21-00.59.35:251][787]LogModuleManager: Shutting down and abandoning module ActorPickerMode (193)
[2016.04.21-00.59.35:251][787]LogModuleManager: Shutting down and abandoning module GeometryMode (192)
[2016.04.21-00.59.35:251][787]LogModuleManager: Shutting down and abandoning module TextureAlignMode (191)
[2016.04.21-00.59.35:251][787]LogModuleManager: Shutting down and abandoning module BspMode (190)
[2016.04.21-00.59.35:251][787]LogModuleManager: Shutting down and abandoning module PlacementMode (189)
[2016.04.21-00.59.35:251][787]LogModuleManager: Shutting down and abandoning module AutomationWorker (188)
[2016.04.21-00.59.35:251][787]LogModuleManager: Shutting down and abandoning module CharacterAI (187)
[2016.04.21-00.59.35:251][787]LogModuleManager: Shutting down and abandoning module SmartSnapping (186)
[2016.04.21-00.59.35:251][787]LogModuleManager: Shutting down and abandoning module ViewportSnapping (185)
[2016.04.21-00.59.35:251][787]LogModuleManager: Shutting down and abandoning module LogVisualizer (184)
[2016.04.21-00.59.35:251][787]LogModuleManager: Shutting down and abandoning module GameProjectGeneration (183)
[2016.04.21-00.59.35:251][787]LogModuleManager: Shutting down and abandoning module IntroTutorials (182)
[2016.04.21-00.59.35:251][787]LogModuleManager: Shutting down and abandoning module EditorLiveStreaming (181)
[2016.04.21-00.59.35:252][787]LogModuleManager: Shutting down and abandoning module IOSPlatformEditor (180)
[2016.04.21-00.59.35:252][787]LogModuleManager: Shutting down and abandoning module HTML5PlatformEditor (179)
[2016.04.21-00.59.35:252][787]LogModuleManager: Shutting down and abandoning module AndroidDeviceDetection (178)
[2016.04.21-00.59.35:289][787]LogModuleManager: Shutting down and abandoning module AndroidPlatformEditor (177)
[2016.04.21-00.59.35:289][787]LogModuleManager: Shutting down and abandoning module IOSRuntimeSettings (176)
[2016.04.21-00.59.35:289][787]LogModuleManager: Shutting down and abandoning module AndroidRuntimeSettings (175)
[2016.04.21-00.59.35:289][787]LogModuleManager: Shutting down and abandoning module MergeActors (174)
[2016.04.21-00.59.35:289][787]LogModuleManager: Shutting down and abandoning module SizeMap (173)
[2016.04.21-00.59.35:289][787]LogModuleManager: Shutting down and abandoning module TreeMap (172)
[2016.04.21-00.59.35:289][787]LogModuleManager: Shutting down and abandoning module ReferenceViewer (171)
[2016.04.21-00.59.35:289][787]LogModuleManager: Shutting down and abandoning module LocalizationService (170)
[2016.04.21-00.59.35:289][787]LogModuleManager: Shutting down and abandoning module LocalizationDashboard (169)
[2016.04.21-00.59.35:289][787]LogModuleManager: Shutting down and abandoning module HardwareTargeting (168)
[2016.04.21-00.59.35:289][787]LogModuleManager: Shutting down and abandoning module DeviceProfileEditor (167)
[2016.04.21-00.59.35:289][787]LogModuleManager: Shutting down and abandoning module UndoHistory (166)
[2016.04.21-00.59.35:289][787]LogModuleManager: Shutting down and abandoning module UserFeedback (165)
[2016.04.21-00.59.35:289][787]LogModuleManager: Shutting down and abandoning module XmlParser (164)
[2016.04.21-00.59.35:289][787]LogModuleManager: Shutting down and abandoning module Blutility (163)
[2016.04.21-00.59.35:289][787]LogModuleManager: Shutting down and abandoning module ProjectTargetPlatformEditor (162)
[2016.04.21-00.59.35:289][787]LogModuleManager: Shutting down and abandoning module ProjectSettingsViewer (161)
[2016.04.21-00.59.35:290][787]LogModuleManager: Shutting down and abandoning module InputBindingEditor (160)
[2016.04.21-00.59.35:290][787]LogModuleManager: Shutting down and abandoning module EditorSettingsViewer (159)
[2016.04.21-00.59.35:290][787]LogModuleManager: Shutting down and abandoning module SettingsEditor (158)
[2016.04.21-00.59.35:290][787]LogModuleManager: Shutting down and abandoning module ProjectLauncher (157)
[2016.04.21-00.59.35:290][787]LogModuleManager: Shutting down and abandoning module SessionFrontend (156)
[2016.04.21-00.59.35:290][787]LogModuleManager: Shutting down and abandoning module ProfilerClient (155)
[2016.04.21-00.59.35:290][787]LogModuleManager: Shutting down and abandoning module TargetDeviceServices (154)
[2016.04.21-00.59.35:290][787]LogModuleManager: Shutting down and abandoning module DeviceManager (153)
[2016.04.21-00.59.35:323][787]LogModuleManager: Shutting down and abandoning module AutomationController (152)
[2016.04.21-00.59.35:323][787]LogModuleManager: Shutting down and abandoning module AutomationWindow (151)
[2016.04.21-00.59.35:323][787]LogModuleManager: Shutting down and abandoning module Layers (150)
[2016.04.21-00.59.35:323][787]LogModuleManager: Shutting down and abandoning module ComponentVisualizers (149)
[2016.04.21-00.59.35:323][787]LogModuleManager: Shutting down and abandoning module DetailCustomizations (148)
[2016.04.21-00.59.35:323][787]LogModuleManager: Shutting down and abandoning module PackagesDialog (147)
[2016.04.21-00.59.35:323][787]LogModuleManager: Shutting down and abandoning module Persona (146)
[2016.04.21-00.59.35:323][787]LogModuleManager: Shutting down and abandoning module Kismet (145)
[2016.04.21-00.59.35:323][787]LogModuleManager: Shutting down and abandoning module GraphEditor (144)
[2016.04.21-00.59.35:324][787]LogModuleManager: Shutting down and abandoning module ClassViewer (143)
[2016.04.21-00.59.35:325][787]LogModuleManager: Shutting down and abandoning module Toolbox (142)
[2016.04.21-00.59.35:325][787]LogModuleManager: Shutting down and abandoning module ModuleUI (141)
[2016.04.21-00.59.35:325][787]LogModuleManager: Shutting down and abandoning module MovieSceneTools (140)
[2016.04.21-00.59.35:325][787]LogModuleManager: Shutting down and abandoning module OutputLog (139)
[2016.04.21-00.59.35:325][787]LogModuleManager: Shutting down and abandoning module GammaUI (138)
[2016.04.21-00.59.35:325][787]LogModuleManager: Shutting down and abandoning module Documentation (137)
[2016.04.21-00.59.35:325][787]LogModuleManager: Shutting down and abandoning module StreamingPauseRendering (136)
[2016.04.21-00.59.35:325][787]LogModuleManager: Shutting down and abandoning module AnalyticsET (135)
[2016.04.21-00.59.35:325][787]LogModuleManager: Shutting down and abandoning module Analytics (134)
[2016.04.21-00.59.35:325][787]LogModuleManager: Shutting down and abandoning module PortalServices (133)
[2016.04.21-00.59.35:325][787]LogModuleManager: Shutting down and abandoning module PortalRpc (132)
[2016.04.21-00.59.35:325][787]LogModuleManager: Shutting down and abandoning module MessagingRpc (131)
[2016.04.21-00.59.35:325][787]LogModuleManager: Shutting down and abandoning module AITestSuite (130)
[2016.04.21-00.59.35:325][787]LogModuleManager: Shutting down and abandoning module GameplayDebugger (129)
[2016.04.21-00.59.35:325][787]LogModuleManager: Shutting down and abandoning module AIModule (128)
[2016.04.21-00.59.35:325][787]LogModuleManager: Shutting down and abandoning module ProfilerService (127)
[2016.04.21-00.59.35:342][787]LogModuleManager: Shutting down and abandoning module TaskGraph (126)
[2016.04.21-00.59.35:342][787]LogModuleManager: Shutting down and abandoning module SlateRemote (125)
[2016.04.21-00.59.35:342][787]LogModuleManager: Shutting down and abandoning module SteamVRController (124)
[2016.04.21-00.59.35:342][787]LogModuleManager: Shutting down and abandoning module SteamVR (123)
[2016.04.21-00.59.35:342][787]LogModuleManager: Shutting down and abandoning module ProceduralMeshComponent (122)
[2016.04.21-00.59.35:342][787]LogModuleManager: Shutting down and abandoning module OculusLibrary (121)
[2016.04.21-00.59.35:342][787]LogModuleManager: Shutting down and abandoning module OculusInput (120)
[2016.04.21-00.59.35:342][787]LogModuleManager: Shutting down and abandoning module CustomMeshComponent (119)
[2016.04.21-00.59.35:342][787]LogModuleManager: Shutting down and abandoning module CableComponent (118)
[2016.04.21-00.59.35:342][787]LogModuleManager: Shutting down and abandoning module ArchVisCharacter (117)
[2016.04.21-00.59.35:342][787]LogModuleManager: Shutting down and abandoning module MediaPlayerEditor (116)
[2016.04.21-00.59.35:342][787]LogModuleManager: Shutting down and abandoning module HTML5Networking (115)
[2016.04.21-00.59.35:342][787]LogModuleManager: Shutting down and abandoning module SpeedTreeImporter (114)
[2016.04.21-00.59.35:342][787]LogModuleManager: Shutting down and abandoning module PluginBrowser (113)
[2016.04.21-00.59.35:342][787]LogModuleManager: Shutting down and abandoning module EpicSurvey (112)
[2016.04.21-00.59.35:342][787]LogModuleManager: Shutting down and abandoning module DesktopPlatform (111)
[2016.04.21-00.59.35:342][787]LogModuleManager: Shutting down and abandoning module VisualStudioSourceCodeAccess (110)
[2016.04.21-00.59.35:342][787]LogModuleManager: Shutting down and abandoning module UObjectPlugin (109)
[2016.04.21-00.59.35:342][787]LogModuleManager: Shutting down and abandoning module SubversionSourceControl (108)
[2016.04.21-00.59.35:343][787]LogModuleManager: Shutting down and abandoning module PerforceSourceControl (107)
[2016.04.21-00.59.35:343][787]LogModuleManager: Shutting down and abandoning module SourceControl (106)
[2016.04.21-00.59.35:343][787]LogModuleManager: Shutting down and abandoning module GitSourceControl (105)
[2016.04.21-00.59.35:343][787]LogModuleManager: Shutting down and abandoning module LightPropagationVolumeEditor (104)
[2016.04.21-00.59.35:343][787]LogModuleManager: Shutting down and abandoning module PaperTiledImporter (103)
[2016.04.21-00.59.35:343][787]LogModuleManager: Shutting down and abandoning module PaperSpriteSheetImporter (102)
[2016.04.21-00.59.35:343][787]LogModuleManager: Shutting down and abandoning module MeshPaint (101)
[2016.04.21-00.59.35:343][787]LogModuleManager: Shutting down and abandoning module HotReload (100)
[2016.04.21-00.59.35:344][787]LogModuleManager: Shutting down and abandoning module MainFrame (99)
[2016.04.21-00.59.35:344][787]LogModuleManager: Shutting down and abandoning module LevelEditor (98)
[2016.04.21-00.59.35:345][787]LogModuleManager: Shutting down and abandoning module DirectoryWatcher (97)
[2016.04.21-00.59.35:348][787]LogModuleManager: Shutting down and abandoning module AssetRegistry (96)
[2016.04.21-00.59.35:497][787]LogModuleManager: Shutting down and abandoning module ContentBrowser (95)
[2016.04.21-00.59.35:497][787]LogModuleManager: Shutting down and abandoning module Paper2DEditor (94)
[2016.04.21-00.59.35:498][787]LogModuleManager: Shutting down and abandoning module TwinStickShooter (93)
[2016.04.21-00.59.35:498][787]LogModuleManager: Shutting down and abandoning module UdpMessaging (92)
[2016.04.21-00.59.35:599][787]LogModuleManager: Shutting down and abandoning module LightPropagationVolumeRuntime (91)
[2016.04.21-00.59.35:599][787]LogModuleManager: Shutting down and abandoning module Paper2D (90)
[2016.04.21-00.59.35:599][787]LogModuleManager: Shutting down and abandoning module WindowsMoviePlayer (89)
[2016.04.21-00.59.35:599][787]LogModuleManager: Shutting down and abandoning module Media (88)
[2016.04.21-00.59.35:599][787]LogModuleManager: Shutting down and abandoning module WmfMedia (87)
[2016.04.21-00.59.35:599][787]LogModuleManager: Shutting down and abandoning module MediaAssets (86)
[2016.04.21-00.59.35:599][787]LogModuleManager: Shutting down and abandoning module GameLiveStreaming (85)
[2016.04.21-00.59.35:599][787]LogModuleManager: Shutting down and abandoning module GameplayTagsEditor (84)
[2016.04.21-00.59.35:599][787]LogModuleManager: Shutting down and abandoning module OnlineBlueprintSupport (83)
[2016.04.21-00.59.35:599][787]LogModuleManager: Shutting down and abandoning module GameplayTasksEditor (82)
[2016.04.21-00.59.35:599][787]LogModuleManager: Shutting down and abandoning module PropertyEditor (81)
[2016.04.21-00.59.35:599][787]LogModuleManager: Shutting down and abandoning module BehaviorTreeEditor (80)
[2016.04.21-00.59.35:599][787]LogModuleManager: Shutting down and abandoning module FunctionalTesting (79)
[2016.04.21-00.59.35:599][787]LogModuleManager: Shutting down and abandoning module CollisionAnalyzer (78)
[2016.04.21-00.59.35:599][787]LogModuleManager: Shutting down and abandoning module WorkspaceMenuStructure (77)
[2016.04.21-00.59.35:599][787]LogModuleManager: Shutting down and abandoning module MessageLog (76)
[2016.04.21-00.59.35:599][787]LogModuleManager: Shutting down and abandoning module Sequencer (75)
[2016.04.21-00.59.35:599][787]LogModuleManager: Shutting down and abandoning module AssetTools (74)
[2016.04.21-00.59.35:599][787]LogModuleManager: Shutting down and abandoning module UMGEditor (73)
[2016.04.21-00.59.35:599][787]LogModuleManager: Shutting down and abandoning module UMG (72)
[2016.04.21-00.59.35:599][787]LogModuleManager: Shutting down and abandoning module SlateReflector (71)
[2016.04.21-00.59.35:599][787]LogModuleManager: Shutting down and abandoning module Slate (70)
[2016.04.21-00.59.35:599][787]LogModuleManager: Shutting down and abandoning module EditorStyle (69)
[2016.04.21-00.59.35:601][787]LogModuleManager: Shutting down and abandoning module SessionServices (68)
[2016.04.21-00.59.35:601][787]LogModuleManager: Shutting down and abandoning module SourceCodeAccess (67)
[2016.04.21-00.59.35:601][787]LogModuleManager: Shutting down and abandoning module HeadMountedDisplay (66)
[2016.04.21-00.59.35:601][787]LogModuleManager: Shutting down and abandoning module XAudio2 (65)
[2016.04.21-00.59.35:601][787]LogModuleManager: Shutting down and abandoning module Networking (63)
[2016.04.21-00.59.35:601][787]LogModuleManager: Shutting down and abandoning module Core (62)
[2016.04.21-00.59.35:601][787]LogModuleManager: Shutting down and abandoning module KismetCompiler (61)
[2016.04.21-00.59.35:601][787]LogModuleManager: Shutting down and abandoning module PhysXFormats (60)
[2016.04.21-00.59.35:601][787]LogModuleManager: Shutting down and abandoning module MeshUtilities (59)
[2016.04.21-00.59.35:601][787]LogModuleManager: Shutting down and abandoning module CookingStats (58)
[2016.04.21-00.59.35:601][787]LogModuleManager: Shutting down and abandoning module DerivedDataCache (57)
[2016.04.21-00.59.35:601][787]LogDerivedDataCache: Shutdown
[2016.04.21-00.59.35:601][787]LogModuleManager: Shutting down and abandoning module ShaderFormatOpenGL (56)
[2016.04.21-00.59.35:602][787]LogModuleManager: Shutting down and abandoning module ShaderFormatD3D (55)
[2016.04.21-00.59.35:602][787]LogModuleManager: Shutting down and abandoning module MetalShaderFormat (54)
[2016.04.21-00.59.35:602][787]LogModuleManager: Shutting down and abandoning module TextureFormatUncompressed (53)
[2016.04.21-00.59.35:602][787]LogModuleManager: Shutting down and abandoning module TextureFormatPVR (52)
[2016.04.21-00.59.35:602][787]LogModuleManager: Shutting down and abandoning module TextureFormatIntelISPCTexComp (51)
[2016.04.21-00.59.35:602][787]LogModuleManager: Shutting down and abandoning module TextureFormatDXT (50)
[2016.04.21-00.59.35:602][787]LogModuleManager: Shutting down and abandoning module ImageWrapper (49)
[2016.04.21-00.59.35:602][787]LogModuleManager: Shutting down and abandoning module TextureFormatASTC (48)
[2016.04.21-00.59.35:602][787]LogModuleManager: Shutting down and abandoning module TextureFormatAndroid (47)
[2016.04.21-00.59.35:602][787]LogModuleManager: Shutting down and abandoning module AudioFormatOpus (46)
[2016.04.21-00.59.35:602][787]LogModuleManager: Shutting down and abandoning module AudioFormatOgg (45)
[2016.04.21-00.59.35:602][787]LogModuleManager: Shutting down and abandoning module AudioFormatADPCM (44)
[2016.04.21-00.59.35:602][787]LogModuleManager: Shutting down and abandoning module LinuxTargetPlatform (43)
[2016.04.21-00.59.35:602][787]LogModuleManager: Shutting down and abandoning module LinuxServerTargetPlatform (42)
[2016.04.21-00.59.35:602][787]LogModuleManager: Shutting down and abandoning module LinuxNoEditorTargetPlatform (41)
[2016.04.21-00.59.35:602][787]LogModuleManager: Shutting down and abandoning module TVOSTargetPlatform (40)
[2016.04.21-00.59.35:602][787]LogModuleManager: Shutting down and abandoning module Messaging (39)
[2016.04.21-00.59.35:602][787]LogModuleManager: Shutting down and abandoning module IOSTargetPlatform (38)
[2016.04.21-00.59.35:602][787]LogModuleManager: Shutting down and abandoning module HTML5TargetPlatform (37)
[2016.04.21-00.59.35:602][787]LogModuleManager: Shutting down and abandoning module Android_PVRTCTargetPlatform (36)
[2016.04.21-00.59.35:602][787]LogModuleManager: Shutting down and abandoning module Android_MultiTargetPlatform (35)
[2016.04.21-00.59.35:602][787]LogModuleManager: Shutting down and abandoning module Android_ETC2TargetPlatform (34)
[2016.04.21-00.59.35:602][787]LogModuleManager: Shutting down and abandoning module Android_ETC1TargetPlatform (33)
[2016.04.21-00.59.35:602][787]LogModuleManager: Shutting down and abandoning module Android_DXTTargetPlatform (32)
[2016.04.21-00.59.35:602][787]LogModuleManager: Shutting down and abandoning module Android_ATCTargetPlatform (31)
[2016.04.21-00.59.35:602][787]LogModuleManager: Shutting down and abandoning module Android_ASTCTargetPlatform (30)
[2016.04.21-00.59.35:602][787]LogModuleManager: Shutting down and abandoning module AndroidTargetPlatform (29)
[2016.04.21-00.59.35:602][787]LogModuleManager: Shutting down and abandoning module WindowsTargetPlatform (28)
[2016.04.21-00.59.35:602][787]LogModuleManager: Shutting down and abandoning module WindowsServerTargetPlatform (27)
[2016.04.21-00.59.35:602][787]LogModuleManager: Shutting down and abandoning module WindowsNoEditorTargetPlatform (26)
[2016.04.21-00.59.35:602][787]LogModuleManager: Shutting down and abandoning module WindowsClientTargetPlatform (25)
[2016.04.21-00.59.35:602][787]LogModuleManager: Shutting down and abandoning module AllDesktopTargetPlatform (24)
[2016.04.21-00.59.35:602][787]LogModuleManager: Shutting down and abandoning module TargetPlatform (23)
[2016.04.21-00.59.35:602][787]LogModuleManager: Shutting down and abandoning module InputCore (22)
[2016.04.21-00.59.35:602][787]LogModuleManager: Shutting down and abandoning module Settings (21)
[2016.04.21-00.59.35:602][787]LogModuleManager: Shutting down and abandoning module OnlineSubsystem (19)
[2016.04.21-00.59.35:602][787]LogModuleManager: Shutting down and abandoning module HTTP (18)
[2016.04.21-00.59.39:608][787]LogModuleManager: Shutting down and abandoning module XMPP (17)
[2016.04.21-00.59.39:608][787]LogModuleManager: Shutting down and abandoning module OculusRift (16)
[2016.04.21-00.59.39:608][787]LogModuleManager: Shutting down and abandoning module ExampleDeviceProfileSelector (15)
[2016.04.21-00.59.39:608][787]LogModuleManager: Shutting down and abandoning module TextureCompressor (14)
[2016.04.21-00.59.39:608][787]LogModuleManager: Shutting down and abandoning module ShaderCore (13)
[2016.04.21-00.59.39:608][787]LogModuleManager: Shutting down and abandoning module Landscape (12)
[2016.04.21-00.59.39:608][787]LogModuleManager: Shutting down and abandoning module SlateRHIRenderer (11)
[2016.04.21-00.59.39:615][787]LogModuleManager: Shutting down and abandoning module OpenGLDrv (10)
[2016.04.21-00.59.39:615][787]LogModuleManager: Shutting down and abandoning module D3D11RHI (9)
[2016.04.21-00.59.39:615][787]LogModuleManager: Shutting down and abandoning module AnimGraphRuntime (8)
[2016.04.21-00.59.39:615][787]LogModuleManager: Shutting down and abandoning module Renderer (7)
[2016.04.21-00.59.39:615][787]LogModuleManager: Shutting down and abandoning module Engine (6)
[2016.04.21-00.59.39:615][787]LogModuleManager: Shutting down and abandoning module CoreUObject (5)
[2016.04.21-00.59.39:615][787]LogModuleManager: Shutting down and abandoning module NetworkFile (4)
[2016.04.21-00.59.39:615][787]LogModuleManager: Shutting down and abandoning module StreamingFile (3)
[2016.04.21-00.59.39:615][787]LogModuleManager: Shutting down and abandoning module SandboxFile (2)
[2016.04.21-00.59.39:615][787]LogModuleManager: Shutting down and abandoning module PakFile (1)
[2016.04.21-00.59.39:617][787]LogExit: Exiting.
[2016.04.21-00.59.39:647][787]Log file closed, 04/21/16 08:59:39
