Log file open, 04/26/16 09:03:45
LogInit:Display: Running engine for game: TwinStickShooter
LogPlatformFile: Not using cached read wrapper
LogInit:Display: RandInit(-541004642) SRandInit(-541004639).
LogTaskGraph: Started task graph with 4 named threads and 5 total threads.
LogStats: Stats thread started at 0.056890
LogInit: Version: 4.11.2-2946394+++UE4+Release-4.11
LogInit: API Version: 2927265
LogInit: Compiled (64-bit): Apr 18 2016 02:18:46
LogInit: Compiled with Visual C++: 19.00.23026.00
LogInit: Build Configuration: Development
LogInit: Branch Name: ++UE4+Release-4.11
LogInit: Command line:  
LogInit: Base directory: D:/Program Files/Epic Games/4.11/Engine/Binaries/Win64/
LogInit: Installed Engine Build: 1
LogInit: Using libcurl 7.41.0
LogInit:  - built for x86_64-pc-win32
LogInit:  - supports SSL with WinSSL
LogInit:  - other features:
LogInit:      CURL_VERSION_SSL
LogInit:      CURL_VERSION_IPV6
LogInit:      CURL_VERSION_ASYNCHDNS
LogInit:      CURL_VERSION_LARGEFILE
LogInit:      CURL_VERSION_IDN
LogInit:  CurlRequestOptions (configurable via config and command line):
LogInit:  - bVerifyPeer = true  - Libcurl will verify peer certificate
LogInit:  - bUseHttpProxy = false  - Libcurl will NOT use HTTP proxy
LogInit:  - bDontReuseConnections = false  - Libcurl will reuse connections
LogInit:  - CertBundlePath = nullptr  - Libcurl will use whatever was configured at build time.
LogInit: Presizing for max 16777216 objects, including 0 objects not considered by GC, pre-allocating 0 bytes for permanent pool.
LogInit: Object subsystem initialized
[2016.04.26-01.03.46:049][  0]LogInit: Selected Device Profile: [Windows]
[2016.04.26-01.03.46:049][  0]LogInit: Applying CVar settings loaded from the selected device profile: [Windows]
[2016.04.26-01.03.46:057][  0]LogInit: Computer: WANGBIN4
[2016.04.26-01.03.46:057][  0]LogInit: User: wangbin4
[2016.04.26-01.03.46:057][  0]LogInit: CPU Page size=65536, Cores=2
[2016.04.26-01.03.46:057][  0]LogInit: High frequency timer resolution =3.215354 MHz
[2016.04.26-01.03.46:057][  0]LogMemory: Memory total: Physical=16.0GB (16GB approx)
[2016.04.26-01.03.46:057][  0]LogMemory: Platform Memory Stats for Windows
[2016.04.26-01.03.46:057][  0]LogMemory: Process Physical Memory: 312.66 MB used, 312.66 MB peak
[2016.04.26-01.03.46:057][  0]LogMemory: Process Virtual Memory: 315.64 MB used, 315.64 MB peak
[2016.04.26-01.03.46:057][  0]LogMemory: Physical Memory: 7682.45 MB used, 16341.05 MB total
[2016.04.26-01.03.46:057][  0]LogMemory: Virtual Memory: 647.38 MB used, 134217728.00 MB total
[2016.04.26-01.03.46:577][  0]LogD3D11RHI: D3D11 adapters:
[2016.04.26-01.03.46:602][  0]LogD3D11RHI:    0. 'NVIDIA GeForce GT 630' (Feature Level 11_0)
[2016.04.26-01.03.46:602][  0]LogD3D11RHI:       462MB of dedicated video memory, 0MB of dedicated system memory, and 3583MB of shared system memory, 2 output[s]
[2016.04.26-01.03.46:605][  0]LogD3D11RHI:    1. 'Microsoft Basic Render Driver' (Feature Level 11_0)
[2016.04.26-01.03.46:605][  0]LogD3D11RHI:       0MB of dedicated video memory, 0MB of dedicated system memory, and 8170MB of shared system memory, 0 output[s]
[2016.04.26-01.03.46:605][  0]LogD3D11RHI: Chosen D3D11 Adapter: 0
[2016.04.26-01.03.46:634][  0]LogD3D11RHI: Creating new Direct3DDevice
[2016.04.26-01.03.46:634][  0]LogD3D11RHI:     Adapter Name: NVIDIA GeForce GT 630
[2016.04.26-01.03.46:634][  0]LogD3D11RHI:   Driver Version: 10.18.13.5382 (internal 10.18.13.5382)
[2016.04.26-01.03.46:634][  0]LogD3D11RHI:      Driver Date: 8-7-2015
[2016.04.26-01.03.46:634][  0]LogRHI: Texture pool is 323 MB (70% of 462 MB)
[2016.04.26-01.03.46:649][  0]LogD3D11RHI: Async texture creation enabled
[2016.04.26-01.03.46:667][  0]LogShaderCompilers: Guid format shader working directory is -7 characters bigger than the processId version (../../../../../../Unreal Project/TwinStickShooter 4.11/Intermediate/Shaders/WorkingDirectory/212528/).
[2016.04.26-01.03.46:667][  0]LogShaderCompilers: Cleaned the shader compiler working directory 'C:/Users/wangbin4/AppData/Local/Temp/UnrealShaderWorkingDir/40E9BFEF4EAB8402BB3F8B89CEFF3A18/'.
[2016.04.26-01.03.46:667][  0]LogShaderCompilers:Display: Using Local Shader Compiler.
[2016.04.26-01.03.48:334][  0]LogTemp:Display: Loaded TP AllDesktopTargetPlatform
[2016.04.26-01.03.48:343][  0]LogTemp:Display: Loaded TP WindowsClientTargetPlatform
[2016.04.26-01.03.48:349][  0]LogTemp:Display: Loaded TP WindowsNoEditorTargetPlatform
[2016.04.26-01.03.48:358][  0]LogTemp:Display: Loaded TP WindowsServerTargetPlatform
[2016.04.26-01.03.48:364][  0]LogTemp:Display: Loaded TP WindowsTargetPlatform
[2016.04.26-01.03.48:371][  0]LogTemp:Display: Loaded TP AndroidTargetPlatform
[2016.04.26-01.03.48:376][  0]LogTemp:Display: Loaded TP Android_ASTCTargetPlatform
[2016.04.26-01.03.48:381][  0]LogTemp:Display: Loaded TP Android_ATCTargetPlatform
[2016.04.26-01.03.48:386][  0]LogTemp:Display: Loaded TP Android_DXTTargetPlatform
[2016.04.26-01.03.48:391][  0]LogTemp:Display: Loaded TP Android_ETC1TargetPlatform
[2016.04.26-01.03.48:397][  0]LogTemp:Display: Loaded TP Android_ETC2TargetPlatform
[2016.04.26-01.03.48:407][  0]LogTemp:Display: Loaded TP Android_MultiTargetPlatform
[2016.04.26-01.03.48:407][  0]LogTemp:Display: Loaded TP Android_PVRTCTargetPlatform
[2016.04.26-01.03.48:408][  0]LogTemp:Display: Loaded TP HTML5TargetPlatform
[2016.04.26-01.03.48:426][  0]LogTemp:Display: Loaded TP IOSTargetPlatform
[2016.04.26-01.03.48:429][  0]LogTemp:Display: Loaded TP TVOSTargetPlatform
[2016.04.26-01.03.48:434][  0]LogTemp:Display: Loaded TP LinuxNoEditorTargetPlatform
[2016.04.26-01.03.48:438][  0]LogTemp:Display: Loaded TP LinuxServerTargetPlatform
[2016.04.26-01.03.48:443][  0]LogTemp:Display: Loaded TP LinuxTargetPlatform
[2016.04.26-01.03.48:443][  0]LogTargetPlatformManager:Display: Building Assets For Windows
[2016.04.26-01.03.48:556][  0]LogDerivedDataCache:Display: Max Cache Size: 512 MB
[2016.04.26-01.03.48:616][  0]LogDerivedDataCache: Loaded boot cache 0.06s 46MB C:/Users/wangbin4/AppData/Local/UnrealEngine/4.11/DerivedDataCache/Boot.ddc.
[2016.04.26-01.03.48:616][  0]LogDerivedDataCache:Display: Loaded Boot cache: C:/Users/wangbin4/AppData/Local/UnrealEngine/4.11/DerivedDataCache/Boot.ddc
[2016.04.26-01.03.48:616][  0]LogDerivedDataCache: FDerivedDataBackendGraph:  Pak pak cache file ../../../../../../Unreal Project/TwinStickShooter 4.11/DerivedDataCache/DDC.ddp not found, will not use a pak cache.
[2016.04.26-01.03.48:616][  0]LogDerivedDataCache: Unable to find inner node Pak for hierarchical cache Hierarchy.
[2016.04.26-01.03.48:616][  0]LogDerivedDataCache: FDerivedDataBackendGraph:  CompressedPak pak cache file ../../../../../../Unreal Project/TwinStickShooter 4.11/DerivedDataCache/Compressed.ddp not found, will not use a pak cache.
[2016.04.26-01.03.48:616][  0]LogDerivedDataCache: Unable to find inner node CompressedPak for hierarchical cache Hierarchy.
[2016.04.26-01.03.48:634][  0]LogDerivedDataCache:Display: Pak cache opened for reading ../../../Engine/DerivedDataCache/Compressed.ddp.
[2016.04.26-01.03.48:648][  0]LogDerivedDataCache: Using Local data cache path C:/Users/wangbin4/AppData/Local/UnrealEngine/Common/DerivedDataCache: Writable
[2016.04.26-01.03.48:931][  0]LogInit: Selected Device Profile: [Windows]
[2016.04.26-01.03.48:932][  0]LogContentStreaming: Texture pool size is 0.00 MB
[2016.04.26-01.03.48:984][  0]LogMaterial: Uniform references updated for custom material expression Custom.
[2016.04.26-01.03.49:165][  0]LogMeshUtilities: No automatic mesh reduction module available
[2016.04.26-01.03.49:165][  0]LogMeshUtilities: No automatic mesh merging module available
[2016.04.26-01.03.49:165][  0]LogMeshUtilities: No distributed automatic mesh merging module available
[2016.04.26-01.03.49:484][  0]LogUObjectArray: 27679 objects as part of root set at end of initial load.
[2016.04.26-01.03.49:484][  0]LogUObjectAllocator: 5591592 out of 0 bytes used by permanent object pool.
[2016.04.26-01.03.49:484][  0]LogUObjectArray: CloseDisregardForGC: 0/0 objects in disregard for GC pool
[2016.04.26-01.03.49:490][  0]LogInit: WinSock: version 1.1 (2.2), MaxSocks=32767, MaxUdp=65467
[2016.04.26-01.03.49:606][  0]LogSlate: SlateFontCache - WITH_FREETYPE: 1, WITH_HARFBUZZ: 1
[2016.04.26-01.03.49:606][  0]LogSlate: SlateFontCache - WITH_FREETYPE: 1, WITH_HARFBUZZ: 1
[2016.04.26-01.03.49:781][  0]LogStreaming:Warning: Failed to read file '../../../Engine/Content/Editor/Slate/Common/Selection_16x.png' error.
[2016.04.26-01.03.49:781][  0]LogSlate: Could not find file for Slate resource: ../../../Engine/Content/Editor/Slate/Common/Selection_16x.png
[2016.04.26-01.03.49:781][  0]LogStreaming:Warning: Failed to read file '../../../Engine/Content/Editor/Slate/Common/Selection_16x.png' error.
[2016.04.26-01.03.49:781][  0]LogSlate: Could not find file for Slate resource: ../../../Engine/Content/Editor/Slate/Common/Selection_16x.png
[2016.04.26-01.03.49:781][  0]LogStreaming:Warning: Failed to read file '../../../Engine/Content/Editor/Slate/Common/Selection_16x.png' error.
[2016.04.26-01.03.49:781][  0]LogSlate: Could not find file for Slate resource: ../../../Engine/Content/Editor/Slate/Common/Selection_16x.png
[2016.04.26-01.03.50:813][  0]LogUdpMessaging: Initializing bridge on interface 0.0.0.0:0 to multicast group 230.0.0.1:6666.
[2016.04.26-01.03.50:815][  0]FUdpSocketBuilder: Failed to bind UdpMessageMulticastSocket to 0.0.0.0:6666
[2016.04.26-01.03.50:815][  0]FUdpSocketBuilder: Failed to configure multicast for UdpMessageMulticastSocket (loopback: 1, ttl: 1)
[2016.04.26-01.03.50:815][  0]FUdpSocketBuilder: Failed to create and initialize socket UdpMessageMulticastSocket (last error: 0)
[2016.04.26-01.03.50:815][  0]LogUdpMessaging:Warning: StartTransport failed to create multicast socket on 0.0.0.0:0, joined to 230.0.0.1:6666 with TTL 1
[2016.04.26-01.03.50:952][  0]LogAssetRegistry: FAssetRegistry took 0.0220 seconds to start up
[2016.04.26-01.03.51:194][  0]SourceControl: Info Source control is disabled
[2016.04.26-01.03.51:213][  0]SourceControl: Info Source control is disabled
[2016.04.26-01.03.51:230][  0]SourceControl: Info Source control is disabled
[2016.04.26-01.03.51:245][  0]SourceControl: Info Source control is disabled
[2016.04.26-01.03.51:497][  0]LogHMD: Failed to initialize OpenVR with code 110
[2016.04.26-01.03.51:605][  0]LogEngine: Initializing Engine...
[2016.04.26-01.03.51:870][  0]LogAIModule: Creating AISystem for world NewWorld
[2016.04.26-01.03.51:880][  0]LogInit: XAudio2 using 'Speakers / Headphones (Realtek High Definition Audio)' : 2 channels at 48 kHz using 32 bits per sample (channel mask 0x3)
[2016.04.26-01.03.51:981][  0]LogInit: FAudioDevice initialized.
[2016.04.26-01.03.52:012][  0]LogDerivedDataCache: Saved boot cache 0.03s 46MB C:/Users/wangbin4/AppData/Local/UnrealEngine/4.11/DerivedDataCache/Boot.ddc.
[2016.04.26-01.03.52:020][  0]LogInit: Texture streaming: Enabled
[2016.04.26-01.03.52:101][  0]LogInit: Transaction tracking system initialized
[2016.04.26-01.03.52:184][  0]BlueprintLog: New page: Editor Load
[2016.04.26-01.03.52:313][  0]LocalizationService: Info Localization service is disabled
[2016.04.26-01.03.52:427][  0]LogLinker:Warning: Can't find file '/Game/ThirdPersonBP/ThirdPersonOverview'
[2016.04.26-01.03.52:427][  0]LogLinker:Warning: Can't find file '/Game/ThirdPersonBP/ThirdPersonOverview'
[2016.04.26-01.03.52:427][  0]LogUObjectGlobals:Warning: Failed to find object 'Class /Game/ThirdPersonBP/ThirdPersonOverview.ThirdPersonOverview_C'
[2016.04.26-01.03.52:449][  0]LogConsoleResponse:Display: 
[2016.04.26-01.03.52:627][  0]LogCook:Display: Max memory allowance for cook 8192mb
[2016.04.26-01.03.52:627][  0]LogCook:Display: Mobile HDR setting 1
[2016.04.26-01.03.52:627][  0]LogCook:Display: Done creating registry. It took  0.00s.
[2016.04.26-01.03.52:788][  0]LogFileCache: Scanning file cache for directory 'D:/Unreal Project/TwinStickShooter 4.11/Content/' took 0.02s
[2016.04.26-01.03.52:788][  0]SourceControl: Info Source control is disabled
[2016.04.26-01.03.52:788][  0]Cmd: MAP LOAD FILE="../../../../../../Unreal Project/TwinStickShooter 4.11/Content/NewMap.umap" TEMPLATE=0 SHOWPROGRESS=1 FEATURELEVEL=3
[2016.04.26-01.03.52:789][  0]LightingResults: New page: Lighting Build
[2016.04.26-01.03.52:798][  0]MapCheck: New page: Map Check
[2016.04.26-01.03.52:798][  0]LightingResults: New page: Lighting Build
[2016.04.26-01.03.53:862][  0]LogAIModule: Creating AISystem for world NewMap
[2016.04.26-01.03.53:877][  0]LogEditorServer: Finished looking for orphan Actors (0.000 secs)
[2016.04.26-01.03.53:878][  0]Cmd: MAP CHECKDEP NOCLEARLOG
[2016.04.26-01.03.54:023][  0]MapCheck:Warning: Warning MaterialInstanceDynamic_77 MaterialInstanceDynamic /Game/NewMap.NewMap:PersistentLevel.EnemyCharacter_C_0.CharacterMesh0.MaterialInstanceDynamic_77 : Externally referenced 
[2016.04.26-01.03.54:023][  0]MapCheck:Warning: Warning CharacterMesh0 SkeletalMeshComponent /Game/NewMap.NewMap:PersistentLevel.EnemyCharacter_C_0.CharacterMesh0 : Externally referenced 
[2016.04.26-01.03.54:023][  0]MapCheck:Warning: Warning ModelComponent_4 ModelComponent /Game/NewMap.NewMap:PersistentLevel.ModelComponent_4 : Externally referenced 
[2016.04.26-01.03.54:023][  0]MapCheck:Warning: Warning ModelComponent_5 ModelComponent /Game/NewMap.NewMap:PersistentLevel.ModelComponent_5 : Externally referenced 
[2016.04.26-01.03.54:024][  0]MapCheck:Warning: Warning ModelComponent_6 ModelComponent /Game/NewMap.NewMap:PersistentLevel.ModelComponent_6 : Externally referenced 
[2016.04.26-01.03.54:024][  0]MapCheck:Warning: Warning ModelComponent_7 ModelComponent /Game/NewMap.NewMap:PersistentLevel.ModelComponent_7 : Externally referenced 
[2016.04.26-01.03.54:024][  0]MapCheck:Warning: Warning Model_14 Model /Game/NewMap.NewMap:PersistentLevel.Model_14 : Externally referenced 
[2016.04.26-01.03.54:024][  0]MapCheck:Warning: Warning Polys_42 Polys /Game/NewMap.NewMap:PersistentLevel.Box画刷2.Model_16.Polys_42 : Externally referenced 
[2016.04.26-01.03.54:024][  0]MapCheck:Warning: Warning Polys_122 Polys /Game/NewMap.NewMap:PersistentLevel.Box画刷3.Model_16.Polys_122 : Externally referenced 
[2016.04.26-01.03.54:025][  0]MapCheck:Warning: Warning Polys_195 Polys /Game/NewMap.NewMap:PersistentLevel.Box画刷4.Model_16.Polys_195 : Externally referenced 
[2016.04.26-01.03.54:025][  0]MapCheck:Warning: Warning Polys_261 Polys /Game/NewMap.NewMap:PersistentLevel.Box画刷5.Model_16.Polys_261 : Externally referenced 
[2016.04.26-01.03.54:025][  0]MapCheck:Warning: Warning ModelComponent_5 ModelComponent /Game/NewMap.NewMap:PersistentLevel.ModelComponent_5 : Externally referenced 
[2016.04.26-01.03.54:025][  0]MapCheck:Warning: Warning ModelComponent_6 ModelComponent /Game/NewMap.NewMap:PersistentLevel.ModelComponent_6 : Externally referenced 
[2016.04.26-01.03.54:025][  0]MapCheck:Warning: Warning Model_14 Model /Game/NewMap.NewMap:PersistentLevel.Model_14 : Externally referenced 
[2016.04.26-01.03.54:025][  0]MapCheck:Warning: Warning Polys_29 Polys /Game/NewMap.NewMap:PersistentLevel.Box画刷.Model_15.Polys_29 : Externally referenced 
[2016.04.26-01.03.54:025][  0]MapCheck: Info Map check complete: 0 Error(s), 15 Warning(s), took 147.743ms to complete.
[2016.04.26-01.03.54:038][  0]LogFileHelpers: Loading map 'NewMap' took 1.251
[2016.04.26-01.03.54:207][  0]LogCollectionManager: Loaded 0 collections in 0.002965 seconds
[2016.04.26-01.03.54:253][  0]LogFileCache: Scanning file cache for directory 'D:/Unreal Project/TwinStickShooter 4.11/Saved/Collections/' took 0.01s
[2016.04.26-01.03.54:253][  0]LogFileCache: Scanning file cache for directory 'D:/Unreal Project/TwinStickShooter 4.11/Content/Developers/wangbin4/Collections/' took 0.01s
[2016.04.26-01.03.54:253][  0]LogFileCache: Scanning file cache for directory 'D:/Unreal Project/TwinStickShooter 4.11/Content/Collections/' took 0.01s
[2016.04.26-01.03.54:253][  0]LogCollectionManager: Rebuilt the GUID cache for 0 collections in 0.000004 seconds
[2016.04.26-01.03.54:272][  0]LogContentBrowser: Native class hierarchy populated in 0.0191 seconds. Added 1981 classes and 345 folders.
[2016.04.26-01.03.54:282][  0]LogStats: UGameplayTagsManager::ConstructGameplayTagTree: Construct from data asset -  0.000 s
[2016.04.26-01.03.54:282][  0]LogStats: UGameplayTagsManager::ConstructGameplayTagTree: GameplayTagTreeChangedEvent.Broadcast -  0.000 s
[2016.04.26-01.03.54:288][  0]LogContentBrowser: Native class hierarchy updated for 'GameplayTags' in 0.0058 seconds. Added 12 classes and 0 folders.
[2016.04.26-01.03.54:301][  0]LogContentBrowser: Native class hierarchy updated for 'WidgetCarousel' in 0.0049 seconds. Added 0 classes and 0 folders.
[2016.04.26-01.03.54:324][  0]LogContentBrowser: Native class hierarchy updated for 'SuperSearch' in 0.0064 seconds. Added 1 classes and 2 folders.
[2016.04.26-01.03.54:451][  0]LogContentBrowser: Native class hierarchy updated for 'AddContentDialog' in 0.0061 seconds. Added 0 classes and 0 folders.
[2016.04.26-01.03.54:459][  0]LogContentBrowser: Native class hierarchy updated for 'SceneOutliner' in 0.0042 seconds. Added 1 classes and 2 folders.
[2016.04.26-01.03.54:533][  0]LogCrashTracker: Crashtracker disabled due to settings.
[2016.04.26-01.03.54:557][  0]LogUObjectGlobals:Warning: Failed to find object 'Class None.'
[2016.04.26-01.03.54:586][  0]LogContentBrowser: Native class hierarchy updated for 'HierarchicalLODOutliner' in 0.0033 seconds. Added 1 classes and 2 folders.
[2016.04.26-01.03.54:587][  0]LogLoad: Full Startup: 9.53 seconds (BP compile: 0.19 seconds)
[2016.04.26-01.03.54:587][  0]LogExternalProfiler: Found external profiler: VSPerf
[2016.04.26-01.03.54:587][  0]LogExternalProfiler: Using external profiler: VSPerf
[2016.04.26-01.03.54:604][  0]LogWindowsTextInputMethodSystem:Display: IME system now activated using TSF (搜狗拼音输入法).
[2016.04.26-01.03.54:612][  0]LogOcInput: OculusInput pre-init called
[2016.04.26-01.03.54:674][  0]LogContentStreaming: Texture pool size now 1000 MB
[2016.04.26-01.03.54:869][  0]LogRenderer: Reallocating scene render targets to support 1348x676 (Frame:2).
[2016.04.26-01.03.55:110][  1]LogAssetRegistry: Asset discovery search completed in 4.1807 seconds
[2016.04.26-01.03.55:110][  1]LogCollectionManager: Rebuilt the object cache for 0 collections in 0.000001 seconds (found 0 objects)
[2016.04.26-01.03.55:110][  1]LogCollectionManager: Fixed up redirectors for 0 collections in 0.000036 seconds (updated 0 objects)
[2016.04.26-01.04.00:169][170]LogSkeletalMesh: InitArticulated: Bodies already created (/Engine/Transient.DebugSkelMeshComponent_0) - call TermArticulated first.
[2016.04.26-01.04.00:325][170]LogContentBrowser:Verbose: The majority of assets in the view are of type: AnimSequence
[2016.04.26-01.04.58:682][743]LogWindows:Error: Windows GetLastError: 操作成功完成。 (0)
[2016.04.26-01.04.59:243][743]LogCrashTracker: 


[2016.04.26-01.04.59:343][743]LogCrashTracker: 


[2016.04.26-01.04.59:343][743]LogWindows:Error: === Critical error: ===
Assertion failed: !bIsChangingText [File:D:\BuildFarm\buildmachine_++UE4+Release-4.11\Engine\Source\Runtime\Slate\Private\Widgets\Input\SEditableText.cpp] [Line: 504] 





[2016.04.26-01.04.59:411][743]LogExit: Executing StaticShutdownAfterError
[2016.04.26-01.04.59:415][743]LogPhysics:Warning: PHYSX: ..\..\PhysX\src\NpScene.cpp (2946) 8 : PxScene::unlockWrite() called without matching call to PxScene::lockWrite(), behaviour will be undefined.
[2016.04.26-01.04.59:415][743]LogPhysics:Warning: PHYSX: ..\..\PhysX\src\NpScene.cpp (2946) 8 : PxScene::unlockWrite() called without matching call to PxScene::lockWrite(), behaviour will be undefined.
[2016.04.26-01.04.59:415][743]LogPhysics:Warning: PHYSX: ..\..\PhysX\src\NpScene.cpp (2946) 8 : PxScene::unlockWrite() called without matching call to PxScene::lockWrite(), behaviour will be undefined.
[2016.04.26-01.04.59:415][743]LogPhysics:Warning: PHYSX: ..\..\PhysX\src\NpScene.cpp (2946) 8 : PxScene::unlockWrite() called without matching call to PxScene::lockWrite(), behaviour will be undefined.
[2016.04.26-01.04.59:416][743]LogPhysics:Warning: PHYSX: ..\..\PhysX\src\NpScene.cpp (2946) 8 : PxScene::unlockWrite() called without matching call to PxScene::lockWrite(), behaviour will be undefined.
[2016.04.26-01.04.59:416][743]LogPhysics:Warning: PHYSX: ..\..\PhysX\src\NpScene.cpp (2946) 8 : PxScene::unlockWrite() called without matching call to PxScene::lockWrite(), behaviour will be undefined.
[2016.04.26-01.04.59:416][743]LogPhysics:Warning: PHYSX: ..\..\PhysX\src\NpScene.cpp (2946) 8 : PxScene::unlockWrite() called without matching call to PxScene::lockWrite(), behaviour will be undefined.
[2016.04.26-01.04.59:416][743]LogPhysics:Warning: PHYSX: ..\..\PhysX\src\NpScene.cpp (2946) 8 : PxScene::unlockWrite() called without matching call to PxScene::lockWrite(), behaviour will be undefined.
[2016.04.26-01.04.59:416][743]LogPhysics:Warning: PHYSX: ..\..\PhysX\src\NpScene.cpp (2946) 8 : PxScene::unlockWrite() called without matching call to PxScene::lockWrite(), behaviour will be undefined.
[2016.04.26-01.04.59:416][743]LogPhysics:Warning: PHYSX: ..\..\PhysX\src\NpScene.cpp (2946) 8 : PxScene::unlockWrite() called without matching call to PxScene::lockWrite(), behaviour will be undefined.
[2016.04.26-01.04.59:417][743]LogPhysics:Warning: PHYSX: ..\..\PhysX\src\NpScene.cpp (2946) 8 : PxScene::unlockWrite() called without matching call to PxScene::lockWrite(), behaviour will be undefined.
[2016.04.26-01.04.59:417][743]LogPhysics:Warning: PHYSX: ..\..\PhysX\src\NpScene.cpp (2946) 8 : PxScene::unlockWrite() called without matching call to PxScene::lockWrite(), behaviour will be undefined.
[2016.04.26-01.04.59:417][743]LogPhysics:Warning: PHYSX: ..\..\PhysX\src\NpScene.cpp (2946) 8 : PxScene::unlockWrite() called without matching call to PxScene::lockWrite(), behaviour will be undefined.
[2016.04.26-01.04.59:417][743]LogPhysics:Warning: PHYSX: ..\..\PhysX\src\NpScene.cpp (2946) 8 : PxScene::unlockWrite() called without matching call to PxScene::lockWrite(), behaviour will be undefined.
[2016.04.26-01.04.59:417][743]LogPhysics:Warning: PHYSX: ..\..\PhysX\src\NpScene.cpp (2946) 8 : PxScene::unlockWrite() called without matching call to PxScene::lockWrite(), behaviour will be undefined.
[2016.04.26-01.04.59:418][743]LogPhysics:Warning: PHYSX: ..\..\PhysX\src\NpScene.cpp (2946) 8 : PxScene::unlockWrite() called without matching call to PxScene::lockWrite(), behaviour will be undefined.
[2016.04.26-01.04.59:418][743]LogPhysics:Warning: PHYSX: ..\..\PhysX\src\NpScene.cpp (2946) 8 : PxScene::unlockWrite() called without matching call to PxScene::lockWrite(), behaviour will be undefined.
[2016.04.26-01.04.59:418][743]LogPhysics:Warning: PHYSX: ..\..\PhysX\src\NpScene.cpp (2946) 8 : PxScene::unlockWrite() called without matching call to PxScene::lockWrite(), behaviour will be undefined.
[2016.04.26-01.04.59:418][743]LogPhysics:Warning: PHYSX: ..\..\PhysX\src\NpScene.cpp (2946) 8 : PxScene::unlockWrite() called without matching call to PxScene::lockWrite(), behaviour will be undefined.
[2016.04.26-01.04.59:418][743]LogPhysics:Warning: PHYSX: ..\..\PhysX\src\NpScene.cpp (2946) 8 : PxScene::unlockWrite() called without matching call to PxScene::lockWrite(), behaviour will be undefined.
[2016.04.26-01.04.59:418][743]LogPhysics:Warning: PHYSX: ..\..\PhysX\src\NpScene.cpp (2946) 8 : PxScene::unlockWrite() called without matching call to PxScene::lockWrite(), behaviour will be undefined.
[2016.04.26-01.04.59:419][743]LogPhysics:Warning: PHYSX: ..\..\PhysX\src\NpScene.cpp (2946) 8 : PxScene::unlockWrite() called without matching call to PxScene::lockWrite(), behaviour will be undefined.
[2016.04.26-01.04.59:419][743]LogPhysics:Warning: PHYSX: ..\..\PhysX\src\NpScene.cpp (2946) 8 : PxScene::unlockWrite() called without matching call to PxScene::lockWrite(), behaviour will be undefined.
[2016.04.26-01.04.59:419][743]LogPhysics:Warning: PHYSX: ..\..\PhysX\src\NpScene.cpp (2946) 8 : PxScene::unlockWrite() called without matching call to PxScene::lockWrite(), behaviour will be undefined.
[2016.04.26-01.04.59:419][743]LogWindows: FPlatformMisc::RequestExit(1)
[2016.04.26-01.04.59:419][743]Log file closed, 04/26/16 09:04:59
