Log file open, 04/18/16 19:03:43
LogInit:Display: Running engine for game: TwinStickShooter
LogPlatformFile: Not using cached read wrapper
LogInit:Display: RandInit(-294900987) SRandInit(-294900985).
LogTaskGraph: Started task graph with 4 named threads and 5 total threads.
LogStats: Stats thread started at 0.132485
LogInit: Version: 4.11.1-2934540+++UE4+Release-4.11
LogInit: API Version: 2927265
LogInit: Compiled (64-bit): Apr  6 2016 02:14:16
LogInit: Compiled with Visual C++: 19.00.23026.00
LogInit: Build Configuration: Development
LogInit: Branch Name: ++UE4+Release-4.11
LogInit: Command line:  
LogInit: Base directory: D:/Program Files/Epic Games/4.11/Engine/Binaries/Win64/
LogInit: Installed Engine Build: 1
LogInit: Using libcurl 7.41.0
LogInit:  - built for x86_64-pc-win32
LogInit:  - supports SSL with WinSSL
LogInit:  - other features:
LogInit:      CURL_VERSION_SSL
LogInit:      CURL_VERSION_IPV6
LogInit:      CURL_VERSION_ASYNCHDNS
LogInit:      CURL_VERSION_LARGEFILE
LogInit:      CURL_VERSION_IDN
LogInit:  CurlRequestOptions (configurable via config and command line):
LogInit:  - bVerifyPeer = true  - Libcurl will verify peer certificate
LogInit:  - bUseHttpProxy = false  - Libcurl will NOT use HTTP proxy
LogInit:  - bDontReuseConnections = false  - Libcurl will reuse connections
LogInit:  - CertBundlePath = nullptr  - Libcurl will use whatever was configured at build time.
LogInit: Presizing for max 16777216 objects, including 0 objects not considered by GC, pre-allocating 0 bytes for permanent pool.
LogInit: Object subsystem initialized
[2016.04.18-11.03.44:107][  0]LogInit: Selected Device Profile: [Windows]
[2016.04.18-11.03.44:107][  0]LogInit: Applying CVar settings loaded from the selected device profile: [Windows]
[2016.04.18-11.03.44:130][  0]LogInit: Computer: WANGBIN4
[2016.04.18-11.03.44:130][  0]LogInit: User: wangbin4
[2016.04.18-11.03.44:130][  0]LogInit: CPU Page size=65536, Cores=2
[2016.04.18-11.03.44:130][  0]LogInit: High frequency timer resolution =3.215366 MHz
[2016.04.18-11.03.44:131][  0]LogMemory: Memory total: Physical=16.0GB (16GB approx)
[2016.04.18-11.03.44:131][  0]LogMemory: Platform Memory Stats for Windows
[2016.04.18-11.03.44:131][  0]LogMemory: Process Physical Memory: 312.62 MB used, 312.62 MB peak
[2016.04.18-11.03.44:131][  0]LogMemory: Process Virtual Memory: 315.61 MB used, 315.61 MB peak
[2016.04.18-11.03.44:131][  0]LogMemory: Physical Memory: 9568.05 MB used, 16341.05 MB total
[2016.04.18-11.03.44:131][  0]LogMemory: Virtual Memory: 647.37 MB used, 134217728.00 MB total
[2016.04.18-11.03.45:112][  0]LogD3D11RHI: D3D11 adapters:
[2016.04.18-11.03.45:137][  0]LogD3D11RHI:    0. 'NVIDIA GeForce GT 630' (Feature Level 11_0)
[2016.04.18-11.03.45:137][  0]LogD3D11RHI:       462MB of dedicated video memory, 0MB of dedicated system memory, and 3583MB of shared system memory, 2 output[s]
[2016.04.18-11.03.45:139][  0]LogD3D11RHI:    1. 'Microsoft Basic Render Driver' (Feature Level 11_0)
[2016.04.18-11.03.45:139][  0]LogD3D11RHI:       0MB of dedicated video memory, 0MB of dedicated system memory, and 8170MB of shared system memory, 0 output[s]
[2016.04.18-11.03.45:139][  0]LogD3D11RHI: Chosen D3D11 Adapter: 0
[2016.04.18-11.03.45:190][  0]LogD3D11RHI: Creating new Direct3DDevice
[2016.04.18-11.03.45:190][  0]LogD3D11RHI:     Adapter Name: NVIDIA GeForce GT 630
[2016.04.18-11.03.45:190][  0]LogD3D11RHI:   Driver Version: 10.18.13.5382 (internal 10.18.13.5382)
[2016.04.18-11.03.45:190][  0]LogD3D11RHI:      Driver Date: 8-7-2015
[2016.04.18-11.03.45:190][  0]LogRHI: Texture pool is 323 MB (70% of 462 MB)
[2016.04.18-11.03.45:206][  0]LogD3D11RHI: Async texture creation enabled
[2016.04.18-11.03.45:224][  0]LogShaderCompilers: Guid format shader working directory is -7 characters bigger than the processId version (../../../../../../Unreal Project/TwinStickShooter 4.11/Intermediate/Shaders/WorkingDirectory/453064/).
[2016.04.18-11.03.45:224][  0]LogShaderCompilers: Cleaned the shader compiler working directory 'C:/Users/wangbin4/AppData/Local/Temp/UnrealShaderWorkingDir/3698BB7F4151534C0B755E8B7EC3AB79/'.
[2016.04.18-11.03.45:224][  0]LogShaderCompilers:Display: Using Local Shader Compiler.
[2016.04.18-11.03.50:548][  0]LogTemp:Display: Loaded TP AllDesktopTargetPlatform
[2016.04.18-11.03.50:553][  0]LogTemp:Display: Loaded TP WindowsClientTargetPlatform
[2016.04.18-11.03.50:558][  0]LogTemp:Display: Loaded TP WindowsNoEditorTargetPlatform
[2016.04.18-11.03.50:564][  0]LogTemp:Display: Loaded TP WindowsServerTargetPlatform
[2016.04.18-11.03.50:570][  0]LogTemp:Display: Loaded TP WindowsTargetPlatform
[2016.04.18-11.03.50:591][  0]LogTemp:Display: Loaded TP AndroidTargetPlatform
[2016.04.18-11.03.50:618][  0]LogTemp:Display: Loaded TP Android_ASTCTargetPlatform
[2016.04.18-11.03.50:627][  0]LogTemp:Display: Loaded TP Android_ATCTargetPlatform
[2016.04.18-11.03.50:635][  0]LogTemp:Display: Loaded TP Android_DXTTargetPlatform
[2016.04.18-11.03.50:645][  0]LogTemp:Display: Loaded TP Android_ETC1TargetPlatform
[2016.04.18-11.03.50:657][  0]LogTemp:Display: Loaded TP Android_ETC2TargetPlatform
[2016.04.18-11.03.50:675][  0]LogTemp:Display: Loaded TP Android_MultiTargetPlatform
[2016.04.18-11.03.50:675][  0]LogTemp:Display: Loaded TP Android_PVRTCTargetPlatform
[2016.04.18-11.03.50:677][  0]LogTemp:Display: Loaded TP HTML5TargetPlatform
[2016.04.18-11.03.50:760][  0]LogTemp:Display: Loaded TP IOSTargetPlatform
[2016.04.18-11.03.50:764][  0]LogTemp:Display: Loaded TP TVOSTargetPlatform
[2016.04.18-11.03.50:768][  0]LogTemp:Display: Loaded TP LinuxNoEditorTargetPlatform
[2016.04.18-11.03.50:771][  0]LogTemp:Display: Loaded TP LinuxServerTargetPlatform
[2016.04.18-11.03.50:788][  0]LogTemp:Display: Loaded TP LinuxTargetPlatform
[2016.04.18-11.03.50:788][  0]LogTargetPlatformManager:Display: Building Assets For Windows
[2016.04.18-11.03.51:674][  0]LogDerivedDataCache:Display: Max Cache Size: 512 MB
[2016.04.18-11.03.52:081][  0]LogDerivedDataCache: Loaded boot cache 0.41s 58MB C:/Users/wangbin4/AppData/Local/UnrealEngine/4.11/DerivedDataCache/Boot.ddc.
[2016.04.18-11.03.52:081][  0]LogDerivedDataCache:Display: Loaded Boot cache: C:/Users/wangbin4/AppData/Local/UnrealEngine/4.11/DerivedDataCache/Boot.ddc
[2016.04.18-11.03.52:081][  0]LogDerivedDataCache: FDerivedDataBackendGraph:  Pak pak cache file ../../../../../../Unreal Project/TwinStickShooter 4.11/DerivedDataCache/DDC.ddp not found, will not use a pak cache.
[2016.04.18-11.03.52:081][  0]LogDerivedDataCache: Unable to find inner node Pak for hierarchical cache Hierarchy.
[2016.04.18-11.03.52:081][  0]LogDerivedDataCache: FDerivedDataBackendGraph:  CompressedPak pak cache file ../../../../../../Unreal Project/TwinStickShooter 4.11/DerivedDataCache/Compressed.ddp not found, will not use a pak cache.
[2016.04.18-11.03.52:081][  0]LogDerivedDataCache: Unable to find inner node CompressedPak for hierarchical cache Hierarchy.
[2016.04.18-11.03.52:136][  0]LogDerivedDataCache:Display: Pak cache opened for reading ../../../Engine/DerivedDataCache/Compressed.ddp.
[2016.04.18-11.03.52:150][  0]LogDerivedDataCache: Using Local data cache path C:/Users/wangbin4/AppData/Local/UnrealEngine/Common/DerivedDataCache: Writable
[2016.04.18-11.03.59:620][  0]LogInit: Selected Device Profile: [Windows]
[2016.04.18-11.03.59:678][  0]LogContentStreaming: Texture pool size is 0.00 MB
[2016.04.18-11.04.00:728][  0]LogMaterial: Uniform references updated for custom material expression Custom.
[2016.04.18-11.04.01:815][  0]LogMeshUtilities: No automatic mesh reduction module available
[2016.04.18-11.04.01:815][  0]LogMeshUtilities: No automatic mesh merging module available
[2016.04.18-11.04.01:815][  0]LogMeshUtilities: No distributed automatic mesh merging module available
[2016.04.18-11.04.04:785][  0]LogUObjectArray: 27678 objects as part of root set at end of initial load.
[2016.04.18-11.04.04:785][  0]LogUObjectAllocator: 5591384 out of 0 bytes used by permanent object pool.
[2016.04.18-11.04.04:785][  0]LogUObjectArray: CloseDisregardForGC: 0/0 objects in disregard for GC pool
[2016.04.18-11.04.04:822][  0]LogInit: WinSock: version 1.1 (2.2), MaxSocks=32767, MaxUdp=65467
[2016.04.18-11.04.06:431][  0]LogSlate: SlateFontCache - WITH_FREETYPE: 1, WITH_HARFBUZZ: 1
[2016.04.18-11.04.06:432][  0]LogSlate: SlateFontCache - WITH_FREETYPE: 1, WITH_HARFBUZZ: 1
[2016.04.18-11.04.09:525][  0]LogStreaming:Warning: Failed to read file '../../../Engine/Content/Editor/Slate/Common/Selection_16x.png' error.
[2016.04.18-11.04.09:525][  0]LogSlate: Could not find file for Slate resource: ../../../Engine/Content/Editor/Slate/Common/Selection_16x.png
[2016.04.18-11.04.09:530][  0]LogStreaming:Warning: Failed to read file '../../../Engine/Content/Editor/Slate/Common/Selection_16x.png' error.
[2016.04.18-11.04.09:530][  0]LogSlate: Could not find file for Slate resource: ../../../Engine/Content/Editor/Slate/Common/Selection_16x.png
[2016.04.18-11.04.09:530][  0]LogStreaming:Warning: Failed to read file '../../../Engine/Content/Editor/Slate/Common/Selection_16x.png' error.
[2016.04.18-11.04.09:530][  0]LogSlate: Could not find file for Slate resource: ../../../Engine/Content/Editor/Slate/Common/Selection_16x.png
[2016.04.18-11.04.23:716][  0]LogUdpMessaging: Initializing bridge on interface 0.0.0.0:0 to multicast group 230.0.0.1:6666.
[2016.04.18-11.04.23:725][  0]FUdpSocketBuilder: Failed to bind UdpMessageMulticastSocket to 0.0.0.0:6666
[2016.04.18-11.04.23:725][  0]FUdpSocketBuilder: Failed to configure multicast for UdpMessageMulticastSocket (loopback: 1, ttl: 1)
[2016.04.18-11.04.23:725][  0]FUdpSocketBuilder: Failed to create and initialize socket UdpMessageMulticastSocket (last error: 0)
[2016.04.18-11.04.23:725][  0]LogUdpMessaging:Warning: StartTransport failed to create multicast socket on 0.0.0.0:0, joined to 230.0.0.1:6666 with TTL 1
[2016.04.18-11.04.24:167][  0]LogAssetRegistry: FAssetRegistry took 0.0237 seconds to start up
[2016.04.18-11.04.28:499][  0]SourceControl: Info Source control is disabled
[2016.04.18-11.04.28:527][  0]SourceControl: Info Source control is disabled
[2016.04.18-11.04.28:577][  0]SourceControl: Info Source control is disabled
[2016.04.18-11.04.28:660][  0]SourceControl: Info Source control is disabled
[2016.04.18-11.04.29:973][  0]LogEngine: Initializing Engine...
[2016.04.18-11.04.30:080][  0]LogHMD: SteamVR failed to initialize.  Err: 110
[2016.04.18-11.04.30:095][  0]LogHMD: SteamVR failed to initialize.  Err: 110
[2016.04.18-11.04.31:077][  0]LogAIModule: Creating AISystem for world NewWorld
[2016.04.18-11.04.31:211][  0]LogInit: XAudio2 using 'Speakers / Headphones (Realtek High Definition Audio)' : 2 channels at 48 kHz using 32 bits per sample (channel mask 0x3)
[2016.04.18-11.04.31:239][  0]LogInit: FAudioDevice initialized.
[2016.04.18-11.04.31:271][  0]LogDerivedDataCache: Saved boot cache 0.03s 46MB C:/Users/wangbin4/AppData/Local/UnrealEngine/4.11/DerivedDataCache/Boot.ddc.
[2016.04.18-11.04.31:285][  0]LogInit: Texture streaming: Enabled
[2016.04.18-11.04.31:596][  0]LogInit: Transaction tracking system initialized
[2016.04.18-11.04.31:862][  0]BlueprintLog: New page: Editor Load
[2016.04.18-11.04.33:039][  0]LocalizationService: Info Localization service is disabled
[2016.04.18-11.04.33:599][  0]LogLinker:Warning: Can't find file '/Game/ThirdPersonBP/ThirdPersonOverview'
[2016.04.18-11.04.33:599][  0]LogLinker:Warning: Can't find file '/Game/ThirdPersonBP/ThirdPersonOverview'
[2016.04.18-11.04.33:599][  0]LogUObjectGlobals:Warning: Failed to find object 'Class /Game/ThirdPersonBP/ThirdPersonOverview.ThirdPersonOverview_C'
[2016.04.18-11.04.33:927][  0]LogConsoleResponse:Display: 
[2016.04.18-11.04.36:502][  0]LogFileCache: Scanning file cache for directory 'D:/Unreal Project/TwinStickShooter 4.11/Content/' took 0.04s
[2016.04.18-11.04.36:502][  0]LogCook:Display: Max memory allowance for cook 8192mb
[2016.04.18-11.04.36:502][  0]LogCook:Display: Mobile HDR setting 1
[2016.04.18-11.04.36:518][  0]LogCook:Display: Done creating registry. It took  0.00s.
[2016.04.18-11.04.38:087][  0]SourceControl: Info Source control is disabled
[2016.04.18-11.04.38:123][  0]Cmd: MAP LOAD FILE="../../../../../../Unreal Project/TwinStickShooter 4.11/Content/NewMap.umap" TEMPLATE=0 SHOWPROGRESS=1 FEATURELEVEL=3
[2016.04.18-11.04.38:139][  0]LightingResults: New page: Lighting Build
[2016.04.18-11.04.38:330][  0]MapCheck: New page: Map Check
[2016.04.18-11.04.38:330][  0]LightingResults: New page: Lighting Build
[2016.04.18-11.04.39:981][  0]LogAIModule: Creating AISystem for world NewMap
[2016.04.18-11.04.40:477][  0]LogEditorServer: Finished looking for orphan Actors (0.000 secs)
[2016.04.18-11.04.40:511][  0]Cmd: MAP CHECKDEP NOCLEARLOG
[2016.04.18-11.04.40:667][  0]MapCheck:Warning: Warning MaterialInstanceDynamic_163 MaterialInstanceDynamic /Game/NewMap.NewMap:PersistentLevel.EnemyCharacter_C_0.CharacterMesh0.MaterialInstanceDynamic_163 : Externally referenced 
[2016.04.18-11.04.40:667][  0]MapCheck:Warning: Warning CharacterMesh0 SkeletalMeshComponent /Game/NewMap.NewMap:PersistentLevel.EnemyCharacter_C_0.CharacterMesh0 : Externally referenced 
[2016.04.18-11.04.40:667][  0]MapCheck:Warning: Warning ModelComponent_4 ModelComponent /Game/NewMap.NewMap:PersistentLevel.ModelComponent_4 : Externally referenced 
[2016.04.18-11.04.40:667][  0]MapCheck:Warning: Warning ModelComponent_5 ModelComponent /Game/NewMap.NewMap:PersistentLevel.ModelComponent_5 : Externally referenced 
[2016.04.18-11.04.40:667][  0]MapCheck:Warning: Warning ModelComponent_6 ModelComponent /Game/NewMap.NewMap:PersistentLevel.ModelComponent_6 : Externally referenced 
[2016.04.18-11.04.40:667][  0]MapCheck:Warning: Warning ModelComponent_7 ModelComponent /Game/NewMap.NewMap:PersistentLevel.ModelComponent_7 : Externally referenced 
[2016.04.18-11.04.40:667][  0]MapCheck:Warning: Warning Model_14 Model /Game/NewMap.NewMap:PersistentLevel.Model_14 : Externally referenced 
[2016.04.18-11.04.40:667][  0]MapCheck:Warning: Warning Polys_42 Polys /Game/NewMap.NewMap:PersistentLevel.Box画刷2.Model_16.Polys_42 : Externally referenced 
[2016.04.18-11.04.40:667][  0]MapCheck:Warning: Warning Polys_122 Polys /Game/NewMap.NewMap:PersistentLevel.Box画刷3.Model_16.Polys_122 : Externally referenced 
[2016.04.18-11.04.40:668][  0]MapCheck:Warning: Warning Polys_195 Polys /Game/NewMap.NewMap:PersistentLevel.Box画刷4.Model_16.Polys_195 : Externally referenced 
[2016.04.18-11.04.40:668][  0]MapCheck:Warning: Warning Polys_261 Polys /Game/NewMap.NewMap:PersistentLevel.Box画刷5.Model_16.Polys_261 : Externally referenced 
[2016.04.18-11.04.40:668][  0]MapCheck:Warning: Warning ModelComponent_5 ModelComponent /Game/NewMap.NewMap:PersistentLevel.ModelComponent_5 : Externally referenced 
[2016.04.18-11.04.40:668][  0]MapCheck:Warning: Warning ModelComponent_6 ModelComponent /Game/NewMap.NewMap:PersistentLevel.ModelComponent_6 : Externally referenced 
[2016.04.18-11.04.40:668][  0]MapCheck:Warning: Warning Model_14 Model /Game/NewMap.NewMap:PersistentLevel.Model_14 : Externally referenced 
[2016.04.18-11.04.40:668][  0]MapCheck:Warning: Warning Polys_29 Polys /Game/NewMap.NewMap:PersistentLevel.Box画刷.Model_15.Polys_29 : Externally referenced 
[2016.04.18-11.04.40:668][  0]MapCheck: Info Map check complete: 0 Error(s), 15 Warning(s), took 156.716ms to complete.
[2016.04.18-11.04.40:750][  0]LogFileHelpers: Loading map 'NewMap' took 2.647
[2016.04.18-11.04.41:804][  0]LogCollectionManager: Loaded 0 collections in 0.015407 seconds
[2016.04.18-11.04.41:934][  0]LogFileCache: Scanning file cache for directory 'D:/Unreal Project/TwinStickShooter 4.11/Saved/Collections/' took 0.01s
[2016.04.18-11.04.41:934][  0]LogFileCache: Scanning file cache for directory 'D:/Unreal Project/TwinStickShooter 4.11/Content/Developers/wangbin4/Collections/' took 0.01s
[2016.04.18-11.04.41:934][  0]LogFileCache: Scanning file cache for directory 'D:/Unreal Project/TwinStickShooter 4.11/Content/Collections/' took 0.01s
[2016.04.18-11.04.41:934][  0]LogCollectionManager: Rebuilt the GUID cache for 0 collections in 0.000003 seconds
[2016.04.18-11.04.41:959][  0]LogContentBrowser: Native class hierarchy populated in 0.0241 seconds. Added 1981 classes and 345 folders.
[2016.04.18-11.04.42:000][  0]LogStats: UGameplayTagsManager::ConstructGameplayTagTree: Construct from data asset -  0.000 s
[2016.04.18-11.04.42:000][  0]LogStats: UGameplayTagsManager::ConstructGameplayTagTree: GameplayTagTreeChangedEvent.Broadcast -  0.000 s
[2016.04.18-11.04.42:004][  0]LogContentBrowser: Native class hierarchy updated for 'GameplayTags' in 0.0035 seconds. Added 12 classes and 0 folders.
[2016.04.18-11.04.42:038][  0]LogContentBrowser: Native class hierarchy updated for 'WidgetCarousel' in 0.0029 seconds. Added 0 classes and 0 folders.
[2016.04.18-11.04.42:213][  0]LogContentBrowser: Native class hierarchy updated for 'SuperSearch' in 0.0073 seconds. Added 1 classes and 2 folders.
[2016.04.18-11.04.43:510][  0]LogContentBrowser: Native class hierarchy updated for 'AddContentDialog' in 0.0030 seconds. Added 0 classes and 0 folders.
[2016.04.18-11.04.43:574][  0]LogContentBrowser: Native class hierarchy updated for 'SceneOutliner' in 0.0063 seconds. Added 1 classes and 2 folders.
[2016.04.18-11.04.44:388][  0]LogCrashTracker: Crashtracker disabled due to settings.
[2016.04.18-11.04.44:556][  0]LogUObjectGlobals:Warning: Failed to find object 'Class None.'
[2016.04.18-11.04.44:692][  0]LogContentBrowser: Native class hierarchy updated for 'HierarchicalLODOutliner' in 0.0032 seconds. Added 1 classes and 2 folders.
[2016.04.18-11.04.44:692][  0]LogLoad: Full Startup: 63.34 seconds (BP compile: 0.49 seconds)
[2016.04.18-11.04.44:692][  0]LogExternalProfiler: Found external profiler: VSPerf
[2016.04.18-11.04.44:692][  0]LogExternalProfiler: Using external profiler: VSPerf
[2016.04.18-11.04.45:085][  0]LogOcInput: OculusInput pre-init called
[2016.04.18-11.04.45:451][  0]LogContentStreaming: Texture pool size now 1000 MB
[2016.04.18-11.04.46:260][  0]LogRenderer: Reallocating scene render targets to support 1016x552 (Frame:2).
[2016.04.18-11.04.47:440][  3]LogAssetRegistry: Asset discovery search completed in 23.2947 seconds
[2016.04.18-11.04.47:441][  3]LogCollectionManager: Rebuilt the object cache for 0 collections in 0.000001 seconds (found 0 objects)
[2016.04.18-11.04.47:441][  3]LogCollectionManager: Fixed up redirectors for 0 collections in 0.000763 seconds (updated 0 objects)
[2016.04.18-11.06.33:708][472]LogContentBrowser: Native class hierarchy updated for 'BlueprintGraph' in 0.0044 seconds. Added 108 classes and 0 folders.
[2016.04.18-11.06.35:345][472]LogTexture:Display: Building textures: TilePatine_N (BC5)
[2016.04.18-11.06.35:485][472]LogTexture:Display: Building textures: TilePatine_D (AutoDXT)
[2016.04.18-11.06.41:269][616]LogRenderer: Reallocating scene render targets to support 1156x840 (Frame:404).
[2016.04.18-11.51.40:874][638]LogVSAccessor:Warning: Visual Studio is open but could not be queried - it may be blocked by a modal operation
[2016.04.18-11.52.02:349][639]LogVSAccessor:Warning: Visual Studio is open but could not be queried - it may be blocked by a modal operation
[2016.04.18-11.52.12:441][640]LogVSAccessor:Warning: Couldn't goto line number '0' in 'D:/Unreal Project/TwinStickShooter 4.11/Source/TwinStickShooter/BaseCharacter.h'
[2016.04.18-11.52.12:716][640]LogVSAccessor:Warning: Couldn't goto line number '0' in 'D:/Unreal Project/TwinStickShooter 4.11/Source/TwinStickShooter/BaseCharacter.cpp'
[2016.04.18-12.15.38:554][409]LogTexture:Display: Building textures: BlueprintInterface_64x (BGRA8)
[2016.04.18-12.16.51:461][876]LogActorComponent: UnregisterComponent: (/Engine/Transient.CharMoveComp) Not registered. Aborting.
[2016.04.18-12.16.51:714][876]LogFileHelpers: Editor autosave (incl. sublevels) for '/Game/NewMap' took 0.264
[2016.04.18-12.16.51:738][876]OBJ SavePackage: Generating thumbnails for [0] asset(s) in package [/Game/Blueprints/NewInterface] ([1] browsable assets)...
[2016.04.18-12.16.51:738][876]OBJ SavePackage: Finished generating thumbnails for package [/Game/Blueprints/NewInterface]
[2016.04.18-12.16.51:811][876]LogSavePackage: Save=69.55ms
[2016.04.18-12.16.51:811][876]LogSavePackage: Moving '../../../../../../Unreal Project/TwinStickShooter 4.11/Saved/NewInterface_Auto1D69CDB144184D61E7A07C0812DDA9543.tmp' to '../../../../../../Unreal Project/TwinStickShooter 4.11/Saved/Autosaves/Game/Blueprints/NewInterface_Auto1.uasset'
[2016.04.18-12.16.51:824][876]LogSavePackage: Total save time: 83.12ms
[2016.04.18-12.16.51:824][876]LogSavePackage:Display: Finished SavePackage ../../../../../../Unreal Project/TwinStickShooter 4.11/Saved/Autosaves/Game/Blueprints/NewInterface_Auto1.uasset
[2016.04.18-12.16.51:824][876]LogFileHelpers: Auto-saving content packages took 0.103
[2016.04.18-12.51.00:773][526]LogActorComponent: UnregisterComponent: (/Engine/Transient.CharMoveComp) Not registered. Aborting.
[2016.04.18-12.51.01:040][526]LogMetaData: Removing '/Game/Blueprints/IDamageable.SKEL_IDamageable_C' ref from Metadata '/Game/Blueprints/NewInterface.PackageMetaData'
[2016.04.18-12.51.01:040][526]LogMetaData: Removing '/Game/Blueprints/IDamageable.IDamageable_C' ref from Metadata '/Game/Blueprints/NewInterface.PackageMetaData'
[2016.04.18-12.51.01:040][526]LogMetaData: Removing '/Game/Blueprints/IDamageable.IDamageable:NewFunction_0.K2Node_FunctionEntry_16' ref from Metadata '/Game/Blueprints/NewInterface.PackageMetaData'
[2016.04.18-12.51.01:084][526]Cmd: OBJ SAVEPACKAGE PACKAGE="/Game/Blueprints/IDamageable" FILE="../../../../../../Unreal Project/TwinStickShooter 4.11/Content/Blueprints/IDamageable.uasset" SILENT=true
[2016.04.18-12.51.01:095][526]LogSavePackage: Save=8.96ms
[2016.04.18-12.51.01:095][526]LogSavePackage: Moving '../../../../../../Unreal Project/TwinStickShooter 4.11/Saved/IDamageableECBBB8E04CAB279A367CB5860B960304.tmp' to '../../../../../../Unreal Project/TwinStickShooter 4.11/Content/Blueprints/IDamageable.uasset'
[2016.04.18-12.51.01:097][526]LogSavePackage: Total save time: 11.46ms
[2016.04.18-12.51.01:097][526]LogSavePackage:Display: Finished SavePackage ../../../../../../Unreal Project/TwinStickShooter 4.11/Content/Blueprints/IDamageable.uasset
[2016.04.18-12.52.19:397][390]Cmd: OBJ SAVEPACKAGE PACKAGE="/Game/Blueprints/IDamageable" FILE="../../../../../../Unreal Project/TwinStickShooter 4.11/Content/Blueprints/IDamageable.uasset" SILENT=true
[2016.04.18-12.52.19:428][390]LogSavePackage: Save=26.93ms
[2016.04.18-12.52.19:428][390]LogSavePackage: Moving '../../../../../../Unreal Project/TwinStickShooter 4.11/Saved/IDamageableD26B0EBA4BC248C593CB1A8A864DE1F0.tmp' to '../../../../../../Unreal Project/TwinStickShooter 4.11/Content/Blueprints/IDamageable.uasset'
[2016.04.18-12.52.19:431][390]LogSavePackage: Total save time: 31.85ms
[2016.04.18-12.52.19:431][390]LogSavePackage:Display: Finished SavePackage ../../../../../../Unreal Project/TwinStickShooter 4.11/Content/Blueprints/IDamageable.uasset
[2016.04.18-12.52.21:754][469]BlueprintLog: New page: Compile IDamageable
[2016.04.18-12.52.21:760][469]LogActorComponent: UnregisterComponent: (/Engine/Transient.CharMoveComp) Not registered. Aborting.
[2016.04.18-12.52.21:906][469]BlueprintEditorCompileResults: Info [6520.49] Compile of IDamageable successful! [in 120 ms]
[2016.04.18-12.52.22:978][505]Cmd: OBJ SAVEPACKAGE PACKAGE="/Game/Blueprints/IDamageable" FILE="../../../../../../Unreal Project/TwinStickShooter 4.11/Content/Blueprints/IDamageable.uasset" SILENT=true
[2016.04.18-12.52.22:988][505]LogSavePackage: Save=7.26ms
[2016.04.18-12.52.22:988][505]LogSavePackage: Moving '../../../../../../Unreal Project/TwinStickShooter 4.11/Saved/IDamageableB58188294C916D1C8EEE27841C7F45DC.tmp' to '../../../../../../Unreal Project/TwinStickShooter 4.11/Content/Blueprints/IDamageable.uasset'
[2016.04.18-12.52.22:989][505]LogSavePackage: Total save time: 9.46ms
[2016.04.18-12.52.22:989][505]LogSavePackage:Display: Finished SavePackage ../../../../../../Unreal Project/TwinStickShooter 4.11/Content/Blueprints/IDamageable.uasset
[2016.04.18-12.52.52:863][425]LogMaterial: Missing cached shader map for material ProjectileMat, compiling. 
[2016.04.18-12.53.41:101][ 49]LogActorComponent: UnregisterComponent: (/Engine/Transient.CharMoveComp) Not registered. Aborting.
[2016.04.18-12.53.43:833][107]Cmd: OBJ SAVEPACKAGE PACKAGE="/Game/Blueprints/NewInterface" FILE="../../../../../../Unreal Project/TwinStickShooter 4.11/Content/Blueprints/NewInterface.uasset" SILENT=true
[2016.04.18-12.53.43:844][107]LogSavePackage: Save=5.14ms
[2016.04.18-12.53.43:844][107]LogSavePackage: Moving '../../../../../../Unreal Project/TwinStickShooter 4.11/Saved/NewInterface974746A646272FF66CC550A311CE53AE.tmp' to '../../../../../../Unreal Project/TwinStickShooter 4.11/Content/Blueprints/NewInterface.uasset'
[2016.04.18-12.53.43:848][107]LogSavePackage: Total save time: 9.40ms
[2016.04.18-12.53.43:848][107]LogSavePackage:Display: Finished SavePackage ../../../../../../Unreal Project/TwinStickShooter 4.11/Content/Blueprints/NewInterface.uasset
[2016.04.18-12.53.43:888][107]Cmd: OBJ SAVEPACKAGE PACKAGE="/Game/Blueprints/Projectile" FILE="../../../../../../Unreal Project/TwinStickShooter 4.11/Content/Blueprints/Projectile.uasset" SILENT=true
[2016.04.18-12.53.43:956][107]LogSavePackage: Save=59.50ms
[2016.04.18-12.53.43:956][107]LogSavePackage: Moving '../../../../../../Unreal Project/TwinStickShooter 4.11/Saved/Projectile047FB50E412C85C905141086E554D754.tmp' to '../../../../../../Unreal Project/TwinStickShooter 4.11/Content/Blueprints/Projectile.uasset'
[2016.04.18-12.53.43:959][107]LogSavePackage: Total save time: 69.57ms
[2016.04.18-12.53.43:959][107]LogSavePackage:Display: Finished SavePackage ../../../../../../Unreal Project/TwinStickShooter 4.11/Content/Blueprints/Projectile.uasset
[2016.04.18-12.55.18:506][309]LogActorComponent: UnregisterComponent: (/Engine/Transient.CharMoveComp) Not registered. Aborting.
[2016.04.18-12.56.01:770][598]BlueprintLog: New page: Compile EnemyCharacter
[2016.04.18-12.56.01:812][598]LogActorComponent: UnregisterComponent: (/Engine/Transient.CharacterMovementComponent_0) Not registered. Aborting.
[2016.04.18-12.56.02:090][598]BlueprintEditorCompileResults: Info [6740.71] Compile of EnemyCharacter successful! [in 320 ms]
[2016.04.18-12.56.02:516][611]Cmd: OBJ SAVEPACKAGE PACKAGE="/Game/Blueprints/EnemyCharacter" FILE="../../../../../../Unreal Project/TwinStickShooter 4.11/Content/Blueprints/EnemyCharacter.uasset" SILENT=true
[2016.04.18-12.56.02:597][611]LogSavePackage: Save=71.30ms
[2016.04.18-12.56.02:597][611]LogSavePackage: Moving '../../../../../../Unreal Project/TwinStickShooter 4.11/Saved/EnemyCharacterAFC7EFEA427FD6E08C7BB6867E7BA836.tmp' to '../../../../../../Unreal Project/TwinStickShooter 4.11/Content/Blueprints/EnemyCharacter.uasset'
[2016.04.18-12.56.02:602][611]LogSavePackage: Total save time: 82.31ms
[2016.04.18-12.56.02:602][611]LogSavePackage:Display: Finished SavePackage ../../../../../../Unreal Project/TwinStickShooter 4.11/Content/Blueprints/EnemyCharacter.uasset
[2016.04.18-12.56.08:382][940]LogActorComponent: UnregisterComponent: (/Engine/Transient.CharMoveComp) Not registered. Aborting.
[2016.04.18-12.56.11:160][ 41]LogActorComponent: UnregisterComponent: (/Engine/Transient.CharacterMovementComponent_1) Not registered. Aborting.
[2016.04.18-12.56.11:337][ 41]Cmd: OBJ SAVEPACKAGE PACKAGE="/Game/NewMap" FILE="../../../../../../Unreal Project/TwinStickShooter 4.11/Saved/Autosaves/Game/NewMap_Auto2.umap" SILENT=true AUTOSAVING=true KEEPDIRTY=false
[2016.04.18-12.56.11:430][ 41]LogSavePackage: Save=72.26ms
[2016.04.18-12.56.11:430][ 41]LogSavePackage: Moving '../../../../../../Unreal Project/TwinStickShooter 4.11/Saved/NewMap_Auto2170F833444B948B9159CB19A9E14292D.tmp' to '../../../../../../Unreal Project/TwinStickShooter 4.11/Saved/Autosaves/Game/NewMap_Auto2.umap'
[2016.04.18-12.56.11:432][ 41]LogSavePackage: Total save time: 79.51ms
[2016.04.18-12.56.11:432][ 41]LogSavePackage:Display: Finished SavePackage ../../../../../../Unreal Project/TwinStickShooter 4.11/Saved/Autosaves/Game/NewMap_Auto2.umap
[2016.04.18-12.56.11:440][ 41]LogFileHelpers: Editor autosave (incl. sublevels) for '/Game/NewMap' took 0.280
[2016.04.18-12.56.11:440][ 41]LogFileHelpers: Editor autosave (incl. sublevels) for all levels took 0.280
[2016.04.18-12.56.11:445][ 41]OBJ SavePackage: Generating thumbnails for [1] asset(s) in package [/Game/Blueprints/EnemyCharacter] ([1] browsable assets)...
[2016.04.18-12.56.11:471][ 41]OBJ SavePackage:     Rendered thumbnail for [Blueprint /Game/Blueprints/EnemyCharacter.EnemyCharacter]
[2016.04.18-12.56.11:471][ 41]OBJ SavePackage: Finished generating thumbnails for package [/Game/Blueprints/EnemyCharacter]
[2016.04.18-12.56.11:553][ 41]LogSavePackage: Save=78.79ms
[2016.04.18-12.56.11:554][ 41]LogSavePackage: Moving '../../../../../../Unreal Project/TwinStickShooter 4.11/Saved/EnemyCharacter_Auto2DF2FF556446A8014DB2985A665B3A493.tmp' to '../../../../../../Unreal Project/TwinStickShooter 4.11/Saved/Autosaves/Game/Blueprints/EnemyCharacter_Auto2.uasset'
[2016.04.18-12.56.11:555][ 41]LogSavePackage: Total save time: 81.11ms
[2016.04.18-12.56.11:555][ 41]LogSavePackage:Display: Finished SavePackage ../../../../../../Unreal Project/TwinStickShooter 4.11/Saved/Autosaves/Game/Blueprints/EnemyCharacter_Auto2.uasset
[2016.04.18-12.56.11:558][ 41]OBJ SavePackage: Generating thumbnails for [0] asset(s) in package [/Game/Blueprints/Projectile] ([1] browsable assets)...
[2016.04.18-12.56.11:558][ 41]OBJ SavePackage: Finished generating thumbnails for package [/Game/Blueprints/Projectile]
[2016.04.18-12.56.11:598][ 41]LogSavePackage: Save=21.36ms
[2016.04.18-12.56.11:598][ 41]LogSavePackage: Moving '../../../../../../Unreal Project/TwinStickShooter 4.11/Saved/Projectile_Auto2A91A8D9445BD3F81CF2024AFFAAB6349.tmp' to '../../../../../../Unreal Project/TwinStickShooter 4.11/Saved/Autosaves/Game/Blueprints/Projectile_Auto2.uasset'
[2016.04.18-12.56.11:599][ 41]LogSavePackage: Total save time: 24.02ms
[2016.04.18-12.56.11:600][ 41]LogSavePackage:Display: Finished SavePackage ../../../../../../Unreal Project/TwinStickShooter 4.11/Saved/Autosaves/Game/Blueprints/Projectile_Auto2.uasset
[2016.04.18-12.56.11:600][ 41]LogFileHelpers: Auto-saving content packages took 0.159
[2016.04.18-12.58.16:003][308]LogVSAccessor:Warning: Visual Studio is open but could not be queried - it may be blocked by a modal operation
[2016.04.18-12.58.16:022][309]LogVSAccessor:Warning: Visual Studio is open but could not be queried - it may be blocked by a modal operation
[2016.04.18-12.58.16:901][310]LogVSAccessor:Warning: Visual Studio is open but could not be queried - it may be blocked by a modal operation
[2016.04.18-12.58.16:917][311]LogVSAccessor:Warning: Visual Studio is open but could not be queried - it may be blocked by a modal operation
[2016.04.18-12.58.28:289][331]LogVSAccessor:Warning: Couldn't goto line number '0' in 'D:/Unreal Project/TwinStickShooter 4.11/Source/TwinStickShooter/BaseCharacter.h'
[2016.04.18-12.58.28:292][331]LogVSAccessor:Warning: Couldn't open file 'D:/Unreal Project/TwinStickShooter 4.11/Source/TwinStickShooter/BaseCharacter.cpp'.
[2016.04.18-13.06.11:824][  5]LogActorComponent: UnregisterComponent: (/Engine/Transient.CharMoveComp) Not registered. Aborting.
[2016.04.18-13.06.11:908][  5]LogFileHelpers: Editor autosave (incl. sublevels) for '/Game/NewMap' took 0.085
[2016.04.18-13.06.11:914][  5]OBJ SavePackage: Generating thumbnails for [1] asset(s) in package [/Game/Blueprints/EnemyCharacter] ([1] browsable assets)...
[2016.04.18-13.06.11:959][  5]OBJ SavePackage:     Rendered thumbnail for [Blueprint /Game/Blueprints/EnemyCharacter.EnemyCharacter]
[2016.04.18-13.06.11:959][  5]OBJ SavePackage: Finished generating thumbnails for package [/Game/Blueprints/EnemyCharacter]
[2016.04.18-13.06.12:090][  5]LogSavePackage: Save=118.21ms
[2016.04.18-13.06.12:090][  5]LogSavePackage: Moving '../../../../../../Unreal Project/TwinStickShooter 4.11/Saved/EnemyCharacter_Auto3A897BBC948996D9AC525EFA3FCF0B681.tmp' to '../../../../../../Unreal Project/TwinStickShooter 4.11/Saved/Autosaves/Game/Blueprints/EnemyCharacter_Auto3.uasset'
[2016.04.18-13.06.12:091][  5]LogSavePackage: Total save time: 127.31ms
[2016.04.18-13.06.12:091][  5]LogSavePackage:Display: Finished SavePackage ../../../../../../Unreal Project/TwinStickShooter 4.11/Saved/Autosaves/Game/Blueprints/EnemyCharacter_Auto3.uasset
[2016.04.18-13.06.12:091][  5]LogFileHelpers: Auto-saving content packages took 0.182
[2016.04.18-13.09.45:816][871]LogHotReload: New module detected: UE4Editor-TwinStickShooter-1737.dll
[2016.04.18-13.09.48:239][879]LogHotReload: Starting Hot-Reload from IDE
[2016.04.18-13.09.48:275][879]LogActorComponent: UnregisterComponent: (/Engine/Transient.CharMoveComp) Not registered. Aborting.
[2016.04.18-13.09.48:355][879]LogClass: Could not find existing class BaseCharacter in package /Script/TwinStickShooter for HotReload, assuming new class
[2016.04.18-13.09.48:376][879]LogClass: Function CalculateHealth is new.
[2016.04.18-13.09.48:407][879]LogHotReload: Re-instancing BaseCharacter after hot-reload.
[2016.04.18-13.09.48:787][879]LogContentBrowser: Native class hierarchy updated for 'TwinStickShooter' in 0.0040 seconds. Added 2 classes and 2 folders.
[2016.04.18-13.09.48:790][879]Warning: HotReload successful (0 functions remapped  0 scriptstructs remapped)
[2016.04.18-13.09.49:380][879]LogContentBrowser: Native class hierarchy populated in 0.0182 seconds. Added 1984 classes and 351 folders.
[2016.04.18-13.09.49:438][879]Warning: HotReload took 6277438562204192487878988888393020692503707483087375482269988814848.0s.
[2016.04.18-13.09.58:041][199]BlueprintLog: New page: Compile EnemyCharacter
[2016.04.18-13.09.58:093][199]LogActorComponent: UnregisterComponent: (/Engine/Transient.CharMoveComp) Not registered. Aborting.
[2016.04.18-13.09.58:296][199]BlueprintEditorCompileResults: Info [7576.91] Compile of EnemyCharacter successful! [in 254 ms]
[2016.04.18-13.09.58:850][217]Cmd: OBJ SAVEPACKAGE PACKAGE="/Game/Blueprints/EnemyCharacter" FILE="../../../../../../Unreal Project/TwinStickShooter 4.11/Content/Blueprints/EnemyCharacter.uasset" SILENT=true
[2016.04.18-13.09.58:931][217]LogSavePackage: Save=78.46ms
[2016.04.18-13.09.58:932][217]LogSavePackage: Moving '../../../../../../Unreal Project/TwinStickShooter 4.11/Saved/EnemyCharacter56911E844B42C21891049EAB41D4449B.tmp' to '../../../../../../Unreal Project/TwinStickShooter 4.11/Content/Blueprints/EnemyCharacter.uasset'
[2016.04.18-13.09.58:936][217]LogSavePackage: Total save time: 84.40ms
[2016.04.18-13.09.58:936][217]LogSavePackage:Display: Finished SavePackage ../../../../../../Unreal Project/TwinStickShooter 4.11/Content/Blueprints/EnemyCharacter.uasset
[2016.04.18-13.12.04:767][481]Cmd: TRANSACTION UNDO
[2016.04.18-13.12.04:767][481]LogEditorTransaction: Undo Move Node
[2016.04.18-13.12.04:814][481]LogActorComponent: UnregisterComponent: (/Engine/Transient.CharMoveComp) Not registered. Aborting.
[2016.04.18-13.12.09:298][673]LogActorComponent: UnregisterComponent: (/Engine/Transient.CharacterMovementComponent_2) Not registered. Aborting.
[2016.04.18-13.12.13:023][673]LogFileHelpers: Saving map 'NewMap' took 3.573
[2016.04.18-13.12.23:193][960]BlueprintLog: New page: Compile EnemyCharacter
[2016.04.18-13.12.23:375][960]BlueprintEditorCompileResults: Info [7721.99] Compile of EnemyCharacter successful! [in 181 ms]
[2016.04.18-13.12.24:347][989]Cmd: OBJ SAVEPACKAGE PACKAGE="/Game/Blueprints/EnemyCharacter" FILE="../../../../../../Unreal Project/TwinStickShooter 4.11/Content/Blueprints/EnemyCharacter.uasset" SILENT=true
[2016.04.18-13.12.24:445][989]LogSavePackage: Save=84.57ms
[2016.04.18-13.12.24:445][989]LogSavePackage: Moving '../../../../../../Unreal Project/TwinStickShooter 4.11/Saved/EnemyCharacterDCE019AE445E2F9386D50CAF94C7D383.tmp' to '../../../../../../Unreal Project/TwinStickShooter 4.11/Content/Blueprints/EnemyCharacter.uasset'
[2016.04.18-13.12.24:449][989]LogSavePackage: Total save time: 97.20ms
[2016.04.18-13.12.24:449][989]LogSavePackage:Display: Finished SavePackage ../../../../../../Unreal Project/TwinStickShooter 4.11/Content/Blueprints/EnemyCharacter.uasset
[2016.04.18-13.12.32:289][384]LogActorComponent: UnregisterComponent: (/Engine/Transient.CharMoveComp) Not registered. Aborting.
[2016.04.18-13.12.40:142][384]Cmd: OBJ SAVEPACKAGE PACKAGE="/Game/NewMap" FILE="../../../../../../Unreal Project/TwinStickShooter 4.11/Content/NewMap.umap" SILENT=true AUTOSAVING=false KEEPDIRTY=false
[2016.04.18-13.12.40:289][384]LogSavePackage: Save=60.24ms
[2016.04.18-13.12.40:289][384]LogSavePackage: Moving '../../../../../../Unreal Project/TwinStickShooter 4.11/Saved/NewMapCD4497EA49B0A9343E517DB6D9E4F5E1.tmp' to '../../../../../../Unreal Project/TwinStickShooter 4.11/Content/NewMap.umap'
[2016.04.18-13.12.40:294][384]LogSavePackage: Total save time: 71.70ms
[2016.04.18-13.12.40:294][384]LogSavePackage:Display: Finished SavePackage ../../../../../../Unreal Project/TwinStickShooter 4.11/Content/NewMap.umap
[2016.04.18-13.12.40:365][384]LogFileHelpers: Saving map 'NewMap' took 7.994
[2016.04.18-13.12.40:375][384]Cmd: OBJ SAVEPACKAGE PACKAGE="/Game/Blueprints/Projectile" FILE="../../../../../../Unreal Project/TwinStickShooter 4.11/Content/Blueprints/Projectile.uasset" SILENT=true
[2016.04.18-13.12.40:422][384]LogSavePackage: Save=37.79ms
[2016.04.18-13.12.40:422][384]LogSavePackage: Moving '../../../../../../Unreal Project/TwinStickShooter 4.11/Saved/ProjectileDFF722C741719371842A9894BDC9AA95.tmp' to '../../../../../../Unreal Project/TwinStickShooter 4.11/Content/Blueprints/Projectile.uasset'
[2016.04.18-13.12.40:428][384]LogSavePackage: Total save time: 51.53ms
[2016.04.18-13.12.40:428][384]LogSavePackage:Display: Finished SavePackage ../../../../../../Unreal Project/TwinStickShooter 4.11/Content/Blueprints/Projectile.uasset
[2016.04.18-13.13.57:725][868]LogSlate:Warning: Prevented a slow task dialog from being summoned while a context menu was open
[2016.04.18-13.19.04:412][860]BlueprintLog: New page: Compile Projectile
[2016.04.18-13.19.04:632][860]BlueprintEditorCompileResults: Info [8123.25] Compile of Projectile successful! [in 220 ms]
[2016.04.18-13.19.04:936][868]Cmd: OBJ SAVEPACKAGE PACKAGE="/Game/Blueprints/Projectile" FILE="../../../../../../Unreal Project/TwinStickShooter 4.11/Content/Blueprints/Projectile.uasset" SILENT=true
[2016.04.18-13.19.04:974][868]LogSavePackage: Save=29.36ms
[2016.04.18-13.19.04:974][868]LogSavePackage: Moving '../../../../../../Unreal Project/TwinStickShooter 4.11/Saved/Projectile472708264959B5B66326F6B350D616B6.tmp' to '../../../../../../Unreal Project/TwinStickShooter 4.11/Content/Blueprints/Projectile.uasset'
[2016.04.18-13.19.04:976][868]LogSavePackage: Total save time: 37.96ms
[2016.04.18-13.19.04:976][868]LogSavePackage:Display: Finished SavePackage ../../../../../../Unreal Project/TwinStickShooter 4.11/Content/Blueprints/Projectile.uasset
[2016.04.18-13.19.51:214][431]LogActorComponent: UnregisterComponent: (/Engine/Transient.CharMoveComp) Not registered. Aborting.
[2016.04.18-13.19.51:214][431]LogActorComponent: UnregisterComponent: (/Engine/Transient.CharacterMovementComponent_3) Not registered. Aborting.
[2016.04.18-13.19.58:504][676]LogActorComponent: UnregisterComponent: (/Engine/Transient.CharacterMovementComponent_4) Not registered. Aborting.
[2016.04.18-13.20.01:772][785]LogActorComponent: UnregisterComponent: (/Engine/Transient.CharacterMovementComponent_5) Not registered. Aborting.
[2016.04.18-13.20.01:876][785]Cmd: OBJ SAVEPACKAGE PACKAGE="/Game/Blueprints/HeroCharacter" FILE="../../../../../../Unreal Project/TwinStickShooter 4.11/Content/Blueprints/HeroCharacter.uasset" SILENT=true
[2016.04.18-13.20.01:942][785]LogSavePackage: Save=59.26ms
[2016.04.18-13.20.01:942][785]LogSavePackage: Moving '../../../../../../Unreal Project/TwinStickShooter 4.11/Saved/HeroCharacter5F4536B3490DA643865938B8102C4C34.tmp' to '../../../../../../Unreal Project/TwinStickShooter 4.11/Content/Blueprints/HeroCharacter.uasset'
[2016.04.18-13.20.01:945][785]LogSavePackage: Total save time: 67.15ms
[2016.04.18-13.20.01:945][785]LogSavePackage:Display: Finished SavePackage ../../../../../../Unreal Project/TwinStickShooter 4.11/Content/Blueprints/HeroCharacter.uasset
[2016.04.18-13.20.39:278][638]Cmd: TRANSACTION UNDO
[2016.04.18-13.20.39:292][638]LogEditorTransaction: Undo Create Pin Link
[2016.04.18-13.20.49:202][155]Cmd: TRANSACTION UNDO
[2016.04.18-13.20.49:202][155]LogEditorTransaction: Undo Move Node
[2016.04.18-13.20.49:206][155]LogActorComponent: UnregisterComponent: (/Engine/Transient.CharMoveComp) Not registered. Aborting.
[2016.04.18-13.23.45:652][676]Cmd: OBJ SAVEPACKAGE PACKAGE="/Game/Blueprints/Projectile" FILE="../../../../../../Unreal Project/TwinStickShooter 4.11/Content/Blueprints/Projectile.uasset" SILENT=true
[2016.04.18-13.23.45:702][676]LogSavePackage: Save=46.01ms
[2016.04.18-13.23.45:702][676]LogSavePackage: Moving '../../../../../../Unreal Project/TwinStickShooter 4.11/Saved/ProjectileF1B4B6F7433A3AB738A3C98EABEC122D.tmp' to '../../../../../../Unreal Project/TwinStickShooter 4.11/Content/Blueprints/Projectile.uasset'
[2016.04.18-13.23.45:704][676]LogSavePackage: Total save time: 50.00ms
[2016.04.18-13.23.45:704][676]LogSavePackage:Display: Finished SavePackage ../../../../../../Unreal Project/TwinStickShooter 4.11/Content/Blueprints/Projectile.uasset
[2016.04.18-13.23.46:670][711]BlueprintLog: New page: Compile Projectile
[2016.04.18-13.23.46:807][711]BlueprintEditorCompileResults: Info [8405.42] Compile of Projectile successful! [in 137 ms]
[2016.04.18-13.23.47:322][728]Cmd: OBJ SAVEPACKAGE PACKAGE="/Game/Blueprints/Projectile" FILE="../../../../../../Unreal Project/TwinStickShooter 4.11/Content/Blueprints/Projectile.uasset" SILENT=true
[2016.04.18-13.23.47:368][728]LogSavePackage: Save=43.42ms
[2016.04.18-13.23.47:368][728]LogSavePackage: Moving '../../../../../../Unreal Project/TwinStickShooter 4.11/Saved/Projectile1733E49645C4DA170607C6BF6583A383.tmp' to '../../../../../../Unreal Project/TwinStickShooter 4.11/Content/Blueprints/Projectile.uasset'
[2016.04.18-13.23.47:370][728]LogSavePackage: Total save time: 46.14ms
[2016.04.18-13.23.47:370][728]LogSavePackage:Display: Finished SavePackage ../../../../../../Unreal Project/TwinStickShooter 4.11/Content/Blueprints/Projectile.uasset
[2016.04.19-01.06.26:049][154]LogTexture:Display: Building textures: T_ML_Aluminum01 (AutoDXT)
[2016.04.19-01.06.34:238][154]LogTexture:Display: Building textures: T_ML_Aluminum01_N (BC5)
[2016.04.19-01.06.35:276][154]LogTexture:Display: Building textures: T_ML_Rubber_Blue_01_D (AutoDXT)
[2016.04.19-01.06.43:308][154]LogTexture:Display: Building textures: T_ML_Rubber_Blue_01_N (BC5)
[2016.04.19-01.06.44:181][154]LogTexture:Display: Building textures: T_FPGun_N (BC5)
[2016.04.19-01.06.44:852][154]LogMaterial: Missing cached shader map for material M_FPGun, compiling. 
[2016.04.19-01.06.45:451][154]LogActorComponent: UnregisterComponent: (/Engine/Transient.EditorFloorComp) Not registered. Aborting.
[2016.04.19-01.06.45:590][154]LogActorComponent: UnregisterComponent: (/Engine/Transient.EditorFloorComp) Not registered. Aborting.
[2016.04.19-01.09.12:237][490]LogActorComponent: UnregisterComponent: (/Engine/Transient.CharMoveComp) Not registered. Aborting.
[2016.04.19-01.09.12:237][490]LogActorComponent: UnregisterComponent: (/Engine/Transient.CharacterMovementComponent_6) Not registered. Aborting.
[2016.04.19-01.09.30:882][793]Cmd: OBJ SAVEPACKAGE PACKAGE="/Game/Blueprints/Weapon" FILE="../../../../../../Unreal Project/TwinStickShooter 4.11/Content/Blueprints/Weapon.uasset" SILENT=true
[2016.04.19-01.09.30:913][793]LogSavePackage: Save=28.42ms
[2016.04.19-01.09.30:913][793]LogSavePackage: Moving '../../../../../../Unreal Project/TwinStickShooter 4.11/Saved/Weapon7EFE1D084B06B522440DC3831636059C.tmp' to '../../../../../../Unreal Project/TwinStickShooter 4.11/Content/Blueprints/Weapon.uasset'
[2016.04.19-01.09.30:918][793]LogSavePackage: Total save time: 34.04ms
[2016.04.19-01.09.30:918][793]LogSavePackage:Display: Finished SavePackage ../../../../../../Unreal Project/TwinStickShooter 4.11/Content/Blueprints/Weapon.uasset
[2016.04.19-01.09.32:591][824]BlueprintLog: New page: Compile Weapon
[2016.04.19-01.09.33:003][824]BlueprintEditorCompileResults: Info [0751.57] Compile of Weapon successful! [in 411 ms]
[2016.04.19-01.09.33:201][828]Cmd: OBJ SAVEPACKAGE PACKAGE="/Game/Blueprints/Weapon" FILE="../../../../../../Unreal Project/TwinStickShooter 4.11/Content/Blueprints/Weapon.uasset" SILENT=true
[2016.04.19-01.09.33:247][828]LogSavePackage: Save=36.94ms
[2016.04.19-01.09.33:247][828]LogSavePackage: Moving '../../../../../../Unreal Project/TwinStickShooter 4.11/Saved/Weapon91AE51E241DC29EF9238669DCE760654.tmp' to '../../../../../../Unreal Project/TwinStickShooter 4.11/Content/Blueprints/Weapon.uasset'
[2016.04.19-01.09.33:248][828]LogSavePackage: Total save time: 45.76ms
[2016.04.19-01.09.33:248][828]LogSavePackage:Display: Finished SavePackage ../../../../../../Unreal Project/TwinStickShooter 4.11/Content/Blueprints/Weapon.uasset
[2016.04.19-01.10.32:896][531]LogEditorTransaction: Undo Modify Component(s)
[2016.04.19-01.10.33:202][539]LogEditorTransaction: Undo Modify Component(s)
[2016.04.19-01.10.51:099][864]Cmd: OBJ SAVEPACKAGE PACKAGE="/Game/Blueprints/Weapon" FILE="../../../../../../Unreal Project/TwinStickShooter 4.11/Content/Blueprints/Weapon.uasset" SILENT=true
[2016.04.19-01.10.51:133][864]LogSavePackage: Save=30.74ms
[2016.04.19-01.10.51:133][864]LogSavePackage: Moving '../../../../../../Unreal Project/TwinStickShooter 4.11/Saved/Weapon09A6C69943B7016011A234B326B3C530.tmp' to '../../../../../../Unreal Project/TwinStickShooter 4.11/Content/Blueprints/Weapon.uasset'
[2016.04.19-01.10.51:136][864]LogSavePackage: Total save time: 34.74ms
[2016.04.19-01.10.51:136][864]LogSavePackage:Display: Finished SavePackage ../../../../../../Unreal Project/TwinStickShooter 4.11/Content/Blueprints/Weapon.uasset
[2016.04.19-01.12.08:085][664]Cmd: OBJ SAVEPACKAGE PACKAGE="/Game/Blueprints/Weapon" FILE="../../../../../../Unreal Project/TwinStickShooter 4.11/Content/Blueprints/Weapon.uasset" SILENT=true
[2016.04.19-01.12.08:115][664]LogSavePackage: Save=27.20ms
[2016.04.19-01.12.08:116][664]LogSavePackage: Moving '../../../../../../Unreal Project/TwinStickShooter 4.11/Saved/Weapon9EB7E3A5409FC6C7CDC2D586E4893464.tmp' to '../../../../../../Unreal Project/TwinStickShooter 4.11/Content/Blueprints/Weapon.uasset'
[2016.04.19-01.12.08:119][664]LogSavePackage: Total save time: 31.63ms
[2016.04.19-01.12.08:119][664]LogSavePackage:Display: Finished SavePackage ../../../../../../Unreal Project/TwinStickShooter 4.11/Content/Blueprints/Weapon.uasset
[2016.04.19-01.12.08:838][680]BlueprintLog: New page: Compile Weapon
[2016.04.19-01.12.09:019][680]BlueprintEditorCompileResults: Info [0907.57] Compile of Weapon successful! [in 180 ms]
[2016.04.19-01.12.09:579][691]Cmd: OBJ SAVEPACKAGE PACKAGE="/Game/Blueprints/Weapon" FILE="../../../../../../Unreal Project/TwinStickShooter 4.11/Content/Blueprints/Weapon.uasset" SILENT=true
[2016.04.19-01.12.09:611][691]LogSavePackage: Save=29.48ms
[2016.04.19-01.12.09:611][691]LogSavePackage: Moving '../../../../../../Unreal Project/TwinStickShooter 4.11/Saved/Weapon8C83E2C84B7982DD51A820AFCA1A6CF8.tmp' to '../../../../../../Unreal Project/TwinStickShooter 4.11/Content/Blueprints/Weapon.uasset'
[2016.04.19-01.12.09:612][691]LogSavePackage: Total save time: 32.08ms
[2016.04.19-01.12.09:612][691]LogSavePackage:Display: Finished SavePackage ../../../../../../Unreal Project/TwinStickShooter 4.11/Content/Blueprints/Weapon.uasset
[2016.04.19-01.14.26:040][874]LogActorComponent: UnregisterComponent: (/Engine/Transient.CharMoveComp) Not registered. Aborting.
[2016.04.19-01.14.26:040][874]LogActorComponent: UnregisterComponent: (/Engine/Transient.CharacterMovementComponent_7) Not registered. Aborting.
[2016.04.19-01.14.39:197][193]LogActorComponent: UnregisterComponent: (/Engine/Transient.ProjectileMovement_GEN_VARIABLE) Not registered. Aborting.
[2016.04.19-01.16.46:625][598]LogFileHelpers: Editor autosave (incl. sublevels) for '/Game/NewMap' took 0.042
[2016.04.19-01.16.46:633][598]OBJ SavePackage: Generating thumbnails for [1] asset(s) in package [/Game/Blueprints/Projectile] ([1] browsable assets)...
[2016.04.19-01.16.46:674][598]OBJ SavePackage:     Rendered thumbnail for [Blueprint /Game/Blueprints/Projectile.Projectile]
[2016.04.19-01.16.46:674][598]OBJ SavePackage: Finished generating thumbnails for package [/Game/Blueprints/Projectile]
[2016.04.19-01.16.46:765][598]LogSavePackage: Save=76.91ms
[2016.04.19-01.16.46:765][598]LogSavePackage: Moving '../../../../../../Unreal Project/TwinStickShooter 4.11/Saved/Projectile_Auto42C9611184F3373CF133DB7BC1411D96E.tmp' to '../../../../../../Unreal Project/TwinStickShooter 4.11/Saved/Autosaves/Game/Blueprints/Projectile_Auto4.uasset'
[2016.04.19-01.16.46:768][598]LogSavePackage: Total save time: 91.29ms
[2016.04.19-01.16.46:768][598]LogSavePackage:Display: Finished SavePackage ../../../../../../Unreal Project/TwinStickShooter 4.11/Saved/Autosaves/Game/Blueprints/Projectile_Auto4.uasset
[2016.04.19-01.16.46:768][598]LogFileHelpers: Auto-saving content packages took 0.140
[2016.04.19-01.17.06:315][173]LogActorComponent: UnregisterComponent: (/Engine/Transient.ProjectileMovement_GEN_VARIABLE) Not registered. Aborting.
[2016.04.19-01.17.11:016][260]LogActorComponent: UnregisterComponent: (/Engine/Transient.ProjectileMovementComponent_0) Not registered. Aborting.
[2016.04.19-01.17.11:149][260]Cmd: OBJ SAVEPACKAGE PACKAGE="/Game/Blueprints/Projectile" FILE="../../../../../../Unreal Project/TwinStickShooter 4.11/Content/Blueprints/Projectile.uasset" SILENT=true
[2016.04.19-01.17.11:198][260]LogSavePackage: Save=45.86ms
[2016.04.19-01.17.11:198][260]LogSavePackage: Moving '../../../../../../Unreal Project/TwinStickShooter 4.11/Saved/Projectile069DEF774EFF123BCA936AA8A809B052.tmp' to '../../../../../../Unreal Project/TwinStickShooter 4.11/Content/Blueprints/Projectile.uasset'
[2016.04.19-01.17.11:201][260]LogSavePackage: Total save time: 49.78ms
[2016.04.19-01.17.11:201][260]LogSavePackage:Display: Finished SavePackage ../../../../../../Unreal Project/TwinStickShooter 4.11/Content/Blueprints/Projectile.uasset
[2016.04.19-01.17.13:294][303]BlueprintLog: New page: Compile Projectile
[2016.04.19-01.17.13:315][303]LogActorComponent: UnregisterComponent: (/Engine/Transient.ProjectileMovement_GEN_VARIABLE) Not registered. Aborting.
[2016.04.19-01.17.13:466][303]BlueprintEditorCompileResults: Info [1212.01] Compile of Projectile successful! [in 172 ms]
[2016.04.19-01.17.14:038][314]Cmd: OBJ SAVEPACKAGE PACKAGE="/Game/Blueprints/Projectile" FILE="../../../../../../Unreal Project/TwinStickShooter 4.11/Content/Blueprints/Projectile.uasset" SILENT=true
[2016.04.19-01.17.14:087][314]LogSavePackage: Save=45.65ms
[2016.04.19-01.17.14:087][314]LogSavePackage: Moving '../../../../../../Unreal Project/TwinStickShooter 4.11/Saved/Projectile0E98580E476E21ED142782B01C40AC1E.tmp' to '../../../../../../Unreal Project/TwinStickShooter 4.11/Content/Blueprints/Projectile.uasset'
[2016.04.19-01.17.14:088][314]LogSavePackage: Total save time: 48.12ms
[2016.04.19-01.17.14:089][314]LogSavePackage:Display: Finished SavePackage ../../../../../../Unreal Project/TwinStickShooter 4.11/Content/Blueprints/Projectile.uasset
[2016.04.19-01.17.20:512][442]BlueprintLog: New page: Compile Projectile
[2016.04.19-01.17.20:527][442]LogActorComponent: UnregisterComponent: (/Engine/Transient.ProjectileMovement_GEN_VARIABLE) Not registered. Aborting.
[2016.04.19-01.17.20:622][442]BlueprintEditorCompileResults: Info [1219.17] Compile of Projectile successful! [in 110 ms]
[2016.04.19-01.17.21:030][451]Cmd: OBJ SAVEPACKAGE PACKAGE="/Game/Blueprints/Projectile" FILE="../../../../../../Unreal Project/TwinStickShooter 4.11/Content/Blueprints/Projectile.uasset" SILENT=true
[2016.04.19-01.17.21:079][451]LogSavePackage: Save=45.47ms
[2016.04.19-01.17.21:079][451]LogSavePackage: Moving '../../../../../../Unreal Project/TwinStickShooter 4.11/Saved/Projectile33C0E1D94B34048923DDC9A5EB324622.tmp' to '../../../../../../Unreal Project/TwinStickShooter 4.11/Content/Blueprints/Projectile.uasset'
[2016.04.19-01.17.21:080][451]LogSavePackage: Total save time: 47.85ms
[2016.04.19-01.17.21:080][451]LogSavePackage:Display: Finished SavePackage ../../../../../../Unreal Project/TwinStickShooter 4.11/Content/Blueprints/Projectile.uasset
[2016.04.19-01.17.26:995][642]LogActorComponent: UnregisterComponent: (/Engine/Transient.ProjectileMovement_GEN_VARIABLE) Not registered. Aborting.
[2016.04.19-01.17.26:995][642]LogActorComponent: UnregisterComponent: (/Engine/Transient.CharMoveComp) Not registered. Aborting.
[2016.04.19-01.17.26:995][642]LogActorComponent: UnregisterComponent: (/Engine/Transient.CharacterMovementComponent_8) Not registered. Aborting.
[2016.04.19-01.17.27:256][642]LogWindowsTextInputMethodSystem:Display: IME system now activated using TSF (搜狗拼音输入法).
[2016.04.19-01.17.27:602][643]Cmd: QUIT_EDITOR
[2016.04.19-01.17.28:033][643]LogExit: Preparing to exit.
[2016.04.19-01.17.28:945][643]LogExit: Editor shut down
[2016.04.19-01.17.28:947][643]LogExit: Transaction tracking system shut down
[2016.04.19-01.17.30:445][643]LogObj: Freed 0b from 0 cluster array pools.
[2016.04.19-01.17.30:446][643]LogExit: Object subsystem successfully closed.
[2016.04.19-01.17.30:866][643]LogD3D11RHI: Shutdown
[2016.04.19-01.17.30:866][643]LogD3D11RHI: CleanupD3DDevice
[2016.04.19-01.17.31:175][643]LogD3D11RHI: ~FD3D11DynamicRHI
[2016.04.19-01.17.31:210][643]LogDerivedDataCache: Shutdown
[2016.04.19-01.17.32:028][643]LogModuleManager: Shutting down and abandoning module BlueprintGraph (205)
[2016.04.19-01.17.32:028][643]LogModuleManager: Shutting down and abandoning module HierarchicalLODOutliner (204)
[2016.04.19-01.17.32:034][643]LogModuleManager: Shutting down and abandoning module CrashTracker (203)
[2016.04.19-01.17.32:034][643]LogModuleManager: Shutting down and abandoning module SceneOutliner (202)
[2016.04.19-01.17.32:041][643]LogModuleManager: Shutting down and abandoning module SuperSearch (201)
[2016.04.19-01.17.32:041][643]LogModuleManager: Shutting down and abandoning module WidgetCarousel (200)
[2016.04.19-01.17.32:041][643]LogModuleManager: Shutting down and abandoning module AddContentDialog (199)
[2016.04.19-01.17.32:055][643]LogModuleManager: Shutting down and abandoning module GameplayTags (198)
[2016.04.19-01.17.32:055][643]LogModuleManager: Shutting down and abandoning module EditorWidgets (197)
[2016.04.19-01.17.32:055][643]LogModuleManager: Shutting down and abandoning module CollectionManager (196)
[2016.04.19-01.17.32:066][643]LogModuleManager: Shutting down and abandoning module StatsViewer (195)
[2016.04.19-01.17.32:083][643]LogModuleManager: Shutting down and abandoning module FoliageEdit (194)
[2016.04.19-01.17.32:092][643]LogModuleManager: Shutting down and abandoning module LandscapeEditor (193)
[2016.04.19-01.17.32:101][643]LogModuleManager: Shutting down and abandoning module ActorPickerMode (192)
[2016.04.19-01.17.32:101][643]LogModuleManager: Shutting down and abandoning module GeometryMode (191)
[2016.04.19-01.17.32:101][643]LogModuleManager: Shutting down and abandoning module TextureAlignMode (190)
[2016.04.19-01.17.32:101][643]LogModuleManager: Shutting down and abandoning module BspMode (189)
[2016.04.19-01.17.32:101][643]LogModuleManager: Shutting down and abandoning module PlacementMode (188)
[2016.04.19-01.17.32:102][643]LogModuleManager: Shutting down and abandoning module AutomationWorker (187)
[2016.04.19-01.17.32:102][643]LogModuleManager: Shutting down and abandoning module CharacterAI (186)
[2016.04.19-01.17.32:102][643]LogModuleManager: Shutting down and abandoning module SmartSnapping (185)
[2016.04.19-01.17.32:102][643]LogModuleManager: Shutting down and abandoning module ViewportSnapping (184)
[2016.04.19-01.17.32:102][643]LogModuleManager: Shutting down and abandoning module LogVisualizer (183)
[2016.04.19-01.17.32:132][643]LogModuleManager: Shutting down and abandoning module GameProjectGeneration (182)
[2016.04.19-01.17.32:146][643]LogModuleManager: Shutting down and abandoning module IntroTutorials (181)
[2016.04.19-01.17.32:162][643]LogModuleManager: Shutting down and abandoning module EditorLiveStreaming (180)
[2016.04.19-01.17.32:162][643]LogModuleManager: Shutting down and abandoning module IOSPlatformEditor (179)
[2016.04.19-01.17.32:176][643]LogModuleManager: Shutting down and abandoning module HTML5PlatformEditor (178)
[2016.04.19-01.17.32:177][643]LogModuleManager: Shutting down and abandoning module AndroidDeviceDetection (177)
[2016.04.19-01.17.32:687][643]LogModuleManager: Shutting down and abandoning module AndroidPlatformEditor (176)
[2016.04.19-01.17.32:687][643]LogModuleManager: Shutting down and abandoning module IOSRuntimeSettings (175)
[2016.04.19-01.17.32:687][643]LogModuleManager: Shutting down and abandoning module AndroidRuntimeSettings (174)
[2016.04.19-01.17.32:687][643]LogModuleManager: Shutting down and abandoning module MergeActors (173)
[2016.04.19-01.17.32:711][643]LogModuleManager: Shutting down and abandoning module SizeMap (172)
[2016.04.19-01.17.32:717][643]LogModuleManager: Shutting down and abandoning module TreeMap (171)
[2016.04.19-01.17.32:725][643]LogModuleManager: Shutting down and abandoning module ReferenceViewer (170)
[2016.04.19-01.17.32:732][643]LogModuleManager: Shutting down and abandoning module LocalizationService (169)
[2016.04.19-01.17.32:739][643]LogModuleManager: Shutting down and abandoning module LocalizationDashboard (168)
[2016.04.19-01.17.32:750][643]LogModuleManager: Shutting down and abandoning module HardwareTargeting (167)
[2016.04.19-01.17.32:750][643]LogModuleManager: Shutting down and abandoning module DeviceProfileEditor (166)
[2016.04.19-01.17.32:757][643]LogModuleManager: Shutting down and abandoning module UndoHistory (165)
[2016.04.19-01.17.32:760][643]LogModuleManager: Shutting down and abandoning module UserFeedback (164)
[2016.04.19-01.17.32:760][643]LogModuleManager: Shutting down and abandoning module XmlParser (163)
[2016.04.19-01.17.32:760][643]LogModuleManager: Shutting down and abandoning module Blutility (162)
[2016.04.19-01.17.32:767][643]LogModuleManager: Shutting down and abandoning module ProjectTargetPlatformEditor (161)
[2016.04.19-01.17.32:767][643]LogModuleManager: Shutting down and abandoning module ProjectSettingsViewer (160)
[2016.04.19-01.17.32:768][643]LogModuleManager: Shutting down and abandoning module InputBindingEditor (159)
[2016.04.19-01.17.32:783][643]LogModuleManager: Shutting down and abandoning module EditorSettingsViewer (158)
[2016.04.19-01.17.32:783][643]LogModuleManager: Shutting down and abandoning module SettingsEditor (157)
[2016.04.19-01.17.32:811][643]LogModuleManager: Shutting down and abandoning module ProjectLauncher (156)
[2016.04.19-01.17.32:829][643]LogModuleManager: Shutting down and abandoning module SessionFrontend (155)
[2016.04.19-01.17.32:838][643]LogModuleManager: Shutting down and abandoning module ProfilerClient (154)
[2016.04.19-01.17.32:861][643]LogModuleManager: Shutting down and abandoning module TargetDeviceServices (153)
[2016.04.19-01.17.32:861][643]LogModuleManager: Shutting down and abandoning module DeviceManager (152)
[2016.04.19-01.17.32:911][643]LogModuleManager: Shutting down and abandoning module AutomationController (151)
[2016.04.19-01.17.32:924][643]LogModuleManager: Shutting down and abandoning module AutomationWindow (150)
[2016.04.19-01.17.32:947][643]LogModuleManager: Shutting down and abandoning module Layers (149)
[2016.04.19-01.17.32:963][643]LogModuleManager: Shutting down and abandoning module ComponentVisualizers (148)
[2016.04.19-01.17.32:963][643]LogModuleManager: Shutting down and abandoning module DetailCustomizations (147)
[2016.04.19-01.17.32:976][643]LogModuleManager: Shutting down and abandoning module PackagesDialog (146)
[2016.04.19-01.17.32:976][643]LogModuleManager: Shutting down and abandoning module Persona (145)
[2016.04.19-01.17.33:017][643]LogModuleManager: Shutting down and abandoning module Kismet (144)
[2016.04.19-01.17.33:023][643]LogModuleManager: Shutting down and abandoning module GraphEditor (143)
[2016.04.19-01.17.33:023][643]LogModuleManager: Shutting down and abandoning module ClassViewer (142)
[2016.04.19-01.17.33:025][643]LogModuleManager: Shutting down and abandoning module Toolbox (141)
[2016.04.19-01.17.33:036][643]LogModuleManager: Shutting down and abandoning module ModuleUI (140)
[2016.04.19-01.17.33:043][643]LogModuleManager: Shutting down and abandoning module MovieSceneTools (139)
[2016.04.19-01.17.33:056][643]LogModuleManager: Shutting down and abandoning module OutputLog (138)
[2016.04.19-01.17.33:071][643]LogModuleManager: Shutting down and abandoning module GammaUI (137)
[2016.04.19-01.17.33:094][643]LogModuleManager: Shutting down and abandoning module Documentation (136)
[2016.04.19-01.17.33:094][643]LogModuleManager: Shutting down and abandoning module StreamingPauseRendering (135)
[2016.04.19-01.17.33:094][643]LogModuleManager: Shutting down and abandoning module AnalyticsET (134)
[2016.04.19-01.17.33:094][643]LogModuleManager: Shutting down and abandoning module Analytics (133)
[2016.04.19-01.17.33:094][643]LogModuleManager: Shutting down and abandoning module PortalServices (132)
[2016.04.19-01.17.33:094][643]LogModuleManager: Shutting down and abandoning module PortalRpc (131)
[2016.04.19-01.17.33:094][643]LogModuleManager: Shutting down and abandoning module MessagingRpc (130)
[2016.04.19-01.17.33:094][643]LogModuleManager: Shutting down and abandoning module AITestSuite (129)
[2016.04.19-01.17.33:103][643]LogModuleManager: Shutting down and abandoning module GameplayDebugger (128)
[2016.04.19-01.17.33:103][643]LogModuleManager: Shutting down and abandoning module AIModule (127)
[2016.04.19-01.17.33:103][643]LogModuleManager: Shutting down and abandoning module ProfilerService (126)
[2016.04.19-01.17.33:258][643]LogModuleManager: Shutting down and abandoning module TaskGraph (125)
[2016.04.19-01.17.33:276][643]LogModuleManager: Shutting down and abandoning module SlateRemote (124)
[2016.04.19-01.17.33:276][643]LogModuleManager: Shutting down and abandoning module SteamVRController (123)
[2016.04.19-01.17.33:276][643]LogModuleManager: Shutting down and abandoning module SteamVR (122)
[2016.04.19-01.17.33:276][643]LogModuleManager: Shutting down and abandoning module ProceduralMeshComponent (121)
[2016.04.19-01.17.33:276][643]LogModuleManager: Shutting down and abandoning module OculusLibrary (120)
[2016.04.19-01.17.33:276][643]LogModuleManager: Shutting down and abandoning module OculusInput (119)
[2016.04.19-01.17.33:276][643]LogModuleManager: Shutting down and abandoning module CustomMeshComponent (118)
[2016.04.19-01.17.33:276][643]LogModuleManager: Shutting down and abandoning module CableComponent (117)
[2016.04.19-01.17.33:276][643]LogModuleManager: Shutting down and abandoning module ArchVisCharacter (116)
[2016.04.19-01.17.33:276][643]LogModuleManager: Shutting down and abandoning module MediaPlayerEditor (115)
[2016.04.19-01.17.33:291][643]LogModuleManager: Shutting down and abandoning module HTML5Networking (114)
[2016.04.19-01.17.33:291][643]LogModuleManager: Shutting down and abandoning module SpeedTreeImporter (113)
[2016.04.19-01.17.33:291][643]LogModuleManager: Shutting down and abandoning module PluginBrowser (112)
[2016.04.19-01.17.33:322][643]LogModuleManager: Shutting down and abandoning module EpicSurvey (111)
[2016.04.19-01.17.33:330][643]LogModuleManager: Shutting down and abandoning module DesktopPlatform (110)
[2016.04.19-01.17.33:339][643]LogModuleManager: Shutting down and abandoning module VisualStudioSourceCodeAccess (109)
[2016.04.19-01.17.33:342][643]LogModuleManager: Shutting down and abandoning module UObjectPlugin (108)
[2016.04.19-01.17.33:342][643]LogModuleManager: Shutting down and abandoning module SubversionSourceControl (107)
[2016.04.19-01.17.33:357][643]LogModuleManager: Shutting down and abandoning module PerforceSourceControl (106)
[2016.04.19-01.17.33:364][643]LogModuleManager: Shutting down and abandoning module SourceControl (105)
[2016.04.19-01.17.33:370][643]LogModuleManager: Shutting down and abandoning module GitSourceControl (104)
[2016.04.19-01.17.33:379][643]LogModuleManager: Shutting down and abandoning module LightPropagationVolumeEditor (103)
[2016.04.19-01.17.33:379][643]LogModuleManager: Shutting down and abandoning module PaperTiledImporter (102)
[2016.04.19-01.17.33:382][643]LogModuleManager: Shutting down and abandoning module PaperSpriteSheetImporter (101)
[2016.04.19-01.17.33:382][643]LogModuleManager: Shutting down and abandoning module MeshPaint (100)
[2016.04.19-01.17.33:388][643]LogModuleManager: Shutting down and abandoning module HotReload (99)
[2016.04.19-01.17.33:390][643]LogModuleManager: Shutting down and abandoning module MainFrame (98)
[2016.04.19-01.17.33:390][643]LogModuleManager: Shutting down and abandoning module LevelEditor (97)
[2016.04.19-01.17.33:399][643]LogModuleManager: Shutting down and abandoning module DirectoryWatcher (96)
[2016.04.19-01.17.33:410][643]LogModuleManager: Shutting down and abandoning module AssetRegistry (95)
[2016.04.19-01.17.33:540][643]LogModuleManager: Shutting down and abandoning module ContentBrowser (94)
[2016.04.19-01.17.33:541][643]LogModuleManager: Shutting down and abandoning module Paper2DEditor (93)
[2016.04.19-01.17.33:555][643]LogModuleManager: Shutting down and abandoning module TwinStickShooter (92)
[2016.04.19-01.17.33:555][643]LogModuleManager: Shutting down and abandoning module UdpMessaging (91)
[2016.04.19-01.17.33:656][643]LogModuleManager: Shutting down and abandoning module LightPropagationVolumeRuntime (90)
[2016.04.19-01.17.33:656][643]LogModuleManager: Shutting down and abandoning module Paper2D (89)
[2016.04.19-01.17.33:679][643]LogModuleManager: Shutting down and abandoning module WindowsMoviePlayer (88)
[2016.04.19-01.17.33:688][643]LogModuleManager: Shutting down and abandoning module Media (87)
[2016.04.19-01.17.33:688][643]LogModuleManager: Shutting down and abandoning module WmfMedia (86)
[2016.04.19-01.17.33:696][643]LogModuleManager: Shutting down and abandoning module GameLiveStreaming (85)
[2016.04.19-01.17.33:697][643]LogModuleManager: Shutting down and abandoning module GameplayTagsEditor (84)
[2016.04.19-01.17.33:697][643]LogModuleManager: Shutting down and abandoning module OnlineBlueprintSupport (83)
[2016.04.19-01.17.33:697][643]LogModuleManager: Shutting down and abandoning module GameplayTasksEditor (82)
[2016.04.19-01.17.33:697][643]LogModuleManager: Shutting down and abandoning module PropertyEditor (81)
[2016.04.19-01.17.33:697][643]LogModuleManager: Shutting down and abandoning module BehaviorTreeEditor (80)
[2016.04.19-01.17.33:712][643]LogModuleManager: Shutting down and abandoning module FunctionalTesting (79)
[2016.04.19-01.17.33:712][643]LogModuleManager: Shutting down and abandoning module CollisionAnalyzer (78)
[2016.04.19-01.17.33:728][643]LogModuleManager: Shutting down and abandoning module WorkspaceMenuStructure (77)
[2016.04.19-01.17.33:728][643]LogModuleManager: Shutting down and abandoning module MessageLog (76)
[2016.04.19-01.17.33:728][643]LogModuleManager: Shutting down and abandoning module Sequencer (75)
[2016.04.19-01.17.33:738][643]LogModuleManager: Shutting down and abandoning module AssetTools (74)
[2016.04.19-01.17.33:756][643]LogModuleManager: Shutting down and abandoning module UMGEditor (73)
[2016.04.19-01.17.33:772][643]LogModuleManager: Shutting down and abandoning module UMG (72)
[2016.04.19-01.17.33:797][643]LogModuleManager: Shutting down and abandoning module SlateReflector (71)
[2016.04.19-01.17.33:815][643]LogModuleManager: Shutting down and abandoning module Slate (70)
[2016.04.19-01.17.33:815][643]LogModuleManager: Shutting down and abandoning module EditorStyle (69)
[2016.04.19-01.17.33:822][643]LogModuleManager: Shutting down and abandoning module SessionServices (68)
[2016.04.19-01.17.33:822][643]LogModuleManager: Shutting down and abandoning module SourceCodeAccess (67)
[2016.04.19-01.17.33:822][643]LogModuleManager: Shutting down and abandoning module HeadMountedDisplay (66)
[2016.04.19-01.17.33:822][643]LogModuleManager: Shutting down and abandoning module XAudio2 (65)
[2016.04.19-01.17.33:822][643]LogModuleManager: Shutting down and abandoning module Networking (63)
[2016.04.19-01.17.33:822][643]LogModuleManager: Shutting down and abandoning module Core (62)
[2016.04.19-01.17.33:822][643]LogModuleManager: Shutting down and abandoning module KismetCompiler (61)
[2016.04.19-01.17.33:830][643]LogModuleManager: Shutting down and abandoning module PhysXFormats (60)
[2016.04.19-01.17.33:830][643]LogModuleManager: Shutting down and abandoning module MeshUtilities (59)
[2016.04.19-01.17.33:841][643]LogModuleManager: Shutting down and abandoning module CookingStats (58)
[2016.04.19-01.17.33:841][643]LogModuleManager: Shutting down and abandoning module DerivedDataCache (57)
[2016.04.19-01.17.33:841][643]LogDerivedDataCache: Shutdown
[2016.04.19-01.17.33:841][643]LogModuleManager: Shutting down and abandoning module ShaderFormatOpenGL (56)
[2016.04.19-01.17.33:852][643]LogModuleManager: Shutting down and abandoning module ShaderFormatD3D (55)
[2016.04.19-01.17.33:852][643]LogModuleManager: Shutting down and abandoning module MetalShaderFormat (54)
[2016.04.19-01.17.33:855][643]LogModuleManager: Shutting down and abandoning module TextureFormatUncompressed (53)
[2016.04.19-01.17.33:855][643]LogModuleManager: Shutting down and abandoning module TextureFormatPVR (52)
[2016.04.19-01.17.33:855][643]LogModuleManager: Shutting down and abandoning module TextureFormatIntelISPCTexComp (51)
[2016.04.19-01.17.33:856][643]LogModuleManager: Shutting down and abandoning module TextureFormatDXT (50)
[2016.04.19-01.17.33:856][643]LogModuleManager: Shutting down and abandoning module ImageWrapper (49)
[2016.04.19-01.17.33:856][643]LogModuleManager: Shutting down and abandoning module TextureFormatASTC (48)
[2016.04.19-01.17.33:856][643]LogModuleManager: Shutting down and abandoning module TextureFormatAndroid (47)
[2016.04.19-01.17.33:856][643]LogModuleManager: Shutting down and abandoning module AudioFormatOpus (46)
[2016.04.19-01.17.33:863][643]LogModuleManager: Shutting down and abandoning module AudioFormatOgg (45)
[2016.04.19-01.17.33:863][643]LogModuleManager: Shutting down and abandoning module AudioFormatADPCM (44)
[2016.04.19-01.17.33:863][643]LogModuleManager: Shutting down and abandoning module LinuxTargetPlatform (43)
[2016.04.19-01.17.33:863][643]LogModuleManager: Shutting down and abandoning module LinuxServerTargetPlatform (42)
[2016.04.19-01.17.33:863][643]LogModuleManager: Shutting down and abandoning module LinuxNoEditorTargetPlatform (41)
[2016.04.19-01.17.33:863][643]LogModuleManager: Shutting down and abandoning module TVOSTargetPlatform (40)
[2016.04.19-01.17.33:864][643]LogModuleManager: Shutting down and abandoning module Messaging (39)
[2016.04.19-01.17.33:864][643]LogModuleManager: Shutting down and abandoning module IOSTargetPlatform (38)
[2016.04.19-01.17.33:864][643]LogModuleManager: Shutting down and abandoning module HTML5TargetPlatform (37)
[2016.04.19-01.17.33:864][643]LogModuleManager: Shutting down and abandoning module Android_PVRTCTargetPlatform (36)
[2016.04.19-01.17.33:864][643]LogModuleManager: Shutting down and abandoning module Android_MultiTargetPlatform (35)
[2016.04.19-01.17.33:874][643]LogModuleManager: Shutting down and abandoning module Android_ETC2TargetPlatform (34)
[2016.04.19-01.17.33:874][643]LogModuleManager: Shutting down and abandoning module Android_ETC1TargetPlatform (33)
[2016.04.19-01.17.33:874][643]LogModuleManager: Shutting down and abandoning module Android_DXTTargetPlatform (32)
[2016.04.19-01.17.33:874][643]LogModuleManager: Shutting down and abandoning module Android_ATCTargetPlatform (31)
[2016.04.19-01.17.33:874][643]LogModuleManager: Shutting down and abandoning module Android_ASTCTargetPlatform (30)
[2016.04.19-01.17.33:874][643]LogModuleManager: Shutting down and abandoning module AndroidTargetPlatform (29)
[2016.04.19-01.17.33:874][643]LogModuleManager: Shutting down and abandoning module WindowsTargetPlatform (28)
[2016.04.19-01.17.33:874][643]LogModuleManager: Shutting down and abandoning module WindowsServerTargetPlatform (27)
[2016.04.19-01.17.33:874][643]LogModuleManager: Shutting down and abandoning module WindowsNoEditorTargetPlatform (26)
[2016.04.19-01.17.33:874][643]LogModuleManager: Shutting down and abandoning module WindowsClientTargetPlatform (25)
[2016.04.19-01.17.33:874][643]LogModuleManager: Shutting down and abandoning module AllDesktopTargetPlatform (24)
[2016.04.19-01.17.33:874][643]LogModuleManager: Shutting down and abandoning module TargetPlatform (23)
[2016.04.19-01.17.33:875][643]LogModuleManager: Shutting down and abandoning module InputCore (22)
[2016.04.19-01.17.33:875][643]LogModuleManager: Shutting down and abandoning module Settings (21)
[2016.04.19-01.17.33:875][643]LogModuleManager: Shutting down and abandoning module OnlineSubsystem (19)
[2016.04.19-01.17.33:875][643]LogModuleManager: Shutting down and abandoning module HTTP (18)
[2016.04.19-01.17.36:449][643]LogModuleManager: Shutting down and abandoning module XMPP (17)
[2016.04.19-01.17.36:462][643]LogModuleManager: Shutting down and abandoning module OculusRift (16)
[2016.04.19-01.17.36:475][643]LogModuleManager: Shutting down and abandoning module ExampleDeviceProfileSelector (15)
[2016.04.19-01.17.36:475][643]LogModuleManager: Shutting down and abandoning module TextureCompressor (14)
[2016.04.19-01.17.36:476][643]LogModuleManager: Shutting down and abandoning module ShaderCore (13)
[2016.04.19-01.17.36:476][643]LogModuleManager: Shutting down and abandoning module Landscape (12)
[2016.04.19-01.17.36:476][643]LogModuleManager: Shutting down and abandoning module SlateRHIRenderer (11)
[2016.04.19-01.17.36:513][643]LogModuleManager: Shutting down and abandoning module OpenGLDrv (10)
[2016.04.19-01.17.36:526][643]LogModuleManager: Shutting down and abandoning module D3D11RHI (9)
[2016.04.19-01.17.36:526][643]LogModuleManager: Shutting down and abandoning module AnimGraphRuntime (8)
[2016.04.19-01.17.36:526][643]LogModuleManager: Shutting down and abandoning module Renderer (7)
[2016.04.19-01.17.36:526][643]LogModuleManager: Shutting down and abandoning module Engine (6)
[2016.04.19-01.17.36:526][643]LogModuleManager: Shutting down and abandoning module CoreUObject (5)
[2016.04.19-01.17.36:526][643]LogModuleManager: Shutting down and abandoning module NetworkFile (4)
[2016.04.19-01.17.36:536][643]LogModuleManager: Shutting down and abandoning module StreamingFile (3)
[2016.04.19-01.17.36:536][643]LogModuleManager: Shutting down and abandoning module SandboxFile (2)
[2016.04.19-01.17.36:542][643]LogModuleManager: Shutting down and abandoning module PakFile (1)
[2016.04.19-01.17.36:567][643]LogExit: Exiting.
[2016.04.19-01.17.36:618][643]Log file closed, 04/19/16 09:17:36
