Log file open, 04/20/16 18:59:33
LogInit:Display: Running engine for game: TwinStickShooter
LogPlatformFile: Not using cached read wrapper
LogInit:Display: RandInit(-1962995291) SRandInit(-1962995288).
LogTaskGraph: Started task graph with 4 named threads and 5 total threads.
LogStats: Stats thread started at 0.059578
LogInit: Version: 4.11.1-2934540+++UE4+Release-4.11
LogInit: API Version: 2927265
LogInit: Compiled (64-bit): Apr  6 2016 02:14:16
LogInit: Compiled with Visual C++: 19.00.23026.00
LogInit: Build Configuration: Development
LogInit: Branch Name: ++UE4+Release-4.11
LogInit: Command line:  
LogInit: Base directory: D:/Program Files/Epic Games/4.11/Engine/Binaries/Win64/
LogInit: Installed Engine Build: 1
LogInit: Using libcurl 7.41.0
LogInit:  - built for x86_64-pc-win32
LogInit:  - supports SSL with WinSSL
LogInit:  - other features:
LogInit:      CURL_VERSION_SSL
LogInit:      CURL_VERSION_IPV6
LogInit:      CURL_VERSION_ASYNCHDNS
LogInit:      CURL_VERSION_LARGEFILE
LogInit:      CURL_VERSION_IDN
LogInit:  CurlRequestOptions (configurable via config and command line):
LogInit:  - bVerifyPeer = true  - Libcurl will verify peer certificate
LogInit:  - bUseHttpProxy = false  - Libcurl will NOT use HTTP proxy
LogInit:  - bDontReuseConnections = false  - Libcurl will reuse connections
LogInit:  - CertBundlePath = nullptr  - Libcurl will use whatever was configured at build time.
LogInit: Presizing for max 16777216 objects, including 0 objects not considered by GC, pre-allocating 0 bytes for permanent pool.
LogInit: Object subsystem initialized
[2016.04.20-10.59.33:323][  0]LogInit: Selected Device Profile: [Windows]
[2016.04.20-10.59.33:323][  0]LogInit: Applying CVar settings loaded from the selected device profile: [Windows]
[2016.04.20-10.59.33:331][  0]LogInit: Computer: WANGBIN4
[2016.04.20-10.59.33:331][  0]LogInit: User: wangbin4
[2016.04.20-10.59.33:331][  0]LogInit: CPU Page size=65536, Cores=2
[2016.04.20-10.59.33:331][  0]LogInit: High frequency timer resolution =3.215354 MHz
[2016.04.20-10.59.33:331][  0]LogMemory: Memory total: Physical=16.0GB (16GB approx)
[2016.04.20-10.59.33:331][  0]LogMemory: Platform Memory Stats for Windows
[2016.04.20-10.59.33:331][  0]LogMemory: Process Physical Memory: 312.61 MB used, 312.61 MB peak
[2016.04.20-10.59.33:331][  0]LogMemory: Process Virtual Memory: 314.61 MB used, 314.61 MB peak
[2016.04.20-10.59.33:331][  0]LogMemory: Physical Memory: 6326.52 MB used, 16341.05 MB total
[2016.04.20-10.59.33:331][  0]LogMemory: Virtual Memory: 646.37 MB used, 134217728.00 MB total
[2016.04.20-10.59.33:878][  0]LogD3D11RHI: D3D11 adapters:
[2016.04.20-10.59.33:902][  0]LogD3D11RHI:    0. 'NVIDIA GeForce GT 630' (Feature Level 11_0)
[2016.04.20-10.59.33:902][  0]LogD3D11RHI:       462MB of dedicated video memory, 0MB of dedicated system memory, and 3583MB of shared system memory, 2 output[s]
[2016.04.20-10.59.33:904][  0]LogD3D11RHI:    1. 'Microsoft Basic Render Driver' (Feature Level 11_0)
[2016.04.20-10.59.33:904][  0]LogD3D11RHI:       0MB of dedicated video memory, 0MB of dedicated system memory, and 8170MB of shared system memory, 0 output[s]
[2016.04.20-10.59.33:904][  0]LogD3D11RHI: Chosen D3D11 Adapter: 0
[2016.04.20-10.59.33:916][  0]LogD3D11RHI: Creating new Direct3DDevice
[2016.04.20-10.59.33:917][  0]LogD3D11RHI:     Adapter Name: NVIDIA GeForce GT 630
[2016.04.20-10.59.33:917][  0]LogD3D11RHI:   Driver Version: 10.18.13.5382 (internal 10.18.13.5382)
[2016.04.20-10.59.33:917][  0]LogD3D11RHI:      Driver Date: 8-7-2015
[2016.04.20-10.59.33:917][  0]LogRHI: Texture pool is 323 MB (70% of 462 MB)
[2016.04.20-10.59.33:931][  0]LogD3D11RHI: Async texture creation enabled
[2016.04.20-10.59.33:950][  0]LogShaderCompilers: Guid format shader working directory is -6 characters bigger than the processId version (../../../../../../Unreal Project/TwinStickShooter 4.11/Intermediate/Shaders/WorkingDirectory/26696/).
[2016.04.20-10.59.33:950][  0]LogShaderCompilers: Cleaned the shader compiler working directory 'C:/Users/wangbin4/AppData/Local/Temp/UnrealShaderWorkingDir/302AE3894C64353E943A8D8BC22D5A5F/'.
[2016.04.20-10.59.33:950][  0]LogShaderCompilers:Display: Using Local Shader Compiler.
[2016.04.20-10.59.37:575][  0]LogTemp:Display: Loaded TP AllDesktopTargetPlatform
[2016.04.20-10.59.37:582][  0]LogTemp:Display: Loaded TP WindowsClientTargetPlatform
[2016.04.20-10.59.37:588][  0]LogTemp:Display: Loaded TP WindowsNoEditorTargetPlatform
[2016.04.20-10.59.37:596][  0]LogTemp:Display: Loaded TP WindowsServerTargetPlatform
[2016.04.20-10.59.37:603][  0]LogTemp:Display: Loaded TP WindowsTargetPlatform
[2016.04.20-10.59.37:608][  0]LogTemp:Display: Loaded TP AndroidTargetPlatform
[2016.04.20-10.59.37:613][  0]LogTemp:Display: Loaded TP Android_ASTCTargetPlatform
[2016.04.20-10.59.37:621][  0]LogTemp:Display: Loaded TP Android_ATCTargetPlatform
[2016.04.20-10.59.37:627][  0]LogTemp:Display: Loaded TP Android_DXTTargetPlatform
[2016.04.20-10.59.37:632][  0]LogTemp:Display: Loaded TP Android_ETC1TargetPlatform
[2016.04.20-10.59.37:638][  0]LogTemp:Display: Loaded TP Android_ETC2TargetPlatform
[2016.04.20-10.59.37:649][  0]LogTemp:Display: Loaded TP Android_MultiTargetPlatform
[2016.04.20-10.59.37:649][  0]LogTemp:Display: Loaded TP Android_PVRTCTargetPlatform
[2016.04.20-10.59.37:651][  0]LogTemp:Display: Loaded TP HTML5TargetPlatform
[2016.04.20-10.59.37:712][  0]LogTemp:Display: Loaded TP IOSTargetPlatform
[2016.04.20-10.59.37:716][  0]LogTemp:Display: Loaded TP TVOSTargetPlatform
[2016.04.20-10.59.37:721][  0]LogTemp:Display: Loaded TP LinuxNoEditorTargetPlatform
[2016.04.20-10.59.37:725][  0]LogTemp:Display: Loaded TP LinuxServerTargetPlatform
[2016.04.20-10.59.37:742][  0]LogTemp:Display: Loaded TP LinuxTargetPlatform
[2016.04.20-10.59.37:742][  0]LogTargetPlatformManager:Display: Building Assets For Windows
[2016.04.20-10.59.38:266][  0]LogDerivedDataCache:Display: Max Cache Size: 512 MB
[2016.04.20-10.59.38:574][  0]LogDerivedDataCache: Loaded boot cache 0.31s 46MB C:/Users/wangbin4/AppData/Local/UnrealEngine/4.11/DerivedDataCache/Boot.ddc.
[2016.04.20-10.59.38:574][  0]LogDerivedDataCache:Display: Loaded Boot cache: C:/Users/wangbin4/AppData/Local/UnrealEngine/4.11/DerivedDataCache/Boot.ddc
[2016.04.20-10.59.38:574][  0]LogDerivedDataCache: FDerivedDataBackendGraph:  Pak pak cache file ../../../../../../Unreal Project/TwinStickShooter 4.11/DerivedDataCache/DDC.ddp not found, will not use a pak cache.
[2016.04.20-10.59.38:574][  0]LogDerivedDataCache: Unable to find inner node Pak for hierarchical cache Hierarchy.
[2016.04.20-10.59.38:574][  0]LogDerivedDataCache: FDerivedDataBackendGraph:  CompressedPak pak cache file ../../../../../../Unreal Project/TwinStickShooter 4.11/DerivedDataCache/Compressed.ddp not found, will not use a pak cache.
[2016.04.20-10.59.38:574][  0]LogDerivedDataCache: Unable to find inner node CompressedPak for hierarchical cache Hierarchy.
[2016.04.20-10.59.38:610][  0]LogDerivedDataCache:Display: Pak cache opened for reading ../../../Engine/DerivedDataCache/Compressed.ddp.
[2016.04.20-10.59.38:623][  0]LogDerivedDataCache: Using Local data cache path C:/Users/wangbin4/AppData/Local/UnrealEngine/Common/DerivedDataCache: Writable
[2016.04.20-10.59.43:954][  0]LogInit: Selected Device Profile: [Windows]
[2016.04.20-10.59.44:018][  0]LogContentStreaming: Texture pool size is 0.00 MB
[2016.04.20-10.59.44:657][  0]LogMaterial: Uniform references updated for custom material expression Custom.
[2016.04.20-10.59.45:763][  0]LogMeshUtilities: No automatic mesh reduction module available
[2016.04.20-10.59.45:763][  0]LogMeshUtilities: No automatic mesh merging module available
[2016.04.20-10.59.45:763][  0]LogMeshUtilities: No distributed automatic mesh merging module available
[2016.04.20-10.59.48:453][  0]LogUObjectArray: 27678 objects as part of root set at end of initial load.
[2016.04.20-10.59.48:453][  0]LogUObjectAllocator: 5591384 out of 0 bytes used by permanent object pool.
[2016.04.20-10.59.48:453][  0]LogUObjectArray: CloseDisregardForGC: 0/0 objects in disregard for GC pool
[2016.04.20-10.59.48:599][  0]LogInit: WinSock: version 1.1 (2.2), MaxSocks=32767, MaxUdp=65467
[2016.04.20-10.59.50:994][  0]LogSlate: SlateFontCache - WITH_FREETYPE: 1, WITH_HARFBUZZ: 1
[2016.04.20-10.59.50:995][  0]LogSlate: SlateFontCache - WITH_FREETYPE: 1, WITH_HARFBUZZ: 1
[2016.04.20-10.59.53:479][  0]LogStreaming:Warning: Failed to read file '../../../Engine/Content/Editor/Slate/Common/Selection_16x.png' error.
[2016.04.20-10.59.53:479][  0]LogSlate: Could not find file for Slate resource: ../../../Engine/Content/Editor/Slate/Common/Selection_16x.png
[2016.04.20-10.59.53:485][  0]LogStreaming:Warning: Failed to read file '../../../Engine/Content/Editor/Slate/Common/Selection_16x.png' error.
[2016.04.20-10.59.53:485][  0]LogSlate: Could not find file for Slate resource: ../../../Engine/Content/Editor/Slate/Common/Selection_16x.png
[2016.04.20-10.59.53:485][  0]LogStreaming:Warning: Failed to read file '../../../Engine/Content/Editor/Slate/Common/Selection_16x.png' error.
[2016.04.20-10.59.53:485][  0]LogSlate: Could not find file for Slate resource: ../../../Engine/Content/Editor/Slate/Common/Selection_16x.png
[2016.04.20-11.00.06:163][  0]LogUdpMessaging: Initializing bridge on interface 0.0.0.0:0 to multicast group 230.0.0.1:6666.
[2016.04.20-11.00.06:172][  0]FUdpSocketBuilder: Failed to bind UdpMessageMulticastSocket to 0.0.0.0:6666
[2016.04.20-11.00.06:172][  0]FUdpSocketBuilder: Failed to configure multicast for UdpMessageMulticastSocket (loopback: 1, ttl: 1)
[2016.04.20-11.00.06:172][  0]FUdpSocketBuilder: Failed to create and initialize socket UdpMessageMulticastSocket (last error: 0)
[2016.04.20-11.00.06:172][  0]LogUdpMessaging:Warning: StartTransport failed to create multicast socket on 0.0.0.0:0, joined to 230.0.0.1:6666 with TTL 1
[2016.04.20-11.00.06:573][  0]LogAssetRegistry: FAssetRegistry took 0.0245 seconds to start up
[2016.04.20-11.00.08:201][  0]SourceControl: Info Source control is disabled
[2016.04.20-11.00.08:227][  0]SourceControl: Info Source control is disabled
[2016.04.20-11.00.08:281][  0]SourceControl: Info Source control is disabled
[2016.04.20-11.00.08:374][  0]SourceControl: Info Source control is disabled
[2016.04.20-11.00.09:627][  0]LogEngine: Initializing Engine...
[2016.04.20-11.00.09:684][  0]LogHMD: SteamVR failed to initialize.  Err: 110
[2016.04.20-11.00.09:700][  0]LogHMD: SteamVR failed to initialize.  Err: 110
[2016.04.20-11.00.10:574][  0]LogAIModule: Creating AISystem for world NewWorld
[2016.04.20-11.00.10:687][  0]LogInit: XAudio2 using 'Speakers / Headphones (Realtek High Definition Audio)' : 2 channels at 48 kHz using 32 bits per sample (channel mask 0x3)
[2016.04.20-11.00.10:713][  0]LogInit: FAudioDevice initialized.
[2016.04.20-11.00.10:741][  0]LogDerivedDataCache: Saved boot cache 0.03s 46MB C:/Users/wangbin4/AppData/Local/UnrealEngine/4.11/DerivedDataCache/Boot.ddc.
[2016.04.20-11.00.10:756][  0]LogInit: Texture streaming: Enabled
[2016.04.20-11.00.10:967][  0]LogInit: Transaction tracking system initialized
[2016.04.20-11.00.11:400][  0]BlueprintLog: New page: Editor Load
[2016.04.20-11.00.12:638][  0]LocalizationService: Info Localization service is disabled
[2016.04.20-11.00.13:341][  0]LogLinker:Warning: Can't find file '/Game/ThirdPersonBP/ThirdPersonOverview'
[2016.04.20-11.00.13:342][  0]LogLinker:Warning: Can't find file '/Game/ThirdPersonBP/ThirdPersonOverview'
[2016.04.20-11.00.13:342][  0]LogUObjectGlobals:Warning: Failed to find object 'Class /Game/ThirdPersonBP/ThirdPersonOverview.ThirdPersonOverview_C'
[2016.04.20-11.00.13:640][  0]LogConsoleResponse:Display: 
[2016.04.20-11.00.14:690][  0]LogFileCache: Scanning file cache for directory 'D:/Unreal Project/TwinStickShooter 4.11/Content/' took 0.03s
[2016.04.20-11.00.14:690][  0]LogCook:Display: Max memory allowance for cook 8192mb
[2016.04.20-11.00.14:690][  0]LogCook:Display: Mobile HDR setting 1
[2016.04.20-11.00.14:690][  0]LogCook:Display: Done creating registry. It took  0.00s.
[2016.04.20-11.00.15:316][  0]SourceControl: Info Source control is disabled
[2016.04.20-11.00.15:339][  0]Cmd: MAP LOAD FILE="../../../../../../Unreal Project/TwinStickShooter 4.11/Content/NewMap.umap" TEMPLATE=0 SHOWPROGRESS=1 FEATURELEVEL=3
[2016.04.20-11.00.15:393][  0]LightingResults: New page: Lighting Build
[2016.04.20-11.00.15:601][  0]MapCheck: New page: Map Check
[2016.04.20-11.00.15:601][  0]LightingResults: New page: Lighting Build
[2016.04.20-11.00.17:151][  0]LogAIModule: Creating AISystem for world NewMap
[2016.04.20-11.00.17:673][  0]LogEditorServer: Finished looking for orphan Actors (0.000 secs)
[2016.04.20-11.00.17:741][  0]Cmd: MAP CHECKDEP NOCLEARLOG
[2016.04.20-11.00.17:889][  0]MapCheck:Warning: Warning MaterialInstanceDynamic_54 MaterialInstanceDynamic /Game/NewMap.NewMap:PersistentLevel.EnemyCharacter_C_0.CharacterMesh0.MaterialInstanceDynamic_54 : Externally referenced 
[2016.04.20-11.00.17:889][  0]MapCheck:Warning: Warning CharacterMesh0 SkeletalMeshComponent /Game/NewMap.NewMap:PersistentLevel.EnemyCharacter_C_0.CharacterMesh0 : Externally referenced 
[2016.04.20-11.00.17:889][  0]MapCheck:Warning: Warning ModelComponent_4 ModelComponent /Game/NewMap.NewMap:PersistentLevel.ModelComponent_4 : Externally referenced 
[2016.04.20-11.00.17:889][  0]MapCheck:Warning: Warning ModelComponent_5 ModelComponent /Game/NewMap.NewMap:PersistentLevel.ModelComponent_5 : Externally referenced 
[2016.04.20-11.00.17:889][  0]MapCheck:Warning: Warning ModelComponent_6 ModelComponent /Game/NewMap.NewMap:PersistentLevel.ModelComponent_6 : Externally referenced 
[2016.04.20-11.00.17:889][  0]MapCheck:Warning: Warning ModelComponent_7 ModelComponent /Game/NewMap.NewMap:PersistentLevel.ModelComponent_7 : Externally referenced 
[2016.04.20-11.00.17:889][  0]MapCheck:Warning: Warning Model_14 Model /Game/NewMap.NewMap:PersistentLevel.Model_14 : Externally referenced 
[2016.04.20-11.00.17:889][  0]MapCheck:Warning: Warning Polys_42 Polys /Game/NewMap.NewMap:PersistentLevel.Box画刷2.Model_16.Polys_42 : Externally referenced 
[2016.04.20-11.00.17:889][  0]MapCheck:Warning: Warning Polys_122 Polys /Game/NewMap.NewMap:PersistentLevel.Box画刷3.Model_16.Polys_122 : Externally referenced 
[2016.04.20-11.00.17:889][  0]MapCheck:Warning: Warning Polys_195 Polys /Game/NewMap.NewMap:PersistentLevel.Box画刷4.Model_16.Polys_195 : Externally referenced 
[2016.04.20-11.00.17:889][  0]MapCheck:Warning: Warning Polys_261 Polys /Game/NewMap.NewMap:PersistentLevel.Box画刷5.Model_16.Polys_261 : Externally referenced 
[2016.04.20-11.00.17:889][  0]MapCheck:Warning: Warning ModelComponent_5 ModelComponent /Game/NewMap.NewMap:PersistentLevel.ModelComponent_5 : Externally referenced 
[2016.04.20-11.00.17:890][  0]MapCheck:Warning: Warning ModelComponent_6 ModelComponent /Game/NewMap.NewMap:PersistentLevel.ModelComponent_6 : Externally referenced 
[2016.04.20-11.00.17:890][  0]MapCheck:Warning: Warning Model_14 Model /Game/NewMap.NewMap:PersistentLevel.Model_14 : Externally referenced 
[2016.04.20-11.00.17:890][  0]MapCheck:Warning: Warning Polys_29 Polys /Game/NewMap.NewMap:PersistentLevel.Box画刷.Model_15.Polys_29 : Externally referenced 
[2016.04.20-11.00.17:890][  0]MapCheck: Info Map check complete: 0 Error(s), 15 Warning(s), took 148.887ms to complete.
[2016.04.20-11.00.18:001][  0]LogFileHelpers: Loading map 'NewMap' took 2.668
[2016.04.20-11.00.19:092][  0]LogCollectionManager: Loaded 0 collections in 0.014868 seconds
[2016.04.20-11.00.19:231][  0]LogFileCache: Scanning file cache for directory 'D:/Unreal Project/TwinStickShooter 4.11/Saved/Collections/' took 0.01s
[2016.04.20-11.00.19:231][  0]LogFileCache: Scanning file cache for directory 'D:/Unreal Project/TwinStickShooter 4.11/Content/Developers/wangbin4/Collections/' took 0.01s
[2016.04.20-11.00.19:231][  0]LogFileCache: Scanning file cache for directory 'D:/Unreal Project/TwinStickShooter 4.11/Content/Collections/' took 0.01s
[2016.04.20-11.00.19:231][  0]LogCollectionManager: Rebuilt the GUID cache for 0 collections in 0.000006 seconds
[2016.04.20-11.00.19:267][  0]LogContentBrowser: Native class hierarchy populated in 0.0354 seconds. Added 1981 classes and 345 folders.
[2016.04.20-11.00.19:314][  0]LogStats: UGameplayTagsManager::ConstructGameplayTagTree: Construct from data asset -  0.000 s
[2016.04.20-11.00.19:314][  0]LogStats: UGameplayTagsManager::ConstructGameplayTagTree: GameplayTagTreeChangedEvent.Broadcast -  0.000 s
[2016.04.20-11.00.19:318][  0]LogContentBrowser: Native class hierarchy updated for 'GameplayTags' in 0.0041 seconds. Added 12 classes and 0 folders.
[2016.04.20-11.00.19:361][  0]LogContentBrowser: Native class hierarchy updated for 'WidgetCarousel' in 0.0037 seconds. Added 0 classes and 0 folders.
[2016.04.20-11.00.19:560][  0]LogContentBrowser: Native class hierarchy updated for 'SuperSearch' in 0.0032 seconds. Added 1 classes and 2 folders.
[2016.04.20-11.00.20:330][  0]LogContentBrowser: Native class hierarchy updated for 'AddContentDialog' in 0.0031 seconds. Added 0 classes and 0 folders.
[2016.04.20-11.00.20:378][  0]LogContentBrowser: Native class hierarchy updated for 'SceneOutliner' in 0.0032 seconds. Added 1 classes and 2 folders.
[2016.04.20-11.00.21:067][  0]LogCrashTracker: Crashtracker disabled due to settings.
[2016.04.20-11.00.21:185][  0]LogUObjectGlobals:Warning: Failed to find object 'Class None.'
[2016.04.20-11.00.21:322][  0]LogContentBrowser: Native class hierarchy updated for 'HierarchicalLODOutliner' in 0.0042 seconds. Added 1 classes and 2 folders.
[2016.04.20-11.00.21:322][  0]LogLoad: Full Startup: 49.06 seconds (BP compile: 0.41 seconds)
[2016.04.20-11.00.21:322][  0]LogExternalProfiler: Found external profiler: VSPerf
[2016.04.20-11.00.21:322][  0]LogExternalProfiler: Using external profiler: VSPerf
[2016.04.20-11.00.21:375][  0]LogWindowsTextInputMethodSystem:Display: IME system now activated using TSF (搜狗拼音输入法).
[2016.04.20-11.00.21:388][  0]LogOcInput: OculusInput pre-init called
[2016.04.20-11.00.21:573][  0]LogContentStreaming: Texture pool size now 1000 MB
[2016.04.20-11.00.22:298][  0]LogRenderer: Reallocating scene render targets to support 1024x560 (Frame:2).
[2016.04.20-11.00.22:994][  2]LogAssetRegistry: Asset discovery search completed in 16.4438 seconds
[2016.04.20-11.00.22:997][  2]LogCollectionManager: Rebuilt the object cache for 0 collections in 0.000001 seconds (found 0 objects)
[2016.04.20-11.00.22:998][  2]LogCollectionManager: Fixed up redirectors for 0 collections in 0.003848 seconds (updated 0 objects)
[2016.04.20-11.00.31:017][256]LogContentBrowser: Native class hierarchy updated for 'BlueprintGraph' in 0.0051 seconds. Added 108 classes and 0 folders.
[2016.04.20-11.00.47:320][853]LogRenderer: Reallocating scene render targets to support 1156x840 (Frame:692).
[2016.04.20-11.01.39:454][788]LogRenderer: Reallocating scene render targets to support 1268x900 (Frame:1665).
[2016.04.20-11.01.47:898][388]LogActorComponent: UnregisterComponent: (/Engine/Transient.CharMoveComp) Not registered. Aborting.
[2016.04.20-11.01.47:898][388]LogActorComponent: UnregisterComponent: (/Engine/Transient.CharacterMovementComponent_0) Not registered. Aborting.
[2016.04.20-11.02.20:667][449]LogActorComponent: UnregisterComponent: (/Engine/Transient.CharacterMovementComponent_1) Not registered. Aborting.
[2016.04.20-11.02.20:849][449]Cmd: OBJ SAVEPACKAGE PACKAGE="/Game/Blueprints/HeroCharacter" FILE="../../../../../../Unreal Project/TwinStickShooter 4.11/Content/Blueprints/HeroCharacter.uasset" SILENT=true
[2016.04.20-11.02.20:976][449]LogSavePackage: Save=105.61ms
[2016.04.20-11.02.20:976][449]LogSavePackage: Moving '../../../../../../Unreal Project/TwinStickShooter 4.11/Saved/HeroCharacter89B811F94F00193BFF832BBC96EF5F20.tmp' to '../../../../../../Unreal Project/TwinStickShooter 4.11/Content/Blueprints/HeroCharacter.uasset'
[2016.04.20-11.02.20:987][449]LogSavePackage: Total save time: 136.33ms
[2016.04.20-11.02.20:987][449]LogSavePackage:Display: Finished SavePackage ../../../../../../Unreal Project/TwinStickShooter 4.11/Content/Blueprints/HeroCharacter.uasset
[2016.04.20-11.02.27:521][668]LogWindows:Error: Windows GetLastError: 操作成功完成。 (0)
[2016.04.20-11.02.31:217][668]LogCrashTracker: 


[2016.04.20-11.02.31:265][668]LogCrashTracker: 


[2016.04.20-11.02.31:265][668]LogWindows:Error: === Critical error: ===
Assertion failed: !bIsChangingText [File:D:\BuildFarm\buildmachine_++UE4+Release-4.11\Engine\Source\Runtime\Slate\Private\Widgets\Input\SEditableText.cpp] [Line: 504] 





[2016.04.20-11.02.31:322][668]LogExit: Executing StaticShutdownAfterError
[2016.04.20-11.02.31:912][668]LogPhysics:Warning: PHYSX: ..\..\PhysX\src\NpScene.cpp (2946) 8 : PxScene::unlockWrite() called without matching call to PxScene::lockWrite(), behaviour will be undefined.
[2016.04.20-11.02.31:912][668]LogPhysics:Warning: PHYSX: ..\..\PhysX\src\NpScene.cpp (2946) 8 : PxScene::unlockWrite() called without matching call to PxScene::lockWrite(), behaviour will be undefined.
[2016.04.20-11.02.31:912][668]LogPhysics:Warning: PHYSX: ..\..\PhysX\src\NpScene.cpp (2946) 8 : PxScene::unlockWrite() called without matching call to PxScene::lockWrite(), behaviour will be undefined.
[2016.04.20-11.02.31:913][668]LogPhysics:Warning: PHYSX: ..\..\PhysX\src\NpScene.cpp (2946) 8 : PxScene::unlockWrite() called without matching call to PxScene::lockWrite(), behaviour will be undefined.
[2016.04.20-11.02.31:913][668]LogPhysics:Warning: PHYSX: ..\..\PhysX\src\NpScene.cpp (2946) 8 : PxScene::unlockWrite() called without matching call to PxScene::lockWrite(), behaviour will be undefined.
[2016.04.20-11.02.31:913][668]LogPhysics:Warning: PHYSX: ..\..\PhysX\src\NpScene.cpp (2946) 8 : PxScene::unlockWrite() called without matching call to PxScene::lockWrite(), behaviour will be undefined.
[2016.04.20-11.02.31:947][668]LogWindows: FPlatformMisc::RequestExit(1)
[2016.04.20-11.02.31:968][668]Log file closed, 04/20/16 19:02:31
